-3 -3
509 5
508 5
508 6
507 6
507 7
506 7
506 8
506 9
506 10
505 10
505 11
505 12
505 13
505 14
504 14
503 14
502 14
502 15
501 15
501 16
501 17
500 17
500 18
499 18
499 19
499 20
498 20
498 21
498 22
498 23
498 24
498 25
498 26
499 26
500 26
500 27
500 28
499 28
499 29
498 29
498 30
497 30
497 29
496 29
496 28
496 27
496 26
496 25
495 25
495 24
494 24
493 24
492 24
492 25
491 25
490 25
490 26
489 26
488 26
488 25
487 25
486 25
485 25
485 24
484 24
483 24
483 23
482 23
481 23
480 23
479 23
478 23
477 23
476 23
475 23
474 23
473 23
472 23
472 24
471 24
470 24
469 24
468 24
467 24
467 25
466 25
465 25
465 26
464 26
463 26
462 26
462 25
462 24
463 24
463 23
463 22
462 22
461 22
461 23
460 23
460 24
460 25
459 25
459 26
458 26
458 27
457 27
456 27
456 28
455 28
455 29
454 29
453 29
453 30
452 30
451 30
450 30
449 30
448 30
448 31
447 31
446 31
446 32
445 32
444 32
443 32
442 32
442 33
442 34
441 34
441 35
440 35
440 36
439 36
438 36
438 37
438 38
437 38
436 38
436 39
435 39
435 40
434 40
433 40
433 41
432 41
431 41
431 42
430 42
429 42
428 42
427 42
426 42
425 42
424 42
424 43
423 43
423 44
422 44
421 44
421 43
420 43
420 42
419 42
418 42
417 42
417 43
417 44
416 44
415 44
414 44
413 44
412 44
412 43
412 42
412 41
411 41
410 41
410 40
409 40
408 40
408 39
407 39
406 39
406 38
405 38
404 38
404 37
403 37
402 37
401 37
400 37
400 36
399 36
398 36
398 35
398 34
397 34
397 33
396 33
395 33
394 33
393 33
392 33
392 32
391 32
390 32
390 33
389 33
388 33
387 33
386 33
386 34
386 35
385 35
384 35
383 35
382 35
381 35
381 36
380 36
379 36
378 36
378 37
377 37
377 38
376 38
376 39
375 39
375 40
374 40
374 41
374 42
373 42
372 42
372 41
371 41
371 40
370 40
369 40
368 40
368 41
367 41
366 41
365 41
365 42
364 42
363 42
362 42
361 42
360 42
359 42
358 42
357 42
357 41
356 41
355 41
354 41
353 41
352 41
352 40
351 40
350 40
349 40
348 40
347 40
347 41
346 41
345 41
344 41
343 41
342 41
342 42
341 42
340 42
339 42
338 42
337 42
337 43
336 43
336 44
336 45
336 46
335 46
334 46
333 46
332 46
332 47
331 47
331 48
330 48
330 49
329 49
328 49
327 49
327 48
326 48
326 47
325 47
324 47
323 47
323 48
323 49
323 50
322 50
322 51
321 51
321 52
320 52
319 52
318 52
317 52
316 52
315 52
314 52
314 53
313 53
313 54
312 54
312 55
311 55
311 56
310 56
309 56
308 56
308 57
307 57
306 57
305 57
305 58
304 58
303 58
303 57
302 57
301 57
300 57
299 57
298 57
297 57
296 57
296 56
295 56
295 55
294 55
294 54
293 54
293 53
292 53
291 53
290 53
289 53
288 53
288 54
288 55
288 56
287 56
286 56
285 56
285 57
284 57
283 57
282 57
281 57
280 57
279 57
279 56
279 55
278 55
278 54
277 54
276 54
275 54
274 54
274 53
273 53
272 53
272 52
272 51
271 51
270 51
270 52
269 52
268 52
268 53
267 53
266 53
265 53
265 54
264 54
263 54
262 54
261 54
260 54
259 54
259 55
259 56
260 56
261 56
262 56
262 57
262 58
262 59
262 60
261 60
260 60
259 60
258 60
258 61
257 61
256 61
256 62
255 62
254 62
253 62
252 62
252 63
251 63
250 63
250 64
249 64
249 65
249 66
249 67
249 68
250 68
250 69
250 70
251 70
251 71
251 72
252 72
252 73
253 73
254 73
254 74
254 75
253 75
253 76
252 76
252 77
251 77
250 77
250 78
249 78
248 78
247 78
247 79
246 79
245 79
244 79
243 79
242 79
241 79
241 80
240 80
239 80
239 81
238 81
237 81
236 81
235 81
234 81
233 81
233 80
232 80
231 80
230 80
229 80
228 80
227 80
226 80
225 80
224 80
223 80
222 80
222 79
222 78
221 78
221 77
221 76
220 76
220 75
219 75
219 74
218 74
217 74
217 75
217 76
216 76
216 77
215 77
215 78
214 78
213 78
213 77
212 77
211 77
210 77
210 78
210 79
210 80
210 81
210 82
210 83
210 84
210 85
211 85
211 86
211 87
211 88
210 88
210 89
209 89
209 90
209 91
208 91
208 92
207 92
207 93
206 93
205 93
205 94
204 94
204 95
203 95
202 95
202 94
201 94
201 93
200 93
199 93
199 92
199 91
199 90
199 89
198 89
198 88
197 88
196 88
196 87
196 86
195 86
195 85
194 85
194 84
194 83
194 82
194 81
194 80
193 80
192 80
191 80
190 80
189 80
188 80
187 80
186 80
186 81
186 82
186 83
186 84
185 84
185 85
185 86
185 87
186 87
187 87
188 87
189 87
189 88
190 88
191 88
191 89
192 89
192 90
193 90
193 91
194 91
194 92
195 92
195 93
195 94
194 94
194 95
194 96
194 97
194 98
193 98
192 98
191 98
191 99
190 99
189 99
188 99
188 100
187 100
186 100
186 101
185 101
185 102
185 103
184 103
183 103
183 104
182 104
181 104
180 104
180 105
179 105
179 106
178 106
177 106
177 107
177 108
178 108
178 109
179 109
180 109
180 110
180 111
179 111
178 111
177 111
177 110
176 110
176 109
175 109
175 108
174 108
174 107
173 107
173 106
172 106
172 105
171 105
171 104
170 104
170 103
169 103
169 102
169 101
168 101
168 100
167 100
167 99
166 99
166 98
166 97
165 97
165 96
164 96
164 95
163 95
163 94
163 93
162 93
162 92
161 92
161 91
160 91
160 90
159 90
158 90
158 89
157 89
157 88
156 88
155 88
155 87
154 87
154 86
153 86
152 86
152 85
151 85
150 85
150 84
149 84
148 84
147 84
146 84
146 83
145 83
144 83
144 84
143 84
142 84
141 84
141 85
140 85
139 85
139 84
139 83
138 83
137 83
136 83
135 83
134 83
133 83
133 84
132 84
131 84
130 84
130 85
129 85
129 86
128 86
128 87
128 88
128 89
127 89
126 89
125 89
125 88
124 88
123 88
122 88
122 87
121 87
120 87
119 87
119 86
118 86
118 85
117 85
117 84
116 84
116 83
115 83
114 83
114 82
113 82
113 81
112 81
112 80
111 80
111 79
110 79
110 78
109 78
108 78
108 77
107 77
107 76
106 76
106 75
106 74
105 74
104 74
104 73
103 73
103 72
102 72
102 71
101 71
100 71
100 70
99 70
99 69
98 69
97 69
97 68
96 68
95 68
95 67
94 67
93 67
93 66
93 65
92 65
92 64
91 64
90 64
89 64
88 64
88 63
87 63
86 63
86 62
85 62
84 62
84 61
83 61
82 61
81 61
80 61
79 61
78 61
78 62
77 62
76 62
76 63
75 63
75 64
74 64
74 65
74 66
73 66
72 66
72 65
71 65
71 64
70 64
69 64
68 64
67 64
66 64
66 63
65 63
64 63
64 62
63 62
63 61
62 61
62 60
61 60
61 59
60 59
60 58
59 58
59 57
59 56
60 56
60 55
60 54
59 54
59 53
59 52
59 51
58 51
58 50
58 49
57 49
57 48
56 48
56 47
55 47
54 47
54 46
53 46
52 46
51 46
51 47
50 47
49 47
49 46
48 46
48 45
47 45
47 44
46 44
46 43
46 42
45 42
45 41
45 40
44 40
44 39
44 38
43 38
43 37
43 36
44 36
44 35
44 34
44 33
44 32
43 32
42 32
42 31
42 30
43 30
43 29
43 28
42 28
42 27
42 26
41 26
41 25
41 24
40 24
40 23
40 22
39 22
39 21
38 21
38 20
38 19
37 19
37 18
36 18
36 17
36 16
35 16
35 15
34 15
34 14
33 14
33 13
32 13
32 12
31 12
30 12
30 11
30 10
29 10
29 9
28 9
28 8
27 8
27 7
26 7
25 7
25 6
24 6
24 5
23 5
22 5
22 4
21 4
21 3
20 3
20 2
19 2
18 2
17 2
16 2
15 2
14 2
13 2
12 2
11 2
10 2
9 2
8 2
7 2
6 2
5 2
5 3
4 3
4 4
3 4
3 5
2 5
2 6
2 7
1 7
-10 -10
