-1 -1
64 374
65 374
65 373
66 373
67 373
68 373
68 372
69 372
70 372
70 371
71 371
72 371
73 371
74 371
75 371
75 372
74 372
73 372
73 373
72 373
72 374
71 374
70 374
70 375
69 375
68 375
67 375
66 375
65 375
64 375
64 374
-1 -1
81 311
82 311
83 311
84 311
85 311
86 311
87 311
87 312
86 312
86 313
85 313
85 314
84 314
83 314
82 314
81 314
81 313
81 312
81 311
-1 -1
107 281
108 281
109 281
110 281
110 282
111 282
112 282
112 283
112 284
112 285
111 285
110 285
110 286
109 286
109 285
108 285
108 284
107 284
107 283
107 282
107 281
-1 -1
111 293
112 293
113 293
114 293
114 294
115 294
116 294
116 295
116 296
116 297
116 298
116 299
115 299
115 300
114 300
113 300
113 301
112 301
111 301
111 300
111 299
111 298
111 297
111 296
111 295
111 294
111 293
-1 -1
112 279
113 279
114 279
114 278
115 278
116 278
117 278
118 278
119 278
120 278
121 278
121 277
121 276
120 276
119 276
118 276
118 275
118 274
118 273
118 272
118 271
118 270
119 270
119 269
120 269
121 269
121 268
121 267
120 267
119 267
119 266
118 266
118 265
118 264
118 263
119 263
119 262
120 262
120 261
121 261
121 260
122 260
122 259
122 258
123 258
124 258
124 257
125 257
126 257
126 258
127 258
128 258
128 257
129 257
129 256
130 256
130 255
130 254
131 254
132 254
132 253
133 253
133 252
134 252
135 252
136 252
136 253
136 254
137 254
138 254
138 255
139 255
140 255
140 254
141 254
142 254
143 254
143 253
144 253
145 253
145 254
145 255
146 255
147 255
147 254
148 254
149 254
149 255
149 256
149 257
150 257
151 257
152 257
153 257
154 257
155 257
156 257
157 257
158 257
158 256
158 255
159 255
160 255
161 255
161 256
162 256
162 257
161 257
161 258
160 258
160 259
160 260
161 260
162 260
163 260
163 261
164 261
165 261
165 260
165 259
166 259
166 258
166 257
166 256
166 255
167 255
168 255
169 255
170 255
171 255
171 256
172 256
173 256
173 257
173 258
174 258
175 258
176 258
177 258
177 259
177 260
177 261
177 262
177 263
177 264
178 264
179 264
179 263
180 263
180 262
180 261
180 260
181 260
181 259
182 259
183 259
184 259
185 259
185 260
186 260
186 261
187 261
188 261
188 260
188 259
188 258
188 257
189 257
190 257
191 257
192 257
193 257
194 257
195 257
196 257
197 257
197 258
198 258
198 259
199 259
200 259
201 259
202 259
203 259
203 260
204 260
205 260
206 260
207 260
207 261
208 261
208 262
209 262
209 263
210 263
211 263
211 264
212 264
212 265
213 265
213 266
214 266
215 266
216 266
217 266
218 266
219 266
219 265
218 265
218 264
217 264
216 264
216 263
215 263
215 262
214 262
214 261
213 261
213 260
213 259
213 258
212 258
212 257
212 256
212 255
213 255
214 255
215 255
216 255
216 254
217 254
218 254
218 253
218 252
219 252
220 252
221 252
221 251
221 250
221 249
222 249
223 249
223 250
223 251
224 251
225 251
225 250
226 250
226 249
227 249
227 248
228 248
229 248
229 249
229 250
229 251
230 251
230 252
231 252
232 252
233 252
233 251
233 250
234 250
235 250
235 249
235 248
235 247
235 246
235 245
235 244
236 244
236 243
236 242
237 242
237 241
238 241
239 241
239 240
240 240
241 240
241 239
242 239
242 238
243 238
243 237
244 237
245 237
245 238
246 238
246 239
246 240
246 241
247 241
247 242
247 243
247 244
248 244
248 245
248 246
248 247
248 248
249 248
249 249
249 250
249 251
248 251
248 252
248 253
247 253
247 254
246 254
245 254
245 255
244 255
244 256
244 257
243 257
243 258
242 258
242 259
241 259
240 259
240 260
239 260
239 261
239 262
240 262
241 262
241 263
241 264
240 264
239 264
239 265
239 266
239 267
240 267
240 268
240 269
241 269
242 269
243 269
244 269
245 269
246 269
246 268
247 268
247 267
248 267
249 267
250 267
251 267
252 267
253 267
254 267
255 267
255 268
256 268
256 269
257 269
258 269
258 270
259 270
259 271
260 271
261 271
261 270
261 269
261 268
261 267
261 266
261 265
261 264
261 263
260 263
259 263
259 262
259 261
260 261
261 261
261 260
262 260
262 259
263 259
264 259
265 259
265 260
266 260
267 260
268 260
268 259
269 259
269 258
269 257
269 256
269 255
270 255
271 255
271 254
272 254
273 254
273 253
274 253
275 253
276 253
277 253
278 253
279 253
279 254
280 254
281 254
282 254
282 255
283 255
284 255
284 254
285 254
286 254
287 254
288 254
288 253
288 252
288 251
289 251
290 251
290 252
291 252
292 252
292 253
293 253
294 253
295 253
295 254
296 254
296 255
296 256
297 256
298 256
299 256
299 255
300 255
301 255
302 255
302 254
303 254
304 254
305 254
305 255
306 255
306 256
306 257
306 258
306 259
305 259
305 260
305 261
305 262
305 263
306 263
307 263
307 262
307 261
308 261
308 260
308 259
308 258
308 257
309 257
309 256
310 256
311 256
311 255
312 255
312 254
313 254
314 254
315 254
316 254
317 254
318 254
318 253
319 253
320 253
321 253
322 253
323 253
324 253
325 253
326 253
327 253
328 253
329 253
330 253
330 252
331 252
332 252
333 252
334 252
335 252
336 252
337 252
338 252
338 251
339 251
340 251
340 252
341 252
341 253
342 253
343 253
343 252
344 252
345 252
346 252
347 252
348 252
349 252
350 252
351 252
352 252
352 253
353 253
353 254
354 254
354 255
354 256
355 256
356 256
357 256
357 255
357 254
358 254
359 254
359 255
360 255
360 256
359 256
359 257
358 257
358 258
357 258
356 258
356 259
355 259
355 260
354 260
354 261
354 262
353 262
353 263
352 263
351 263
351 262
351 261
350 261
349 261
349 262
349 263
348 263
348 264
348 265
347 265
347 266
346 266
345 266
344 266
344 267
343 267
343 268
342 268
342 269
341 269
340 269
339 269
339 270
338 270
337 270
337 271
336 271
335 271
335 272
334 272
333 272
333 273
332 273
332 274
331 274
330 274
329 274
328 274
328 275
327 275
326 275
325 275
325 276
325 277
325 278
324 278
324 279
323 279
322 279
322 280
321 280
320 280
320 281
319 281
319 282
318 282
317 282
317 283
316 283
316 284
315 284
314 284
314 285
313 285
312 285
311 285
311 286
310 286
310 287
309 287
308 287
307 287
307 288
306 288
305 288
304 288
303 288
302 288
301 288
301 289
300 289
299 289
299 290
298 290
297 290
296 290
295 290
294 290
294 291
293 291
292 291
291 291
291 292
290 292
290 293
289 293
288 293
287 293
286 293
285 293
285 294
284 294
283 294
282 294
282 295
281 295
280 295
279 295
279 296
278 296
277 296
277 297
276 297
275 297
274 297
274 298
273 298
272 298
271 298
270 298
270 299
269 299
268 299
267 299
267 300
266 300
265 300
264 300
263 300
262 300
261 300
261 301
260 301
260 302
259 302
258 302
257 302
256 302
255 302
254 302
253 302
253 303
252 303
252 304
251 304
250 304
249 304
249 305
248 305
247 305
247 304
247 303
247 302
246 302
246 301
245 301
244 301
243 301
243 302
242 302
241 302
240 302
240 303
240 304
240 305
240 306
241 306
242 306
242 307
243 307
244 307
245 307
246 307
246 308
246 309
245 309
245 310
244 310
243 310
243 311
242 311
241 311
240 311
240 312
239 312
238 312
237 312
236 312
236 313
235 313
234 313
233 313
233 312
232 312
232 311
231 311
231 310
230 310
230 309
230 308
229 308
229 307
229 306
229 305
229 304
229 303
229 302
228 302
227 302
226 302
226 301
225 301
224 301
224 300
223 300
223 299
222 299
221 299
220 299
219 299
218 299
217 299
217 298
216 298
215 298
215 297
215 296
215 295
215 294
214 294
213 294
212 294
212 295
211 295
210 295
209 295
208 295
207 295
207 294
206 294
205 294
205 293
204 293
204 292
203 292
203 291
202 291
202 290
202 289
203 289
203 288
203 287
203 286
203 285
204 285
204 284
204 283
204 282
204 281
203 281
202 281
201 281
201 282
201 283
200 283
199 283
199 282
198 282
197 282
197 283
197 284
197 285
196 285
195 285
194 285
193 285
193 284
192 284
191 284
191 283
190 283
189 283
189 284
189 285
189 286
189 287
189 288
188 288
188 289
188 290
189 290
190 290
191 290
191 291
192 291
193 291
193 292
194 292
195 292
195 293
196 293
197 293
197 294
198 294
199 294
200 294
200 295
201 295
201 296
202 296
203 296
204 296
204 297
205 297
206 297
206 298
207 298
208 298
208 299
209 299
210 299
210 300
211 300
212 300
213 300
213 301
214 301
215 301
216 301
216 302
217 302
218 302
218 303
219 303
220 303
221 303
222 303
222 304
223 304
223 305
224 305
224 306
225 306
225 307
225 308
226 308
226 309
226 310
227 310
227 311
227 312
228 312
228 313
228 314
228 315
227 315
227 316
227 317
227 318
226 318
225 318
225 319
224 319
223 319
222 319
221 319
221 320
220 320
219 320
219 321
218 321
218 322
217 322
216 322
215 322
215 323
214 323
213 323
212 323
211 323
210 323
209 323
208 323
208 324
207 324
206 324
205 324
205 325
204 325
203 325
203 326
202 326
201 326
201 327
200 327
199 327
198 327
197 327
197 326
196 326
196 325
196 324
196 323
196 322
195 322
195 321
195 320
194 320
194 319
193 319
193 318
193 317
194 317
194 316
194 315
193 315
193 314
193 313
193 312
193 311
193 310
192 310
191 310
191 309
190 309
190 308
189 308
189 307
188 307
187 307
186 307
186 306
185 306
184 306
183 306
182 306
181 306
180 306
179 306
179 305
178 305
177 305
176 305
176 304
175 304
175 303
174 303
174 302
173 302
172 302
171 302
170 302
169 302
169 301
168 301
167 301
166 301
165 301
165 302
165 303
166 303
167 303
168 303
168 304
169 304
170 304
170 305
171 305
172 305
172 306
173 306
173 307
174 307
174 308
175 308
176 308
177 308
178 308
178 309
179 309
180 309
181 309
181 310
182 310
183 310
183 311
184 311
185 311
185 312
186 312
187 312
187 313
188 313
188 314
189 314
189 315
189 316
190 316
190 317
190 318
191 318
191 319
191 320
191 321
192 321
192 322
193 322
193 323
193 324
193 325
193 326
193 327
193 328
193 329
192 329
191 329
191 328
190 328
189 328
188 328
187 328
187 327
186 327
185 327
184 327
183 327
183 326
182 326
181 326
181 325
181 324
180 324
179 324
179 323
178 323
177 323
176 323
175 323
174 323
174 324
174 325
175 325
176 325
176 326
177 326
177 327
178 327
179 327
179 328
180 328
181 328
181 329
182 329
182 330
183 330
184 330
185 330
186 330
187 330
187 331
188 331
189 331
189 332
188 332
187 332
186 332
186 331
185 331
184 331
183 331
183 332
183 333
183 334
182 334
182 335
182 336
182 337
181 337
181 338
180 338
179 338
178 338
178 339
177 339
177 340
176 340
175 340
175 341
174 341
173 341
172 341
171 341
170 341
169 341
168 341
168 340
167 340
167 339
166 339
166 338
165 338
165 337
164 337
163 337
162 337
161 337
161 336
160 336
160 335
160 334
159 334
159 333
159 332
158 332
158 331
157 331
157 330
156 330
156 329
155 329
155 328
155 327
154 327
153 327
152 327
151 327
151 326
150 326
150 325
149 325
148 325
147 325
147 324
146 324
146 323
146 322
146 321
146 320
147 320
147 319
148 319
149 319
150 319
150 318
150 317
150 316
150 315
151 315
151 314
151 313
151 312
152 312
152 311
152 310
153 310
153 309
154 309
154 308
155 308
155 307
155 306
156 306
156 305
156 304
155 304
154 304
154 305
153 305
153 306
152 306
151 306
150 306
150 307
150 308
150 309
149 309
148 309
148 310
148 311
147 311
147 312
147 313
147 314
147 315
146 315
146 316
146 317
145 317
144 317
144 318
143 318
143 319
143 320
142 320
142 321
141 321
140 321
140 320
139 320
138 320
138 319
137 319
136 319
135 319
135 318
135 317
134 317
133 317
132 317
131 317
131 316
131 315
131 314
130 314
130 313
129 313
128 313
127 313
126 313
125 313
124 313
123 313
122 313
122 312
121 312
121 311
121 310
121 309
122 309
122 308
122 307
123 307
123 306
123 305
122 305
122 304
122 303
123 303
123 302
123 301
124 301
124 300
124 299
124 298
125 298
125 297
125 296
125 295
124 295
123 295
122 295
122 294
121 294
120 294
120 293
119 293
119 292
118 292
118 291
117 291
117 290
117 289
118 289
119 289
119 288
119 287
119 286
120 286
120 285
121 285
122 285
123 285
123 284
123 283
122 283
121 283
120 283
119 283
118 283
117 283
116 283
115 283
115 284
114 284
114 283
114 282
114 281
113 281
112 281
112 280
112 279
-1 -1
115 319
116 319
117 319
118 319
118 320
119 320
120 320
121 320
121 321
122 321
122 322
123 322
123 323
123 324
124 324
124 325
125 325
125 326
125 327
125 328
124 328
123 328
122 328
122 327
121 327
120 327
119 327
119 326
118 326
117 326
117 325
116 325
116 324
116 323
116 322
116 321
115 321
115 320
115 319
-1 -1
121 363
122 363
123 363
124 363
125 363
126 363
127 363
127 364
128 364
128 365
129 365
129 366
130 366
131 366
132 366
133 366
133 365
134 365
135 365
136 365
137 365
138 365
139 365
140 365
141 365
141 366
142 366
142 367
141 367
140 367
139 367
138 367
137 367
137 368
136 368
135 368
134 368
133 368
132 368
131 368
130 368
129 368
128 368
127 368
127 367
127 366
127 365
126 365
125 365
124 365
124 364
123 364
122 364
121 364
121 363
-1 -1
134 360
135 360
136 360
136 359
137 359
137 358
138 358
139 358
139 357
140 357
141 357
142 357
142 356
143 356
144 356
144 355
145 355
146 355
147 355
147 354
148 354
149 354
150 354
151 354
152 354
152 353
153 353
154 353
155 353
156 353
156 352
157 352
158 352
158 353
159 353
160 353
161 353
162 353
163 353
164 353
165 353
166 353
167 353
168 353
169 353
170 353
170 352
171 352
171 351
172 351
172 350
172 349
173 349
174 349
175 349
175 348
176 348
177 348
178 348
179 348
180 348
181 348
181 347
182 347
183 347
184 347
184 346
185 346
186 346
187 346
187 345
188 345
189 345
189 344
190 344
191 344
192 344
193 344
194 344
194 343
195 343
196 343
197 343
197 342
198 342
199 342
199 341
200 341
200 340
201 340
202 340
202 339
203 339
203 338
204 338
204 337
205 337
205 336
206 336
207 336
207 335
208 335
209 335
210 335
211 335
212 335
212 334
213 334
214 334
215 334
216 334
216 333
217 333
218 333
219 333
219 332
220 332
221 332
221 333
222 333
223 333
224 333
225 333
226 333
227 333
228 333
228 332
229 332
230 332
231 332
232 332
233 332
233 333
233 334
234 334
235 334
235 333
235 332
235 331
236 331
237 331
238 331
239 331
240 331
241 331
242 331
243 331
244 331
245 331
246 331
247 331
248 331
248 330
248 329
247 329
246 329
245 329
244 329
243 329
243 328
243 327
243 326
244 326
245 326
245 325
246 325
246 324
247 324
248 324
248 323
249 323
250 323
250 324
250 325
251 325
251 326
252 326
253 326
253 325
253 324
253 323
252 323
252 322
252 321
253 321
253 320
254 320
254 319
254 318
254 317
255 317
256 317
257 317
258 317
258 316
258 315
257 315
256 315
256 314
257 314
257 313
258 313
258 312
259 312
260 312
261 312
261 311
262 311
263 311
264 311
264 312
265 312
266 312
266 311
266 310
266 309
267 309
268 309
268 308
269 308
269 307
270 307
271 307
272 307
272 306
273 306
274 306
275 306
276 306
276 305
277 305
277 304
278 304
279 304
279 305
279 306
280 306
280 307
280 308
280 309
281 309
281 310
281 311
281 312
280 312
280 313
280 314
280 315
280 316
280 317
280 318
279 318
279 319
279 320
279 321
278 321
277 321
276 321
275 321
275 322
275 323
276 323
277 323
277 324
277 325
277 326
277 327
277 328
276 328
276 329
275 329
274 329
274 330
274 331
274 332
275 332
275 333
275 334
275 335
275 336
275 337
274 337
274 338
274 339
273 339
272 339
272 340
271 340
270 340
270 341
270 342
271 342
271 343
271 344
270 344
270 345
269 345
268 345
267 345
266 345
265 345
264 345
263 345
262 345
261 345
260 345
260 346
260 347
261 347
262 347
263 347
264 347
264 348
263 348
263 349
263 350
264 350
265 350
266 350
266 351
266 352
267 352
268 352
269 352
269 353
270 353
270 354
269 354
269 355
268 355
268 356
268 357
268 358
268 359
268 360
268 361
267 361
267 362
266 362
265 362
265 363
264 363
263 363
262 363
261 363
260 363
259 363
259 364
258 364
258 363
258 362
257 362
257 361
256 361
255 361
255 360
254 360
253 360
253 359
252 359
252 358
251 358
251 357
250 357
250 358
249 358
249 359
249 360
250 360
250 361
251 361
251 362
252 362
253 362
253 363
253 364
254 364
255 364
255 365
255 366
256 366
256 367
257 367
258 367
258 368
257 368
256 368
255 368
254 368
253 368
252 368
251 368
250 368
249 368
248 368
247 368
246 368
245 368
244 368
244 369
243 369
243 370
242 370
242 371
241 371
240 371
239 371
238 371
237 371
237 370
236 370
235 370
234 370
234 369
233 369
233 368
233 367
232 367
231 367
231 368
231 369
230 369
229 369
228 369
227 369
227 368
226 368
225 368
224 368
223 368
222 368
221 368
220 368
219 368
219 369
219 370
220 370
220 371
220 372
219 372
218 372
217 372
216 372
215 372
214 372
213 372
212 372
211 372
210 372
209 372
208 372
207 372
206 372
205 372
204 372
204 373
204 374
205 374
205 375
204 375
203 375
202 375
201 375
200 375
200 374
200 373
199 373
198 373
197 373
197 374
197 375
196 375
195 375
194 375
193 375
192 375
192 376
192 377
193 377
194 377
195 377
196 377
197 377
198 377
199 377
200 377
201 377
202 377
203 377
204 377
205 377
206 377
206 376
207 376
208 376
209 376
209 375
210 375
211 375
212 375
213 375
214 375
214 376
215 376
216 376
217 376
218 376
219 376
220 376
221 376
222 376
222 375
223 375
224 375
225 375
226 375
226 374
227 374
227 373
228 373
229 373
229 374
230 374
231 374
232 374
233 374
234 374
235 374
236 374
236 375
237 375
238 375
239 375
240 375
241 375
242 375
243 375
244 375
245 375
245 374
246 374
247 374
247 375
248 375
248 376
248 377
247 377
246 377
245 377
245 378
244 378
243 378
243 379
242 379
241 379
241 378
240 378
239 378
238 378
237 378
236 378
235 378
234 378
233 378
232 378
232 379
231 379
231 380
231 381
230 381
229 381
228 381
227 381
226 381
225 381
225 382
224 382
224 383
223 383
222 383
221 383
220 383
219 383
218 383
217 383
216 383
215 383
214 383
213 383
212 383
211 383
211 384
210 384
209 384
208 384
207 384
207 383
206 383
205 383
204 383
203 383
202 383
201 383
200 383
199 383
199 384
198 384
197 384
196 384
195 384
194 384
193 384
192 384
191 384
190 384
190 383
189 383
188 383
187 383
187 384
186 384
185 384
184 384
184 385
184 386
184 387
183 387
182 387
181 387
180 387
179 387
179 386
179 385
179 384
178 384
178 383
178 382
178 381
177 381
177 380
177 379
177 378
176 378
176 377
175 377
174 377
174 376
173 376
172 376
172 375
171 375
171 374
171 373
170 373
170 372
169 372
169 371
168 371
168 370
167 370
166 370
166 369
167 369
167 368
167 367
167 366
167 365
167 364
167 363
166 363
166 362
165 362
164 362
163 362
162 362
161 362
161 363
160 363
160 364
159 364
158 364
158 363
157 363
156 363
156 364
155 364
154 364
153 364
152 364
152 363
151 363
150 363
149 363
148 363
148 364
147 364
146 364
145 364
144 364
144 363
143 363
142 363
141 363
140 363
139 363
139 362
138 362
137 362
136 362
135 362
134 362
134 361
134 360
-1 -1
291 337
292 337
292 336
293 336
294 336
295 336
295 335
295 334
296 334
296 335
297 335
298 335
298 336
299 336
300 336
300 337
301 337
302 337
303 337
304 337
305 337
305 338
306 338
307 338
308 338
309 338
310 338
310 339
311 339
312 339
313 339
314 339
315 339
315 338
315 337
314 337
313 337
312 337
312 336
311 336
311 335
312 335
313 335
314 335
315 335
316 335
317 335
318 335
318 336
319 336
320 336
321 336
321 337
322 337
323 337
324 337
324 338
324 339
324 340
324 341
324 342
325 342
326 342
327 342
327 341
327 340
328 340
329 340
329 339
329 338
328 338
327 338
327 337
326 337
326 336
325 336
325 335
325 334
324 334
323 334
322 334
322 333
321 333
320 333
320 332
320 331
321 331
322 331
322 330
323 330
324 330
325 330
326 330
327 330
327 329
328 329
328 328
329 328
329 327
329 326
328 326
328 325
327 325
326 325
326 326
325 326
325 327
324 327
323 327
323 328
322 328
321 328
320 328
319 328
318 328
317 328
316 328
315 328
315 327
314 327
313 327
313 328
312 328
311 328
310 328
309 328
309 327
308 327
308 326
307 326
306 326
306 325
305 325
305 324
304 324
303 324
303 323
302 323
302 322
301 322
301 321
300 321
299 321
299 320
298 320
298 319
297 319
297 318
297 317
298 317
299 317
299 318
300 318
300 319
301 319
302 319
303 319
303 320
304 320
305 320
305 321
306 321
307 321
308 321
308 320
308 319
308 318
307 318
306 318
305 318
305 317
304 317
303 317
303 316
302 316
301 316
300 316
300 315
299 315
299 314
299 313
299 312
299 311
300 311
300 310
301 310
301 309
301 308
301 307
301 306
301 305
302 305
302 304
303 304
304 304
305 304
305 303
306 303
307 303
308 303
308 302
309 302
310 302
311 302
311 301
312 301
312 300
313 300
314 300
314 299
315 299
316 299
317 299
318 299
319 299
320 299
321 299
322 299
322 300
323 300
324 300
324 301
325 301
326 301
327 301
328 301
329 301
330 301
331 301
331 300
331 299
331 298
331 297
331 296
331 295
332 295
333 295
334 295
334 296
334 297
334 298
334 299
335 299
336 299
337 299
337 300
338 300
339 300
340 300
341 300
342 300
343 300
344 300
345 300
345 301
345 302
345 303
346 303
347 303
348 303
349 303
350 303
351 303
352 303
353 303
354 303
354 302
355 302
356 302
356 301
356 300
355 300
355 299
354 299
353 299
353 298
353 297
353 296
352 296
351 296
350 296
350 297
349 297
348 297
347 297
347 296
347 295
348 295
349 295
349 294
349 293
348 293
347 293
347 292
348 292
348 291
349 291
350 291
351 291
351 290
352 290
353 290
353 289
353 288
353 287
353 286
353 285
354 285
355 285
356 285
356 284
357 284
357 283
358 283
358 282
359 282
360 282
360 283
360 284
361 284
362 284
362 283
362 282
362 281
363 281
364 281
365 281
365 280
366 280
367 280
368 280
369 280
369 279
370 279
371 279
371 278
372 278
372 277
373 277
373 278
373 279
374 279
375 279
375 278
375 277
375 276
375 275
376 275
377 275
378 275
378 276
379 276
380 276
380 275
381 275
381 274
382 274
383 274
384 274
384 275
385 275
385 276
386 276
387 276
387 275
388 275
389 275
390 275
391 275
392 275
392 276
392 277
391 277
391 278
390 278
389 278
389 279
388 279
387 279
386 279
386 280
385 280
385 281
385 282
385 283
384 283
383 283
382 283
381 283
381 284
380 284
379 284
378 284
377 284
377 285
377 286
377 287
376 287
375 287
375 288
374 288
373 288
373 289
372 289
371 289
371 290
371 291
372 291
373 291
374 291
375 291
376 291
377 291
377 290
378 290
379 290
380 290
380 289
381 289
382 289
382 288
382 287
383 287
384 287
384 286
385 286
386 286
387 286
387 287
388 287
389 287
389 288
389 289
389 290
388 290
388 291
387 291
387 292
386 292
385 292
385 293
385 294
384 294
383 294
383 295
382 295
381 295
380 295
380 296
379 296
378 296
378 297
378 298
379 298
379 299
379 300
378 300
378 301
377 301
376 301
376 302
375 302
374 302
373 302
372 302
371 302
371 301
371 300
370 300
369 300
368 300
367 300
366 300
366 301
365 301
365 302
365 303
366 303
367 303
368 303
369 303
369 304
370 304
371 304
372 304
373 304
373 305
373 306
372 306
371 306
371 307
370 307
370 308
370 309
369 309
368 309
367 309
366 309
365 309
364 309
364 308
363 308
363 307
362 307
361 307
361 308
361 309
361 310
361 311
360 311
359 311
358 311
358 312
358 313
359 313
359 314
359 315
358 315
357 315
357 314
356 314
355 314
355 315
354 315
353 315
352 315
352 314
351 314
351 313
350 313
349 313
349 314
349 315
349 316
349 317
348 317
348 318
347 318
347 319
346 319
346 320
346 321
345 321
345 322
344 322
344 323
344 324
345 324
346 324
347 324
348 324
349 324
349 325
349 326
349 327
349 328
350 328
350 329
350 330
351 330
352 330
352 329
353 329
353 328
354 328
355 328
355 327
356 327
357 327
358 327
358 326
359 326
360 326
360 325
361 325
362 325
363 325
364 325
364 326
365 326
365 327
366 327
366 328
366 329
366 330
367 330
367 331
368 331
368 332
368 333
367 333
367 334
367 335
368 335
368 336
368 337
368 338
368 339
367 339
366 339
366 340
366 341
366 342
367 342
368 342
369 342
369 343
370 343
370 344
370 345
370 346
371 346
371 347
371 348
372 348
373 348
374 348
374 349
375 349
376 349
376 350
376 351
376 352
376 353
376 354
375 354
375 355
374 355
374 356
373 356
373 357
372 357
371 357
370 357
370 358
370 359
371 359
371 360
371 361
371 362
372 362
373 362
374 362
374 363
375 363
375 364
375 365
375 366
376 366
376 367
377 367
378 367
378 368
379 368
379 369
379 370
379 371
380 371
380 372
381 372
381 373
382 373
382 374
382 375
383 375
383 376
383 377
383 378
383 379
382 379
382 380
382 381
382 382
382 383
381 383
381 384
381 385
381 386
382 386
382 387
382 388
382 389
381 389
381 390
381 391
381 392
381 393
380 393
379 393
378 393
378 392
377 392
376 392
375 392
374 392
373 392
372 392
371 392
371 393
370 393
370 392
369 392
369 391
368 391
367 391
367 390
366 390
365 390
364 390
364 389
363 389
362 389
361 389
360 389
359 389
358 389
357 389
356 389
356 388
355 388
354 388
353 388
352 388
352 387
351 387
351 386
350 386
350 385
349 385
349 384
348 384
347 384
346 384
345 384
344 384
343 384
343 385
342 385
341 385
340 385
339 385
338 385
338 386
337 386
336 386
335 386
334 386
333 386
332 386
331 386
331 385
330 385
329 385
328 385
327 385
326 385
326 384
325 384
324 384
324 383
323 383
323 382
322 382
322 381
321 381
321 380
321 379
320 379
320 378
320 377
319 377
319 376
319 375
318 375
318 374
317 374
317 373
317 372
316 372
316 371
316 370
316 369
315 369
315 368
314 368
314 367
313 367
313 366
312 366
311 366
311 365
310 365
310 364
309 364
309 363
309 362
308 362
307 362
307 361
306 361
306 360
305 360
304 360
304 359
304 358
303 358
303 357
302 357
302 356
301 356
301 355
300 355
300 354
299 354
299 353
298 353
298 352
297 352
297 351
296 351
296 350
295 350
295 349
294 349
294 348
293 348
293 347
292 347
292 346
292 345
292 344
292 343
292 342
292 341
291 341
291 340
291 339
291 338
291 337
-1 -1
372 322
373 322
373 321
374 321
374 320
374 319
374 318
375 318
375 317
376 317
377 317
378 317
379 317
379 316
380 316
381 316
382 316
383 316
384 316
384 315
385 315
385 314
386 314
387 314
388 314
389 314
390 314
390 315
391 315
392 315
392 316
392 317
392 318
392 319
393 319
394 319
395 319
395 318
395 317
395 316
395 315
395 314
395 313
395 312
394 312
394 311
393 311
393 310
394 310
394 309
394 308
395 308
396 308
397 308
397 309
398 309
398 310
399 310
399 311
400 311
401 311
401 310
401 309
400 309
400 308
399 308
399 307
398 307
398 306
398 305
398 304
398 303
398 302
399 302
400 302
400 301
401 301
401 300
401 299
401 298
402 298
402 297
402 296
403 296
403 295
404 295
404 294
405 294
405 293
405 292
405 291
406 291
406 290
407 290
408 290
409 290
410 290
410 291
411 291
412 291
412 292
412 293
413 293
414 293
415 293
415 294
415 295
414 295
414 296
414 297
414 298
415 298
415 299
414 299
414 300
414 301
414 302
413 302
413 303
412 303
412 304
412 305
412 306
412 307
412 308
411 308
411 309
410 309
410 310
410 311
410 312
411 312
412 312
412 311
412 310
413 310
413 309
414 309
414 308
415 308
415 307
416 307
417 307
417 308
418 308
418 309
419 309
420 309
421 309
422 309
423 309
423 310
424 310
425 310
425 311
425 312
424 312
424 313
423 313
422 313
422 314
421 314
420 314
419 314
419 315
419 316
419 317
418 317
418 318
418 319
418 320
418 321
418 322
419 322
420 322
420 321
421 321
421 320
421 319
422 319
423 319
424 319
425 319
425 318
425 317
425 316
425 315
426 315
426 314
427 314
427 313
427 312
428 312
429 312
430 312
430 311
430 310
431 310
432 310
433 310
434 310
434 309
434 308
435 308
435 307
435 306
434 306
434 305
433 305
433 304
433 303
433 302
432 302
432 301
431 301
430 301
429 301
429 300
428 300
427 300
427 299
426 299
425 299
425 298
425 297
425 296
425 295
424 295
424 294
424 293
424 292
424 291
425 291
425 290
426 290
426 289
426 288
427 288
428 288
429 288
430 288
431 288
432 288
433 288
434 288
435 288
435 289
436 289
436 290
437 290
438 290
438 291
439 291
440 291
440 292
440 293
440 294
440 295
440 296
439 296
439 297
438 297
437 297
436 297
435 297
435 298
435 299
436 299
437 299
437 300
438 300
439 300
439 301
439 302
440 302
441 302
441 301
442 301
443 301
443 300
444 300
445 300
445 299
446 299
446 298
446 297
447 297
448 297
449 297
450 297
450 296
451 296
451 295
452 295
452 296
452 297
453 297
454 297
454 298
455 298
456 298
456 299
457 299
457 300
458 300
459 300
459 301
460 301
460 302
460 303
461 303
461 304
461 305
461 306
461 307
462 307
463 307
463 306
464 306
465 306
465 305
466 305
467 305
468 305
469 305
470 305
470 304
471 304
472 304
472 303
473 303
473 302
474 302
475 302
475 303
476 303
476 304
477 304
478 304
479 304
479 303
480 303
480 304
481 304
482 304
483 304
484 304
485 304
486 304
486 305
487 305
487 306
488 306
489 306
489 305
489 304
489 303
488 303
488 302
487 302
486 302
486 301
485 301
485 300
484 300
483 300
483 299
483 298
482 298
482 297
482 296
481 296
481 295
480 295
480 294
480 293
480 292
480 291
480 290
481 290
481 289
482 289
482 288
483 288
484 288
485 288
486 288
487 288
487 287
487 286
487 285
486 285
485 285
484 285
484 286
483 286
482 286
481 286
480 286
480 285
479 285
479 284
479 283
479 282
479 281
479 280
479 279
479 278
479 277
480 277
480 276
481 276
482 276
483 276
483 275
483 274
484 274
484 273
485 273
486 273
487 273
487 272
488 272
489 272
490 272
491 272
491 273
491 274
491 275
491 276
491 277
491 278
492 278
493 278
494 278
494 279
494 280
494 281
495 281
495 282
495 283
495 284
495 285
496 285
497 285
498 285
499 285
499 284
499 283
499 282
500 282
501 282
501 281
502 281
503 281
504 281
504 280
505 280
506 280
507 280
507 279
507 278
508 278
508 277
509 277
510 277
510 278
511 278
512 278
512 277
513 277
514 277
515 277
516 277
516 278
517 278
517 277
518 277
519 277
520 277
520 276
521 276
522 276
522 275
523 275
523 274
524 274
525 274
525 275
526 275
527 275
528 275
528 276
529 276
530 276
531 276
531 277
532 277
533 277
534 277
535 277
536 277
537 277
538 277
539 277
540 277
541 277
541 278
541 279
541 280
541 281
541 282
542 282
543 282
543 281
543 280
543 279
543 278
544 278
544 277
545 277
545 278
546 278
547 278
547 279
548 279
549 279
549 280
550 280
551 280
552 280
553 280
553 279
554 279
555 279
556 279
557 279
557 278
558 278
558 279
559 279
560 279
560 280
560 281
560 282
561 282
562 282
563 282
563 283
563 284
564 284
565 284
565 285
565 286
566 286
566 287
566 288
565 288
564 288
564 287
563 287
562 287
562 288
561 288
561 289
560 289
559 289
558 289
557 289
556 289
556 290
555 290
554 290
553 290
553 291
552 291
551 291
550 291
549 291
548 291
547 291
547 292
547 293
548 293
549 293
550 293
551 293
552 293
553 293
554 293
555 293
556 293
557 293
558 293
559 293
559 294
559 295
559 296
558 296
558 297
557 297
556 297
555 297
554 297
553 297
552 297
551 297
551 298
551 299
550 299
549 299
548 299
547 299
547 300
547 301
546 301
546 302
545 302
544 302
544 301
543 301
543 300
542 300
541 300
540 300
540 299
539 299
538 299
538 298
538 297
538 296
538 295
537 295
537 294
537 293
537 292
538 292
539 292
540 292
540 291
541 291
541 290
541 289
540 289
539 289
538 289
538 288
537 288
536 288
535 288
534 288
533 288
532 288
531 288
530 288
529 288
528 288
527 288
526 288
526 289
525 289
525 290
524 290
523 290
523 289
522 289
521 289
521 288
520 288
519 288
518 288
517 288
517 289
517 290
518 290
518 291
517 291
516 291
515 291
514 291
513 291
512 291
512 292
511 292
510 292
509 292
509 291
509 290
508 290
507 290
507 291
506 291
506 292
505 292
504 292
503 292
502 292
501 292
500 292
499 292
498 292
498 293
497 293
496 293
495 293
495 294
495 295
495 296
496 296
496 297
496 298
497 298
497 299
497 300
497 301
498 301
498 302
499 302
500 302
500 301
500 300
500 299
500 298
500 297
500 296
500 295
501 295
502 295
503 295
503 296
504 296
504 297
504 298
504 299
504 300
505 300
506 300
507 300
507 299
508 299
509 299
510 299
510 300
511 300
512 300
513 300
514 300
515 300
515 299
516 299
517 299
517 298
518 298
518 299
519 299
520 299
521 299
522 299
522 298
522 297
522 296
522 295
523 295
523 294
524 294
525 294
525 295
526 295
526 296
527 296
527 297
528 297
529 297
529 298
529 299
530 299
531 299
532 299
532 300
532 301
532 302
531 302
531 303
531 304
531 305
531 306
530 306
529 306
529 307
528 307
527 307
526 307
526 308
525 308
524 308
523 308
522 308
522 309
522 310
521 310
520 310
519 310
519 311
519 312
520 312
520 313
520 314
520 315
519 315
519 316
518 316
517 316
517 317
517 318
518 318
519 318
520 318
520 317
521 317
521 316
522 316
522 315
523 315
523 314
523 313
524 313
525 313
525 312
526 312
526 311
527 311
527 310
528 310
529 310
530 310
530 311
529 311
529 312
528 312
528 313
527 313
527 314
526 314
526 315
525 315
525 316
525 317
526 317
527 317
528 317
528 316
529 316
529 315
530 315
530 314
531 314
532 314
532 313
532 312
532 311
533 311
533 310
534 310
535 310
536 310
537 310
537 309
537 308
537 307
538 307
539 307
540 307
541 307
542 307
543 307
543 308
544 308
544 309
545 309
546 309
547 309
548 309
549 309
549 310
549 311
549 312
549 313
549 314
550 314
550 315
550 316
550 317
551 317
552 317
552 316
553 316
554 316
555 316
556 316
557 316
557 317
558 317
559 317
560 317
560 316
560 315
560 314
561 314
562 314
562 313
563 313
564 313
564 314
565 314
566 314
567 314
567 313
568 313
568 312
569 312
570 312
570 311
571 311
572 311
573 311
573 312
573 313
573 314
573 315
574 315
574 316
575 316
575 317
576 317
577 317
577 318
578 318
579 318
579 319
580 319
580 320
580 321
580 322
580 323
581 323
581 324
581 325
582 325
582 326
583 326
583 327
582 327
582 328
581 328
581 329
580 329
580 330
579 330
579 331
578 331
577 331
576 331
576 332
576 333
576 334
576 335
575 335
574 335
574 336
573 336
572 336
571 336
571 337
570 337
569 337
568 337
567 337
567 336
566 336
565 336
565 335
565 334
564 334
563 334
562 334
562 335
562 336
563 336
563 337
563 338
564 338
564 339
564 340
563 340
562 340
562 341
561 341
560 341
560 342
559 342
559 343
558 343
557 343
556 343
555 343
555 344
554 344
553 344
552 344
552 345
551 345
551 346
550 346
549 346
549 345
549 344
549 343
548 343
548 342
549 342
549 341
549 340
549 339
550 339
550 338
550 337
550 336
550 335
550 334
550 333
549 333
549 332
548 332
547 332
547 333
547 334
547 335
547 336
547 337
547 338
547 339
547 340
546 340
545 340
545 341
544 341
544 342
543 342
543 343
543 344
543 345
543 346
543 347
543 348
543 349
542 349
541 349
541 348
540 348
539 348
538 348
538 349
537 349
537 350
537 351
537 352
536 352
536 353
536 354
535 354
534 354
533 354
533 355
532 355
531 355
531 356
530 356
529 356
528 356
527 356
526 356
525 356
525 355
525 354
525 353
525 352
526 352
526 351
527 351
528 351
528 350
528 349
529 349
529 348
530 348
530 347
530 346
529 346
529 345
528 345
527 345
527 344
526 344
526 343
526 342
525 342
525 341
525 340
524 340
523 340
523 341
522 341
522 342
522 343
523 343
523 344
524 344
524 345
525 345
525 346
525 347
525 348
524 348
524 349
524 350
524 351
523 351
522 351
521 351
520 351
519 351
518 351
517 351
516 351
515 351
515 352
514 352
513 352
512 352
511 352
511 351
511 350
510 350
509 350
508 350
507 350
507 349
506 349
505 349
504 349
504 348
504 347
503 347
503 346
503 345
503 344
502 344
502 343
502 342
502 341
501 341
500 341
499 341
499 342
499 343
500 343
500 344
500 345
500 346
500 347
501 347
501 348
501 349
501 350
500 350
499 350
499 349
498 349
497 349
497 348
496 348
496 347
495 347
495 346
495 345
494 345
493 345
492 345
492 346
491 346
490 346
490 345
490 344
489 344
489 343
489 342
489 341
488 341
488 340
487 340
487 339
487 338
487 337
486 337
485 337
485 338
485 339
484 339
484 340
483 340
483 341
482 341
481 341
481 340
480 340
479 340
479 341
479 342
479 343
479 344
480 344
481 344
481 345
482 345
483 345
484 345
485 345
486 345
486 346
487 346
488 346
488 347
488 348
489 348
490 348
490 349
491 349
491 350
492 350
493 350
493 351
494 351
494 352
495 352
496 352
496 353
497 353
497 354
498 354
499 354
500 354
501 354
501 355
502 355
503 355
503 356
504 356
504 357
504 358
503 358
502 358
501 358
500 358
499 358
498 358
497 358
496 358
496 357
495 357
495 356
494 356
493 356
493 355
492 355
491 355
491 354
490 354
489 354
488 354
487 354
486 354
485 354
484 354
483 354
482 354
482 355
481 355
480 355
479 355
478 355
477 355
476 355
475 355
475 354
475 353
475 352
474 352
473 352
472 352
471 352
471 353
470 353
470 354
469 354
468 354
467 354
466 354
465 354
464 354
463 354
463 355
462 355
462 356
461 356
460 356
459 356
458 356
457 356
456 356
456 355
455 355
454 355
453 355
452 355
451 355
450 355
449 355
449 354
448 354
447 354
446 354
445 354
444 354
443 354
443 353
442 353
441 353
441 352
440 352
439 352
438 352
437 352
437 351
436 351
435 351
434 351
433 351
433 350
432 350
431 350
431 349
430 349
429 349
428 349
428 348
428 347
427 347
426 347
426 346
426 345
426 344
425 344
424 344
423 344
422 344
421 344
421 343
420 343
419 343
418 343
417 343
416 343
415 343
414 343
413 343
413 342
412 342
412 341
411 341
410 341
410 342
409 342
409 343
408 343
408 344
407 344
407 345
406 345
405 345
404 345
404 346
403 346
402 346
401 346
400 346
399 346
398 346
398 345
398 344
397 344
396 344
395 344
395 345
394 345
393 345
392 345
391 345
390 345
389 345
388 345
387 345
387 344
386 344
386 343
387 343
387 342
387 341
386 341
385 341
385 340
385 339
385 338
385 337
384 337
383 337
383 336
382 336
382 335
382 334
381 334
381 333
381 332
381 331
380 331
380 330
379 330
379 329
378 329
377 329
377 328
377 327
376 327
376 326
375 326
375 325
374 325
374 324
373 324
373 323
372 323
372 322
-1 -1
382 363
383 363
383 362
383 361
383 360
383 359
383 358
384 358
384 357
385 357
385 356
386 356
386 355
387 355
387 354
387 353
388 353
388 352
389 352
389 351
390 351
391 351
392 351
392 352
393 352
394 352
394 353
395 353
395 354
396 354
397 354
397 355
398 355
399 355
400 355
401 355
402 355
402 356
403 356
404 356
405 356
406 356
406 357
407 357
407 358
407 359
407 360
407 361
407 362
407 363
407 364
407 365
408 365
408 366
408 367
408 368
408 369
408 370
408 371
407 371
407 372
406 372
405 372
404 372
404 373
403 373
402 373
401 373
400 373
400 374
399 374
399 375
399 376
398 376
398 377
398 378
397 378
397 379
396 379
395 379
394 379
393 379
392 379
391 379
391 378
390 378
390 377
389 377
388 377
388 376
387 376
387 375
387 374
387 373
387 372
387 371
387 370
386 370
386 369
385 369
385 368
384 368
384 367
383 367
383 366
382 366
382 365
382 364
382 363
-1 -1
387 381
388 381
389 381
390 381
391 381
391 382
392 382
393 382
393 383
393 384
392 384
392 385
391 385
390 385
390 384
389 384
388 384
388 383
387 383
387 382
387 381
-1 -1
393 259
394 259
394 258
395 258
396 258
397 258
398 258
399 258
400 258
400 257
400 256
401 256
402 256
403 256
403 257
404 257
404 258
405 258
405 259
405 260
404 260
404 261
404 262
404 263
403 263
403 264
403 265
403 266
402 266
402 267
402 268
402 269
402 270
402 271
402 272
401 272
400 272
400 271
399 271
399 270
399 269
399 268
399 267
399 266
399 265
399 264
398 264
397 264
397 265
396 265
395 265
395 264
395 263
395 262
394 262
394 261
393 261
393 260
393 259
-1 -1
396 386
397 386
397 385
397 384
397 383
398 383
398 382
399 382
399 381
400 381
401 381
401 380
402 380
403 380
403 381
404 381
404 382
404 383
405 383
405 384
404 384
404 385
404 386
404 387
404 388
404 389
404 390
403 390
403 391
402 391
401 391
400 391
400 390
399 390
399 389
398 389
397 389
396 389
396 388
396 387
396 386
-1 -1
402 349
403 349
404 349
405 349
406 349
406 350
407 350
407 351
407 352
407 353
406 353
405 353
404 353
403 353
403 352
402 352
402 351
402 350
402 349
-1 -1
406 281
407 281
408 281
408 280
409 280
410 280
411 280
412 280
413 280
414 280
415 280
415 281
415 282
415 283
414 283
414 284
413 284
413 285
413 286
412 286
411 286
410 286
410 287
409 287
408 287
407 287
406 287
406 286
406 285
406 284
406 283
406 282
406 281
-1 -1
406 379
407 379
407 378
407 377
408 377
408 376
409 376
409 375
410 375
410 374
411 374
411 373
412 373
412 372
413 372
413 371
413 370
412 370
412 369
412 368
411 368
411 367
411 366
411 365
412 365
412 364
413 364
413 365
414 365
414 364
415 364
415 363
416 363
416 362
416 361
417 361
418 361
419 361
419 360
420 360
421 360
422 360
422 359
423 359
424 359
425 359
426 359
427 359
428 359
429 359
430 359
431 359
431 360
431 361
430 361
430 362
430 363
430 364
430 365
431 365
432 365
432 366
432 367
432 368
433 368
434 368
434 369
435 369
436 369
436 368
437 368
438 368
439 368
440 368
440 369
441 369
442 369
442 368
443 368
443 367
444 367
444 366
445 366
446 366
447 366
447 367
448 367
448 368
449 368
450 368
450 369
451 369
452 369
452 368
452 367
452 366
453 366
453 365
454 365
455 365
456 365
457 365
458 365
458 366
458 367
458 368
457 368
456 368
456 369
455 369
454 369
454 370
454 371
454 372
454 373
454 374
454 375
455 375
455 376
455 377
454 377
454 378
454 379
455 379
456 379
456 380
456 381
456 382
456 383
455 383
455 384
454 384
453 384
452 384
451 384
450 384
449 384
449 385
448 385
447 385
446 385
445 385
444 385
443 385
442 385
441 385
441 386
441 387
442 387
442 388
442 389
442 390
442 391
442 392
441 392
440 392
439 392
438 392
437 392
436 392
436 391
435 391
434 391
433 391
432 391
432 390
431 390
430 390
430 389
429 389
429 388
428 388
428 387
427 387
426 387
426 386
426 385
425 385
424 385
424 384
423 384
422 384
421 384
421 383
420 383
419 383
419 384
418 384
418 385
417 385
416 385
415 385
415 386
414 386
414 387
413 387
412 387
411 387
410 387
409 387
408 387
407 387
406 387
406 386
406 385
407 385
407 384
407 383
406 383
406 382
406 381
406 380
406 379
-1 -1
448 272
449 272
450 272
451 272
452 272
452 271
452 270
452 269
453 269
453 268
454 268
454 267
455 267
455 266
455 265
455 264
456 264
456 263
457 263
457 264
457 265
456 265
456 266
456 267
456 268
456 269
457 269
457 270
458 270
459 270
459 271
460 271
461 271
461 272
461 273
460 273
460 274
460 275
459 275
459 276
458 276
457 276
457 277
457 278
457 279
457 280
456 280
455 280
455 281
454 281
453 281
452 281
451 281
451 280
451 279
450 279
450 278
449 278
449 277
449 276
448 276
448 275
448 274
448 273
448 272
-1 -1
456 290
457 290
457 289
458 289
458 288
459 288
460 288
460 287
460 286
459 286
458 286
458 285
457 285
457 284
457 283
458 283
458 282
459 282
459 281
459 280
460 280
460 279
460 278
460 277
460 276
461 276
461 275
462 275
463 275
464 275
464 274
465 274
465 273
466 273
466 272
466 271
466 270
467 270
467 269
467 268
468 268
468 269
469 269
470 269
470 268
471 268
471 267
472 267
472 266
472 265
472 264
473 264
473 263
474 263
474 264
475 264
476 264
476 263
477 263
478 263
478 264
479 264
480 264
481 264
482 264
482 265
481 265
481 266
480 266
480 267
479 267
479 268
478 268
477 268
477 269
477 270
476 270
476 271
475 271
474 271
474 272
474 273
475 273
475 274
474 274
474 275
474 276
474 277
474 278
474 279
474 280
473 280
473 281
472 281
471 281
470 281
469 281
469 280
468 280
467 280
467 281
467 282
467 283
468 283
468 284
468 285
467 285
467 286
466 286
466 287
466 288
466 289
467 289
468 289
469 289
469 290
468 290
468 291
468 292
468 293
468 294
468 295
467 295
467 296
466 296
466 297
465 297
464 297
464 298
463 298
462 298
462 297
461 297
460 297
459 297
458 297
458 296
457 296
457 295
456 295
456 294
456 293
456 292
456 291
456 290
-1 -1
471 292
472 292
472 291
472 290
473 290
473 289
474 289
475 289
476 289
476 290
476 291
476 292
476 293
476 294
476 295
475 295
475 296
474 296
473 296
472 296
472 295
472 294
471 294
471 293
471 292
-1 -1
524 246
525 246
526 246
526 245
527 245
528 245
528 244
529 244
530 244
531 244
532 244
532 245
531 245
531 246
530 246
530 247
529 247
528 247
527 247
527 248
526 248
525 248
524 248
524 247
524 246
-1 -1
537 380
538 380
538 379
539 379
539 378
540 378
540 377
541 377
542 377
542 376
543 376
544 376
545 376
546 376
546 375
547 375
547 374
548 374
548 375
549 375
550 375
550 376
551 376
552 376
553 376
553 375
553 374
552 374
552 373
552 372
552 371
553 371
553 370
554 370
555 370
556 370
556 369
557 369
557 368
558 368
558 367
559 367
559 366
559 365
560 365
560 364
561 364
562 364
562 365
563 365
564 365
565 365
565 366
564 366
564 367
564 368
563 368
563 369
563 370
563 371
563 372
564 372
565 372
566 372
566 373
567 373
567 374
567 375
568 375
568 376
568 377
569 377
569 378
569 379
569 380
568 380
568 381
568 382
567 382
567 383
566 383
565 383
564 383
564 384
563 384
562 384
561 384
561 385
560 385
560 386
559 386
558 386
558 387
557 387
556 387
555 387
554 387
553 387
552 387
551 387
551 388
550 388
549 388
548 388
548 387
548 386
547 386
547 385
546 385
545 385
544 385
543 385
542 385
542 384
541 384
541 383
540 383
539 383
538 383
538 382
537 382
537 381
537 380
-1 -1
564 393
565 393
565 392
565 391
566 391
566 390
567 390
568 390
569 390
570 390
571 390
571 391
571 392
570 392
569 392
569 393
568 393
568 394
567 394
567 395
566 395
565 395
565 394
564 394
564 393
-1 -1
572 370
573 370
573 369
574 369
575 369
576 369
577 369
577 370
578 370
579 370
579 371
580 371
581 371
581 372
582 372
583 372
584 372
585 372
585 373
586 373
586 374
586 375
586 376
585 376
585 377
585 378
585 379
586 379
587 379
587 380
587 381
587 382
586 382
586 383
586 384
585 384
585 385
584 385
583 385
582 385
582 384
581 384
580 384
579 384
578 384
578 385
577 385
576 385
576 386
575 386
574 386
574 385
574 384
574 383
575 383
575 382
575 381
575 380
574 380
573 380
573 379
573 378
573 377
573 376
573 375
573 374
572 374
572 373
572 372
572 371
572 370
-1 -1
616 376
617 376
618 376
618 375
619 375
619 374
620 374
621 374
621 375
621 376
621 377
620 377
620 378
619 378
619 379
618 379
617 379
617 378
616 378
616 377
616 376
-3 -3
1 238
2 238
3 238
3 237
4 237
5 237
6 237
6 236
7 236
7 235
7 234
8 234
9 234
9 233
10 233
11 233
11 234
12 234
13 234
14 234
15 234
15 235
16 235
17 235
18 235
18 236
19 236
20 236
21 236
21 237
22 237
23 237
24 237
25 237
25 238
26 238
27 238
28 238
29 238
30 238
31 238
32 238
32 237
33 237
34 237
35 237
36 237
37 237
37 238
38 238
38 239
39 239
40 239
40 240
41 240
42 240
43 240
43 241
44 241
45 241
45 242
46 242
47 242
48 242
48 243
49 243
50 243
51 243
52 243
52 244
53 244
54 244
55 244
55 245
56 245
57 245
57 246
58 246
59 246
60 246
60 247
61 247
62 247
62 248
63 248
64 248
64 249
65 249
66 249
66 250
67 250
68 250
68 251
69 251
70 251
71 251
72 251
73 251
74 251
75 251
75 252
75 253
74 253
74 254
74 255
74 256
74 257
75 257
75 258
76 258
76 259
77 259
77 260
78 260
79 260
80 260
81 260
82 260
82 259
83 259
84 259
84 260
84 261
84 262
85 262
86 262
86 261
87 261
87 260
88 260
89 260
89 261
90 261
90 262
91 262
92 262
93 262
93 263
93 264
93 265
94 265
95 265
95 264
96 264
96 263
97 263
98 263
98 262
99 262
100 262
101 262
102 262
103 262
103 263
103 264
104 264
104 265
105 265
105 266
105 267
105 268
105 269
104 269
103 269
103 270
103 271
102 271
102 272
101 272
100 272
99 272
98 272
97 272
96 272
95 272
94 272
93 272
92 272
92 273
92 274
92 275
93 275
94 275
94 276
95 276
95 277
96 277
97 277
98 277
99 277
100 277
100 278
100 279
101 279
101 280
101 281
101 282
102 282
103 282
103 283
103 284
103 285
102 285
102 286
101 286
100 286
100 287
99 287
98 287
98 288
98 289
98 290
98 291
99 291
100 291
100 290
101 290
101 289
102 289
102 288
103 288
104 288
104 289
105 289
105 290
105 291
106 291
106 292
106 293
105 293
105 294
105 295
106 295
106 296
106 297
106 298
107 298
107 299
107 300
107 301
106 301
106 302
106 303
106 304
106 305
105 305
104 305
103 305
102 305
102 306
101 306
100 306
100 307
99 307
98 307
97 307
97 308
96 308
95 308
94 308
93 308
92 308
92 309
91 309
90 309
89 309
89 308
89 307
89 306
88 306
87 306
87 307
86 307
86 308
87 308
87 309
86 309
85 309
84 309
83 309
83 308
82 308
81 308
81 309
80 309
79 309
78 309
77 309
76 309
75 309
75 308
74 308
73 308
72 308
71 308
70 308
70 307
70 306
71 306
71 305
71 304
71 303
71 302
71 301
71 300
71 299
71 298
70 298
69 298
69 299
69 300
69 301
69 302
69 303
69 304
68 304
68 305
68 306
67 306
66 306
65 306
64 306
63 306
62 306
61 306
61 305
60 305
59 305
59 304
58 304
58 303
57 303
56 303
56 302
56 301
56 300
55 300
54 300
53 300
53 301
53 302
53 303
54 303
54 304
53 304
53 305
52 305
51 305
50 305
49 305
49 304
48 304
47 304
46 304
45 304
45 303
44 303
44 302
44 301
44 300
43 300
42 300
41 300
40 300
40 299
39 299
39 298
38 298
37 298
37 297
37 296
36 296
36 295
36 294
36 293
35 293
34 293
33 293
33 292
32 292
32 291
31 291
31 290
30 290
30 289
30 288
29 288
28 288
28 287
27 287
26 287
26 288
26 289
27 289
27 290
28 290
28 291
27 291
27 292
26 292
26 293
25 293
24 293
23 293
22 293
21 293
21 292
20 292
19 292
18 292
17 292
16 292
15 292
15 291
14 291
13 291
12 291
11 291
11 292
11 293
11 294
12 294
13 294
14 294
15 294
16 294
17 294
18 294
19 294
19 295
20 295
21 295
22 295
22 296
23 296
24 296
25 296
26 296
27 296
27 295
28 295
29 295
30 295
31 295
32 295
32 296
33 296
33 297
32 297
31 297
30 297
30 298
30 299
31 299
31 300
32 300
33 300
33 301
34 301
35 301
35 302
36 302
37 302
38 302
38 303
39 303
39 304
39 305
38 305
37 305
36 305
36 306
36 307
37 307
38 307
39 307
39 308
38 308
38 309
37 309
36 309
36 310
35 310
35 311
35 312
36 312
37 312
37 311
38 311
39 311
39 310
40 310
41 310
42 310
43 310
43 309
44 309
44 308
45 308
46 308
47 308
48 308
49 308
50 308
50 309
51 309
51 310
52 310
52 311
53 311
54 311
55 311
55 312
56 312
57 312
58 312
59 312
59 313
60 313
60 314
61 314
62 314
62 315
63 315
64 315
64 316
65 316
65 317
65 318
65 319
65 320
64 320
64 321
64 322
63 322
62 322
62 323
61 323
61 324
61 325
60 325
60 326
59 326
59 327
58 327
58 328
57 328
56 328
55 328
55 329
54 329
53 329
52 329
52 330
52 331
51 331
50 331
49 331
49 330
48 330
48 331
47 331
46 331
46 332
45 332
45 333
44 333
43 333
42 333
42 334
41 334
40 334
39 334
39 335
39 336
40 336
41 336
42 336
43 336
44 336
44 335
45 335
46 335
46 334
47 334
48 334
49 334
50 334
51 334
52 334
53 334
54 334
54 333
55 333
55 332
56 332
56 331
57 331
58 331
59 331
59 330
60 330
61 330
61 329
61 328
61 327
62 327
62 326
63 326
64 326
65 326
66 326
67 326
68 326
69 326
70 326
71 326
72 326
72 327
73 327
74 327
74 326
75 326
75 325
76 325
77 325
77 326
78 326
79 326
79 325
80 325
81 325
82 325
83 325
84 325
84 324
85 324
86 324
87 324
88 324
88 325
89 325
90 325
90 324
90 323
91 323
91 322
92 322
93 322
94 322
94 323
95 323
96 323
96 322
97 322
98 322
98 321
99 321
100 321
100 320
100 319
101 319
102 319
102 318
103 318
103 317
103 316
103 315
104 315
105 315
105 314
106 314
106 313
107 313
107 312
108 312
108 311
109 311
110 311
110 312
110 313
110 314
110 315
111 315
111 316
111 317
111 318
111 319
112 319
112 320
112 321
113 321
113 322
114 322
114 323
114 324
114 325
114 326
114 327
113 327
113 328
113 329
114 329
115 329
116 329
116 330
117 330
117 331
118 331
119 331
120 331
121 331
121 332
122 332
122 333
122 334
121 334
121 335
120 335
120 336
121 336
122 336
123 336
124 336
124 335
125 335
126 335
127 335
127 334
128 334
129 334
130 334
131 334
132 334
133 334
134 334
135 334
136 334
137 334
138 334
139 334
140 334
141 334
141 335
142 335
142 336
143 336
143 337
143 338
144 338
145 338
145 339
146 339
147 339
148 339
148 340
148 341
148 342
148 343
147 343
147 344
147 345
146 345
145 345
145 346
144 346
143 346
143 347
142 347
142 348
142 349
143 349
143 350
142 350
142 351
141 351
141 352
140 352
139 352
138 352
138 353
137 353
136 353
135 353
134 353
133 353
133 354
132 354
132 355
131 355
130 355
129 355
128 355
128 356
127 356
126 356
125 356
124 356
123 356
122 356
121 356
121 357
120 357
120 358
119 358
118 358
117 358
116 358
115 358
114 358
114 359
113 359
112 359
111 359
111 358
110 358
109 358
108 358
107 358
106 358
106 359
106 360
107 360
107 361
107 362
108 362
109 362
109 361
110 361
111 361
112 361
112 362
111 362
111 363
110 363
109 363
109 364
108 364
107 364
106 364
105 364
104 364
103 364
102 364
101 364
101 365
100 365
99 365
98 365
97 365
97 364
96 364
95 364
95 365
94 365
93 365
93 366
92 366
91 366
90 366
90 367
89 367
88 367
87 367
86 367
85 367
84 367
83 367
82 367
81 367
80 367
80 368
79 368
78 368
77 368
76 368
76 369
75 369
74 369
73 369
72 369
71 369
70 369
69 369
69 370
68 370
67 370
66 370
66 371
65 371
64 371
64 372
63 372
63 373
63 374
62 374
61 374
61 373
60 373
60 374
59 374
59 375
58 375
58 376
57 376
57 377
56 377
55 377
54 377
53 377
53 376
52 376
51 376
50 376
49 376
48 376
47 376
46 376
46 377
45 377
44 377
43 377
42 377
41 377
40 377
40 376
39 376
38 376
37 376
37 377
37 378
38 378
38 379
39 379
40 379
40 380
41 380
42 380
43 380
44 380
45 380
45 381
46 381
47 381
47 380
48 380
49 380
50 380
51 380
52 380
52 379
53 379
54 379
55 379
55 380
56 380
57 380
58 380
59 380
59 381
58 381
58 382
57 382
56 382
55 382
54 382
53 382
52 382
52 383
51 383
50 383
49 383
49 384
48 384
47 384
46 384
45 384
44 384
43 384
43 383
42 383
41 383
40 383
39 383
39 384
38 384
37 384
36 384
35 384
34 384
34 385
34 386
35 386
36 386
36 387
36 388
37 388
38 388
38 387
39 387
40 387
41 387
42 387
43 387
44 387
45 387
46 387
47 387
48 387
49 387
50 387
51 387
51 386
52 386
53 386
54 386
55 386
56 386
57 386
58 386
59 386
59 385
60 385
61 385
62 385
63 385
63 384
64 384
65 384
65 383
66 383
67 383
67 382
68 382
69 382
70 382
71 382
71 381
72 381
73 381
73 380
74 380
75 380
75 379
76 379
77 379
77 378
78 378
79 378
80 378
81 378
82 378
82 377
83 377
84 377
84 376
85 376
85 375
86 375
87 375
88 375
89 375
90 375
91 375
92 375
93 375
94 375
95 375
96 375
97 375
98 375
99 375
100 375
100 376
99 376
99 377
98 377
97 377
97 378
97 379
96 379
96 380
95 380
95 381
95 382
96 382
97 382
98 382
99 382
100 382
100 381
101 381
101 380
102 380
103 380
103 379
104 379
104 378
105 378
106 378
107 378
107 377
108 377
108 376
108 375
107 375
107 374
108 374
108 373
109 373
110 373
111 373
112 373
113 373
114 373
115 373
116 373
117 373
118 373
119 373
120 373
121 373
122 373
123 373
124 373
125 373
125 374
126 374
127 374
127 373
128 373
129 373
129 374
130 374
131 374
131 373
132 373
133 373
134 373
134 372
135 372
136 372
137 372
138 372
138 371
139 371
140 371
140 370
140 369
141 369
142 369
142 370
143 370
144 370
144 371
144 372
145 372
145 373
145 374
145 375
146 375
147 375
147 374
148 374
148 373
149 373
150 373
151 373
151 372
151 371
151 370
152 370
152 369
153 369
154 369
155 369
156 369
157 369
158 369
159 369
160 369
160 370
161 370
162 370
162 371
163 371
163 372
164 372
164 373
165 373
165 374
165 375
165 376
166 376
166 377
167 377
167 378
168 378
168 379
169 379
169 380
170 380
171 380
171 381
172 381
172 382
173 382
173 383
174 383
174 384
175 384
175 385
175 386
174 386
174 387
174 388
175 388
175 389
175 390
176 390
176 391
177 391
177 392
176 392
176 393
175 393
175 394
175 395
175 396
174 396
173 396
172 396
171 396
170 396
169 396
168 396
168 397
168 398
167 398
167 399
167 400
167 401
167 402
167 403
166 403
166 404
165 404
164 404
164 405
163 405
162 405
162 406
162 407
162 408
163 408
164 408
165 408
165 407
166 407
167 407
167 406
168 406
169 406
170 406
171 406
171 405
171 404
172 404
172 403
172 402
172 401
171 401
171 400
171 399
172 399
173 399
174 399
175 399
175 398
176 398
177 398
177 397
177 396
177 395
178 395
179 395
179 394
180 394
180 393
181 393
182 393
183 393
183 392
184 392
185 392
186 392
186 391
187 391
188 391
188 390
189 390
190 390
191 390
191 389
192 389
193 389
194 389
194 390
195 390
196 390
197 390
198 390
199 390
199 391
200 391
201 391
202 391
203 391
204 391
205 391
205 392
206 392
206 393
206 394
206 395
206 396
207 396
208 396
209 396
209 395
209 394
209 393
210 393
211 393
212 393
213 393
214 393
215 393
216 393
217 393
218 393
219 393
220 393
221 393
222 393
223 393
224 393
224 392
225 392
226 392
227 392
228 392
229 392
229 393
230 393
230 394
231 394
231 395
232 395
232 396
232 397
231 397
230 397
230 398
229 398
228 398
228 399
227 399
226 399
225 399
225 400
225 401
226 401
226 402
227 402
228 402
228 401
229 401
230 401
231 401
232 401
233 401
234 401
234 400
235 400
235 399
235 398
236 398
236 399
236 400
237 400
238 400
238 401
239 401
240 401
241 401
242 401
242 402
243 402
243 403
244 403
244 404
245 404
246 404
247 404
248 404
249 404
250 404
250 405
251 405
252 405
252 406
253 406
253 407
254 407
254 408
255 408
256 408
256 409
257 409
258 409
259 409
260 409
260 410
261 410
261 411
262 411
263 411
264 411
264 410
264 409
263 409
262 409
262 408
261 408
260 408
260 407
259 407
259 406
258 406
257 406
257 405
256 405
255 405
255 404
254 404
253 404
253 403
252 403
251 403
251 402
250 402
250 401
249 401
249 400
248 400
247 400
247 399
247 398
246 398
246 397
245 397
244 397
244 396
243 396
242 396
241 396
240 396
240 395
240 394
239 394
239 393
239 392
238 392
238 391
239 391
240 391
240 390
241 390
241 389
242 389
243 389
243 388
243 387
244 387
244 386
245 386
246 386
247 386
247 385
248 385
249 385
249 386
250 386
251 386
252 386
253 386
254 386
254 387
255 387
256 387
256 388
256 389
256 390
256 391
256 392
257 392
258 392
259 392
259 391
259 390
259 389
260 389
261 389
261 388
262 388
262 387
263 387
264 387
264 386
265 386
265 385
266 385
267 385
268 385
269 385
270 385
270 386
271 386
271 387
271 388
272 388
272 389
273 389
274 389
274 388
274 387
275 387
275 386
275 385
275 384
276 384
276 383
277 383
278 383
279 383
280 383
280 384
281 384
282 384
282 385
283 385
283 386
284 386
284 387
284 388
285 388
285 389
286 389
286 390
286 391
287 391
287 392
288 392
289 392
290 392
291 392
291 391
291 390
291 389
290 389
290 388
289 388
289 387
288 387
288 386
288 385
288 384
288 383
287 383
287 382
287 381
286 381
286 380
285 380
285 379
284 379
284 378
284 377
285 377
285 376
285 375
286 375
286 374
287 374
288 374
289 374
290 374
291 374
291 373
292 373
292 372
293 372
293 371
293 370
292 370
292 369
292 368
293 368
294 368
294 369
294 370
295 370
296 370
296 371
297 371
298 371
298 372
299 372
300 372
300 373
301 373
302 373
302 374
303 374
303 375
304 375
304 376
305 376
306 376
306 377
307 377
307 378
308 378
308 379
308 380
308 381
307 381
307 382
307 383
307 384
308 384
308 385
308 386
308 387
309 387
310 387
311 387
311 386
312 386
312 385
312 384
313 384
314 384
314 385
314 386
315 386
315 387
316 387
316 388
317 388
317 389
318 389
319 389
319 390
320 390
321 390
321 391
322 391
323 391
323 390
324 390
325 390
325 391
324 391
324 392
323 392
323 393
323 394
324 394
324 395
325 395
326 395
327 395
327 396
327 397
327 398
326 398
326 399
325 399
324 399
324 400
324 401
325 401
326 401
327 401
327 400
328 400
329 400
330 400
331 400
332 400
333 400
333 399
334 399
335 399
335 398
335 397
334 397
333 397
332 397
331 397
331 396
330 396
330 395
330 394
330 393
329 393
329 392
329 391
330 391
331 391
332 391
332 392
333 392
334 392
335 392
336 392
337 392
337 391
338 391
338 392
339 392
340 392
341 392
341 393
342 393
343 393
344 393
345 393
346 393
346 392
347 392
348 392
349 392
349 393
350 393
351 393
351 394
352 394
353 394
353 395
354 395
355 395
356 395
356 396
357 396
357 397
358 397
359 397
359 398
360 398
361 398
361 399
362 399
363 399
363 400
364 400
364 401
365 401
366 401
366 400
367 400
367 399
367 398
368 398
369 398
370 398
371 398
371 397
372 397
373 397
373 396
373 395
374 395
374 394
375 394
376 394
377 394
377 395
378 395
378 396
379 396
380 396
380 397
381 397
381 398
381 399
382 399
382 400
382 401
382 402
381 402
381 403
381 404
381 405
381 406
381 407
382 407
383 407
384 407
384 406
384 405
384 404
384 403
384 402
385 402
386 402
386 401
387 401
388 401
389 401
389 400
390 400
391 400
392 400
393 400
394 400
394 401
395 401
396 401
397 401
398 401
398 402
398 403
399 403
400 403
401 403
401 404
402 404
403 404
404 404
404 403
405 403
406 403
407 403
408 403
409 403
410 403
410 402
410 401
410 400
409 400
408 400
407 400
406 400
406 401
405 401
404 401
403 401
402 401
401 401
400 401
400 400
399 400
399 399
398 399
398 398
397 398
396 398
396 397
395 397
395 396
395 395
396 395
397 395
398 395
398 394
399 394
400 394
401 394
402 394
403 394
404 394
405 394
405 393
405 392
406 392
406 391
407 391
408 391
409 391
410 391
411 391
411 390
412 390
413 390
413 389
414 389
414 388
415 388
416 388
416 387
417 387
418 387
419 387
420 387
420 386
421 386
422 386
422 387
423 387
424 387
424 388
425 388
426 388
426 389
427 389
427 390
428 390
428 391
429 391
430 391
430 392
431 392
432 392
433 392
433 393
433 394
434 394
435 394
436 394
437 394
438 394
439 394
440 394
440 395
440 396
439 396
439 397
439 398
439 399
438 399
438 400
437 400
436 400
436 401
435 401
435 402
435 403
435 404
436 404
437 404
437 403
438 403
438 402
439 402
440 402
441 402
441 401
442 401
443 401
443 400
444 400
444 399
445 399
446 399
446 398
447 398
447 397
447 396
446 396
445 396
444 396
443 396
443 395
444 395
444 394
445 394
445 393
446 393
446 392
447 392
448 392
449 392
450 392
451 392
451 391
452 391
453 391
454 391
454 390
455 390
456 390
457 390
457 389
457 388
457 387
457 386
458 386
459 386
459 385
460 385
461 385
462 385
463 385
464 385
464 384
464 383
464 382
465 382
465 381
466 381
466 380
467 380
468 380
469 380
470 380
470 379
470 378
469 378
469 377
469 376
469 375
469 374
468 374
468 373
469 373
469 372
470 372
470 371
471 371
472 371
472 370
473 370
473 369
473 368
473 367
472 367
471 367
470 367
470 366
469 366
469 365
470 365
471 365
472 365
473 365
474 365
475 365
476 365
477 365
478 365
479 365
480 365
480 364
481 364
482 364
483 364
484 364
484 363
485 363
486 363
486 362
487 362
488 362
489 362
490 362
491 362
491 363
492 363
493 363
494 363
494 364
495 364
496 364
496 365
497 365
497 366
498 366
498 367
499 367
500 367
501 367
501 368
502 368
503 368
503 369
504 369
504 370
503 370
503 371
502 371
502 372
502 373
501 373
501 374
500 374
499 374
499 375
498 375
497 375
497 376
496 376
495 376
494 376
494 377
494 378
495 378
495 379
496 379
496 380
495 380
495 381
494 381
494 382
494 383
493 383
493 384
492 384
492 385
492 386
492 387
493 387
494 387
494 388
495 388
495 389
496 389
496 390
497 390
498 390
499 390
500 390
501 390
501 391
502 391
502 392
503 392
504 392
505 392
505 391
506 391
506 390
506 389
506 388
506 387
507 387
508 387
508 386
509 386
509 385
510 385
510 384
510 383
510 382
509 382
508 382
507 382
506 382
505 382
505 381
505 380
505 379
506 379
506 378
507 378
507 377
508 377
509 377
510 377
510 376
511 376
512 376
512 375
513 375
514 375
514 376
515 376
516 376
517 376
517 377
518 377
519 377
520 377
520 376
520 375
519 375
518 375
518 374
517 374
516 374
516 373
515 373
515 372
516 372
517 372
517 371
518 371
519 371
519 370
519 369
519 368
520 368
521 368
522 368
523 368
523 367
524 367
524 366
525 366
526 366
527 366
527 365
528 365
529 365
530 365
531 365
532 365
532 364
533 364
534 364
534 363
535 363
536 363
537 363
538 363
538 362
539 362
540 362
541 362
542 362
542 363
543 363
544 363
545 363
546 363
547 363
547 364
547 365
546 365
545 365
545 366
545 367
544 367
544 368
543 368
542 368
542 369
541 369
540 369
539 369
539 370
539 371
540 371
540 372
540 373
539 373
538 373
537 373
537 374
537 375
536 375
535 375
534 375
533 375
533 376
533 377
534 377
535 377
535 378
535 379
534 379
533 379
532 379
531 379
531 380
531 381
532 381
533 381
533 382
534 382
535 382
535 383
536 383
536 384
537 384
537 385
536 385
536 386
535 386
534 386
534 387
534 388
534 389
535 389
535 390
536 390
537 390
537 389
537 388
538 388
538 387
539 387
540 387
541 387
541 388
542 388
543 388
543 389
544 389
544 390
544 391
544 392
545 392
545 393
546 393
546 394
546 395
545 395
545 396
545 397
545 398
544 398
544 399
543 399
543 400
542 400
542 401
541 401
541 402
540 402
539 402
538 402
537 402
536 402
535 402
535 403
535 404
535 405
536 405
536 406
536 407
537 407
538 407
539 407
540 407
540 406
540 405
541 405
541 404
542 404
543 404
543 403
543 402
544 402
545 402
545 401
546 401
546 400
546 399
547 399
547 398
547 397
548 397
548 396
548 395
548 394
549 394
550 394
550 395
551 395
552 395
553 395
554 395
554 396
555 396
555 397
556 397
557 397
557 398
557 399
557 400
557 401
557 402
556 402
556 403
555 403
555 404
555 405
555 406
554 406
554 407
554 408
554 409
553 409
553 410
552 410
551 410
551 411
550 411
550 412
549 412
548 412
548 413
547 413
547 414
547 415
546 415
546 416
545 416
544 416
543 416
543 417
543 418
543 419
544 419
545 419
546 419
546 418
547 418
548 418
549 418
549 417
550 417
551 417
552 417
553 417
554 417
554 416
555 416
555 415
555 414
556 414
556 413
557 413
557 412
557 411
557 410
558 410
558 409
558 408
558 407
559 407
559 406
559 405
559 404
560 404
561 404
561 403
562 403
563 403
564 403
565 403
566 403
566 402
567 402
568 402
568 403
569 403
570 403
571 403
572 403
572 404
573 404
573 405
573 406
574 406
575 406
575 405
575 404
576 404
576 403
577 403
577 402
578 402
578 401
579 401
579 400
580 400
581 400
582 400
583 400
584 400
585 400
586 400
586 401
587 401
588 401
588 400
589 400
589 399
589 398
590 398
591 398
592 398
593 398
593 397
594 397
595 397
596 397
596 396
597 396
598 396
599 396
599 395
600 395
601 395
602 395
603 395
604 395
605 395
606 395
606 396
607 396
607 397
608 397
609 397
609 398
609 399
609 400
609 401
609 402
608 402
607 402
607 403
606 403
606 404
606 405
607 405
607 406
608 406
609 406
609 405
610 405
611 405
612 405
613 405
613 404
613 403
614 403
615 403
615 404
616 404
617 404
618 404
618 405
618 406
618 407
618 408
618 409
618 410
619 410
620 410
621 410
621 411
622 411
623 411
623 412
624 412
624 413
625 413
-3 -3
625 395
624 395
624 394
624 393
624 392
624 391
623 391
622 391
622 390
622 389
621 389
620 389
620 388
620 387
621 387
621 386
621 385
622 385
622 384
623 384
623 383
624 383
624 382
625 382
-3 -3
625 265
624 265
623 265
622 265
622 264
621 264
620 264
620 263
619 263
619 262
618 262
617 262
617 261
617 260
617 259
617 258
617 257
616 257
616 256
616 255
616 254
615 254
615 253
615 252
615 251
614 251
613 251
613 250
612 250
612 249
611 249
611 248
610 248
610 247
609 247
608 247
607 247
607 246
607 245
606 245
605 245
605 246
604 246
604 247
603 247
602 247
602 248
602 249
601 249
600 249
599 249
598 249
598 248
597 248
597 247
596 247
596 246
595 246
595 245
595 244
595 243
596 243
597 243
597 242
598 242
599 242
599 243
600 243
600 244
601 244
602 244
603 244
603 243
603 242
603 241
602 241
602 240
602 239
603 239
604 239
605 239
606 239
606 238
607 238
607 237
607 236
607 235
608 235
608 234
609 234
610 234
610 235
611 235
612 235
612 234
613 234
614 234
615 234
616 234
617 234
617 233
618 233
618 232
618 231
618 230
619 230
619 229
619 228
619 227
620 227
621 227
622 227
622 226
623 226
623 225
623 224
624 224
625 224
-10 -10
