-3 -3
205 40
204 40
204 39
203 39
203 38
202 38
201 38
201 37
200 37
200 36
199 36
199 35
198 35
198 34
197 34
196 34
196 33
195 33
195 32
195 31
194 31
193 31
192 31
192 32
192 33
193 33
193 34
193 35
194 35
194 36
195 36
195 37
196 37
196 38
197 38
197 39
198 39
198 40
199 40
199 41
200 41
200 42
201 42
201 43
202 43
202 44
202 45
202 46
202 47
201 47
200 47
200 48
200 49
200 50
199 50
198 50
198 49
198 48
197 48
197 47
197 46
197 45
196 45
195 45
194 45
193 45
193 46
192 46
191 46
191 45
190 45
190 44
189 44
189 43
188 43
187 43
187 42
187 41
187 40
187 39
187 38
186 38
185 38
185 39
184 39
183 39
183 38
183 37
183 36
182 36
182 35
181 35
181 34
181 33
180 33
179 33
179 32
178 32
178 31
177 31
176 31
176 32
175 32
174 32
174 31
173 31
173 30
173 29
172 29
171 29
170 29
170 28
170 27
170 26
170 25
170 24
170 23
170 22
169 22
169 21
168 21
167 21
166 21
165 21
165 20
164 20
164 19
163 19
162 19
162 20
162 21
162 22
163 22
163 23
164 23
165 23
165 24
165 25
164 25
163 25
163 26
163 27
162 27
161 27
161 26
160 26
159 26
159 27
158 27
158 28
157 28
157 29
156 29
155 29
155 28
155 27
156 27
156 26
156 25
156 24
155 24
155 23
155 22
154 22
153 22
152 22
151 22
150 22
149 22
149 23
148 23
147 23
147 24
147 25
147 26
146 26
145 26
145 25
145 24
145 23
144 23
143 23
143 22
143 21
144 21
145 21
145 20
146 20
146 19
146 18
145 18
145 17
144 17
143 17
143 16
143 15
142 15
142 14
141 14
141 13
140 13
139 13
139 12
139 11
140 11
140 10
141 10
141 9
141 8
141 7
142 7
142 6
142 5
142 4
141 4
140 4
140 5
139 5
138 5
137 5
137 4
136 4
135 4
134 4
134 5
133 5
132 5
132 6
131 6
130 6
129 6
129 7
128 7
127 7
126 7
126 8
125 8
125 9
124 9
123 9
123 10
122 10
121 10
121 11
120 11
120 12
119 12
119 13
119 14
119 15
118 15
117 15
116 15
115 15
115 16
114 16
114 17
113 17
113 18
112 18
112 19
112 20
112 21
112 22
113 22
113 23
113 24
112 24
111 24
110 24
110 23
109 23
109 22
108 22
107 22
106 22
106 23
105 23
104 23
104 24
103 24
102 24
101 24
101 23
100 23
99 23
98 23
97 23
96 23
96 24
95 24
94 24
93 24
93 25
92 25
92 26
91 26
90 26
89 26
88 26
88 27
87 27
87 28
86 28
86 29
85 29
84 29
83 29
83 30
82 30
82 31
81 31
81 32
80 32
80 33
79 33
79 34
78 34
78 35
77 35
77 36
76 36
76 37
75 37
74 37
73 37
73 38
72 38
71 38
70 38
69 38
69 39
68 39
67 39
67 38
66 38
65 38
64 38
64 37
63 37
62 37
61 37
60 37
60 36
59 36
59 35
58 35
57 35
57 36
56 36
55 36
54 36
53 36
53 37
52 37
51 37
51 38
50 38
50 39
49 39
49 40
48 40
48 41
48 42
47 42
46 42
45 42
44 42
43 42
43 43
42 43
41 43
40 43
39 43
38 43
37 43
36 43
35 43
34 43
34 44
33 44
32 44
32 45
31 45
30 45
30 46
30 47
29 47
28 47
28 48
27 48
27 49
26 49
25 49
24 49
24 50
23 50
23 51
22 51
22 52
21 52
20 52
19 52
19 53
19 54
18 54
17 54
17 55
16 55
15 55
15 56
14 56
13 56
12 56
11 56
11 55
10 55
9 55
9 54
8 54
7 54
7 55
7 56
6 56
6 57
5 57
4 57
3 57
2 57
1 57
-10 -10
