-3 -3
1 366
2 366
3 366
4 366
5 366
6 366
7 366
7 365
8 365
9 365
10 365
10 364
11 364
12 364
13 364
13 363
14 363
15 363
15 362
16 362
17 362
17 361
18 361
19 361
19 360
20 360
20 359
20 358
21 358
21 357
22 357
22 356
22 355
22 354
21 354
21 353
20 353
20 352
20 351
20 350
20 349
19 349
19 348
19 347
19 346
20 346
21 346
21 345
22 345
22 344
23 344
23 343
24 343
25 343
26 343
26 342
27 342
28 342
29 342
30 342
30 343
30 344
30 345
30 346
31 346
32 346
33 346
34 346
35 346
36 346
37 346
38 346
39 346
40 346
41 346
42 346
42 347
43 347
43 348
44 348
45 348
45 349
46 349
47 349
48 349
48 350
49 350
49 351
50 351
50 352
51 352
52 352
52 353
53 353
54 353
54 354
55 354
56 354
57 354
58 354
59 354
60 354
61 354
61 353
62 353
63 353
64 353
64 352
65 352
66 352
66 351
67 351
68 351
68 350
69 350
69 349
70 349
70 348
71 348
71 347
71 346
72 346
72 345
73 345
73 344
74 344
74 343
75 343
75 342
75 341
76 341
76 340
76 339
77 339
78 339
78 338
79 338
80 338
81 338
82 338
82 337
83 337
84 337
85 337
85 336
86 336
87 336
87 335
88 335
88 334
89 334
90 334
91 334
92 334
92 333
93 333
94 333
95 333
96 333
97 333
97 332
98 332
99 332
100 332
101 332
101 331
102 331
103 331
104 331
104 330
105 330
106 330
107 330
107 329
108 329
108 328
109 328
110 328
110 329
111 329
112 329
112 330
113 330
113 331
113 332
114 332
115 332
116 332
117 332
117 333
117 334
118 334
118 335
119 335
119 336
120 336
120 337
121 337
122 337
122 338
123 338
124 338
124 339
125 339
125 340
125 341
126 341
126 342
127 342
127 343
127 344
127 345
126 345
126 344
126 343
125 343
125 342
125 341
124 341
124 340
123 340
123 339
122 339
121 339
121 340
120 340
120 341
120 342
120 343
120 344
120 345
121 345
122 345
123 345
123 346
124 346
124 347
125 347
126 347
126 348
127 348
128 348
129 348
130 348
131 348
132 348
133 348
134 348
135 348
136 348
137 348
138 348
139 348
140 348
141 348
142 348
143 348
144 348
145 348
146 348
147 348
147 347
148 347
149 347
150 347
151 347
152 347
152 346
153 346
154 346
155 346
156 346
156 345
157 345
158 345
159 345
159 344
160 344
161 344
162 344
162 343
163 343
164 343
165 343
166 343
166 342
167 342
168 342
169 342
169 341
170 341
171 341
172 341
173 341
174 341
175 341
175 340
176 340
177 340
178 340
178 339
179 339
180 339
181 339
182 339
182 338
183 338
184 338
185 338
185 339
186 339
187 339
188 339
189 339
190 339
191 339
192 339
193 339
194 339
194 340
195 340
196 340
197 340
198 340
199 340
200 340
200 341
201 341
201 342
202 342
203 342
204 342
205 342
206 342
207 342
208 342
209 342
210 342
211 342
212 342
213 342
213 343
214 343
215 343
216 343
216 342
217 342
218 342
219 342
220 342
221 342
222 342
223 342
223 341
224 341
225 341
226 341
227 341
227 340
228 340
229 340
230 340
230 339
231 339
232 339
233 339
234 339
234 338
235 338
236 338
236 337
237 337
238 337
239 337
240 337
240 336
241 336
242 336
243 336
244 336
245 336
245 335
246 335
247 335
247 336
247 337
248 337
249 337
250 337
251 337
252 337
253 337
254 337
255 337
256 337
257 337
258 337
259 337
260 337
261 337
262 337
263 337
264 337
265 337
265 338
266 338
267 338
267 339
268 339
269 339
270 339
271 339
272 339
273 339
273 340
274 340
275 340
276 340
277 340
278 340
279 340
280 340
281 340
281 341
282 341
283 341
284 341
284 342
285 342
286 342
287 342
287 343
288 343
289 343
290 343
291 343
292 343
293 343
294 343
295 343
295 344
296 344
297 344
298 344
299 344
300 344
301 344
301 345
302 345
303 345
303 346
304 346
305 346
306 346
306 347
307 347
308 347
309 347
310 347
311 347
312 347
313 347
314 347
315 347
316 347
317 347
318 347
319 347
320 347
320 346
321 346
322 346
323 346
324 346
324 347
325 347
326 347
327 347
328 347
329 347
330 347
330 346
331 346
332 346
333 346
334 346
335 346
336 346
337 346
338 346
339 346
340 346
341 346
341 345
342 345
343 345
344 345
345 345
345 344
346 344
347 344
348 344
348 343
349 343
350 343
351 343
352 343
352 342
353 342
354 342
355 342
356 342
356 341
357 341
358 341
359 341
360 341
360 340
361 340
362 340
363 340
363 339
364 339
365 339
365 338
366 338
367 338
368 338
368 337
369 337
370 337
370 336
371 336
372 336
372 335
373 335
374 335
374 334
375 334
376 334
376 333
377 333
378 333
378 332
379 332
379 331
380 331
381 331
382 331
382 330
383 330
384 330
384 329
385 329
386 329
386 328
387 328
388 328
389 328
390 328
391 328
391 327
392 327
393 327
393 326
394 326
395 326
396 326
397 326
398 326
399 326
400 326
400 327
401 327
402 327
402 328
403 328
404 328
405 328
406 328
407 328
407 329
408 329
409 329
410 329
411 329
412 329
413 329
414 329
415 329
415 328
416 328
417 328
418 328
419 328
420 328
420 327
421 327
422 327
423 327
424 327
425 327
426 327
427 327
427 328
427 329
427 330
427 331
426 331
426 332
426 333
426 334
427 334
428 334
429 334
429 335
430 335
431 335
432 335
433 335
434 335
435 335
436 335
437 335
438 335
439 335
440 335
441 335
442 335
442 334
443 334
444 334
445 334
446 334
447 334
448 334
449 334
449 335
449 336
449 337
449 338
449 339
449 340
450 340
450 341
450 342
451 342
451 343
451 344
451 345
452 345
452 346
452 347
452 348
453 348
453 349
453 350
453 351
454 351
454 352
454 353
454 354
454 355
455 355
455 356
455 357
455 358
456 358
456 359
456 360
457 360
457 361
458 361
458 362
459 362
460 362
460 363
461 363
462 363
463 363
463 364
464 364
465 364
466 364
466 365
467 365
468 365
469 365
470 365
471 365
472 365
473 365
474 365
475 365
476 365
477 365
478 365
479 365
480 365
481 365
482 365
483 365
483 364
484 364
485 364
486 364
486 363
487 363
488 363
488 362
489 362
489 361
490 361
490 360
491 360
491 359
492 359
492 358
493 358
494 358
495 358
496 358
497 358
497 357
498 357
499 357
500 357
500 356
501 356
502 356
502 355
503 355
504 355
504 354
505 354
506 354
506 353
507 353
507 352
508 352
509 352
509 351
510 351
511 351
512 351
513 351
513 350
514 350
515 350
516 350
517 350
518 350
519 350
520 350
521 350
522 350
523 350
524 350
525 350
525 351
526 351
527 351
528 351
529 351
529 352
530 352
531 352
531 353
532 353
533 353
534 353
534 352
534 351
535 351
536 351
537 351
538 351
538 352
539 352
540 352
540 353
540 354
541 354
542 354
543 354
544 354
544 353
544 352
544 351
543 351
543 350
542 350
541 350
541 349
540 349
539 349
538 349
537 349
537 348
537 347
537 346
536 346
535 346
534 346
533 346
532 346
531 346
531 345
530 345
529 345
529 344
528 344
527 344
527 343
526 343
525 343
525 342
524 342
524 341
523 341
522 341
522 340
522 339
522 338
523 338
523 337
524 337
524 336
525 336
526 336
527 336
527 335
527 334
526 334
525 334
525 333
524 333
524 332
524 331
524 330
525 330
526 330
527 330
527 329
527 328
528 328
529 328
530 328
530 329
531 329
532 329
533 329
534 329
535 329
536 329
536 328
535 328
535 327
534 327
534 326
534 325
535 325
535 326
536 326
536 325
537 325
538 325
539 325
539 326
540 326
540 327
541 327
541 328
541 329
542 329
543 329
543 328
543 327
543 326
543 325
542 325
542 324
541 324
541 323
540 323
539 323
539 322
538 322
537 322
536 322
536 321
536 320
536 319
537 319
537 318
538 318
538 319
539 319
540 319
541 319
542 319
542 320
543 320
544 320
544 321
544 322
545 322
546 322
546 323
547 323
548 323
548 324
549 324
549 325
550 325
550 326
551 326
552 326
552 327
553 327
553 328
554 328
554 329
555 329
556 329
556 330
556 331
557 331
558 331
559 331
560 331
560 330
560 329
559 329
559 328
558 328
557 328
557 327
556 327
555 327
555 326
555 325
554 325
554 324
554 323
553 323
553 322
552 322
551 322
551 321
551 320
550 320
549 320
549 319
549 318
549 317
548 317
548 316
547 316
547 315
546 315
546 314
546 313
547 313
547 312
548 312
549 312
550 312
550 311
550 310
550 309
550 308
550 307
551 307
552 307
553 307
553 308
553 309
553 310
553 311
553 312
554 312
554 313
555 313
556 313
556 312
556 311
556 310
557 310
557 309
557 308
557 307
558 307
558 306
558 305
559 305
560 305
561 305
561 304
562 304
563 304
564 304
564 305
564 306
564 307
565 307
565 308
565 309
565 310
565 311
566 311
567 311
567 310
567 309
567 308
567 307
567 306
568 306
569 306
569 307
569 308
569 309
570 309
571 309
572 309
573 309
573 308
572 308
572 307
572 306
572 305
572 304
571 304
571 303
570 303
570 302
569 302
568 302
568 301
568 300
569 300
569 299
570 299
571 299
572 299
573 299
573 300
573 301
574 301
574 302
575 302
575 303
576 303
576 304
576 305
577 305
578 305
578 304
578 303
578 302
578 301
578 300
577 300
577 299
577 298
578 298
578 297
579 297
580 297
581 297
582 297
583 297
583 298
584 298
584 299
584 300
585 300
585 301
585 302
586 302
587 302
588 302
589 302
589 301
589 300
589 299
589 298
588 298
587 298
587 297
587 296
586 296
586 295
585 295
585 294
584 294
584 293
584 292
584 291
585 291
585 290
586 290
586 291
586 292
587 292
587 293
588 293
588 292
588 291
589 291
589 290
590 290
590 289
591 289
592 289
592 290
592 291
592 292
592 293
593 293
594 293
594 292
594 291
595 291
596 291
596 290
596 289
597 289
598 289
599 289
599 288
600 288
601 288
601 289
602 289
603 289
604 289
604 290
604 291
605 291
605 292
606 292
606 293
606 294
607 294
607 295
607 296
608 296
608 297
609 297
610 297
610 296
610 295
610 294
609 294
609 293
609 292
609 291
609 290
608 290
608 289
607 289
607 288
607 287
608 287
609 287
609 288
610 288
610 289
611 289
612 289
612 288
613 288
613 287
613 286
612 286
611 286
611 285
610 285
609 285
609 284
608 284
608 283
608 282
609 282
609 281
609 280
609 279
609 278
610 278
610 277
610 276
611 276
611 275
612 275
612 274
613 274
614 274
615 274
616 274
617 274
618 274
619 274
619 273
619 272
619 271
620 271
621 271
621 272
622 272
622 273
623 273
624 273
624 272
624 271
625 271
626 271
627 271
628 271
629 271
630 271
630 270
630 269
629 269
629 268
628 268
628 267
629 267
629 266
630 266
631 266
632 266
632 267
633 267
634 267
634 268
634 269
634 270
634 271
634 272
635 272
636 272
637 272
637 271
637 270
637 269
637 268
637 267
637 266
637 265
636 265
636 264
637 264
638 264
639 264
639 265
639 266
639 267
640 267
641 267
642 267
643 267
644 267
645 267
646 267
647 267
647 268
648 268
649 268
650 268
651 268
651 269
651 270
652 270
653 270
653 271
654 271
654 272
655 272
655 273
656 273
656 274
656 275
657 275
657 276
658 276
658 277
659 277
660 277
660 278
661 278
661 279
662 279
662 280
663 280
663 281
664 281
664 282
664 283
663 283
663 284
663 285
663 286
663 287
663 288
664 288
664 289
664 290
664 291
663 291
663 292
663 293
663 294
663 295
664 295
664 296
665 296
665 297
665 298
666 298
667 298
668 298
669 298
669 297
669 296
669 295
669 294
669 293
669 292
669 291
669 290
669 289
670 289
670 288
670 287
670 286
670 285
670 284
670 283
670 282
671 282
671 281
672 281
673 281
674 281
674 280
675 280
676 280
676 279
676 278
676 277
677 277
677 276
678 276
679 276
679 275
680 275
681 275
682 275
682 274
682 273
682 272
683 272
684 272
684 273
685 273
685 274
685 275
686 275
686 276
686 277
686 278
687 278
688 278
688 277
688 276
688 275
688 274
689 274
690 274
691 274
691 275
691 276
692 276
693 276
694 276
695 276
695 275
696 275
696 274
696 273
697 273
697 272
697 271
697 270
697 269
697 268
697 267
697 266
697 265
697 264
697 263
697 262
697 261
697 260
697 259
697 258
697 257
697 256
697 255
697 254
697 253
696 253
696 252
696 251
696 250
696 249
695 249
695 248
695 247
694 247
694 246
693 246
693 245
693 244
692 244
692 243
692 242
691 242
691 241
691 240
691 239
691 238
690 238
690 237
690 236
689 236
689 235
689 234
689 233
689 232
689 231
688 231
688 230
688 229
687 229
687 228
687 227
686 227
686 226
685 226
685 225
684 225
683 225
682 225
682 224
681 224
681 223
680 223
680 222
679 222
679 221
679 220
678 220
677 220
677 219
676 219
676 218
675 218
675 217
675 216
675 215
674 215
674 214
674 213
674 212
674 211
673 211
673 210
673 209
672 209
672 208
671 208
671 207
670 207
670 206
670 205
671 205
671 204
671 203
671 202
670 202
670 201
670 200
670 199
670 198
669 198
669 197
669 196
669 195
669 194
669 193
668 193
668 192
668 191
667 191
667 190
667 189
666 189
666 188
665 188
665 187
664 187
664 186
664 185
664 184
664 183
664 182
664 181
664 180
664 179
664 178
664 177
664 176
664 175
664 174
663 174
663 173
663 172
662 172
662 171
662 170
662 169
662 168
662 167
662 166
661 166
661 165
661 164
661 163
661 162
660 162
660 161
660 160
660 159
660 158
660 157
661 157
661 156
661 155
661 154
661 153
662 153
662 152
662 151
662 150
662 149
662 148
662 147
662 146
662 145
662 144
661 144
661 143
661 142
661 141
661 140
661 139
662 139
662 138
662 137
662 136
662 135
661 135
661 134
661 133
661 132
661 131
661 130
660 130
660 129
660 128
660 127
659 127
659 126
659 125
660 125
661 125
662 125
662 124
662 123
662 122
661 122
660 122
660 121
659 121
658 121
658 120
658 119
659 119
659 118
659 117
659 116
659 115
660 115
660 114
660 113
661 113
662 113
662 114
663 114
664 114
664 115
665 115
666 115
666 114
666 113
667 113
667 112
667 111
666 111
665 111
664 111
664 110
664 109
663 109
662 109
662 110
661 110
660 110
660 109
660 108
659 108
659 107
659 106
659 105
659 104
658 104
658 103
658 102
658 101
658 100
658 99
657 99
657 98
656 98
656 97
656 96
657 96
657 97
658 97
658 98
659 98
659 99
659 100
659 101
660 101
660 102
660 103
660 104
660 105
661 105
661 106
662 106
663 106
663 105
663 104
663 103
662 103
662 102
662 101
662 100
662 99
661 99
661 98
661 97
661 96
661 95
661 94
661 93
661 92
661 91
662 91
662 92
662 93
662 94
662 95
663 95
663 96
663 97
663 98
663 99
664 99
664 100
665 100
666 100
666 99
666 98
666 97
666 96
665 96
665 95
665 94
665 93
665 92
665 91
664 91
664 90
664 89
664 88
665 88
665 89
665 90
666 90
666 91
666 92
666 93
666 94
667 94
667 95
667 96
667 97
667 98
668 98
668 99
668 100
669 100
669 101
670 101
671 101
671 100
671 99
672 99
672 98
673 98
673 97
674 97
675 97
676 97
677 97
678 97
678 96
678 95
677 95
677 94
677 93
678 93
678 92
678 91
677 91
677 90
676 90
675 90
675 89
675 88
674 88
674 87
674 86
674 85
674 84
673 84
673 83
672 83
672 82
672 81
672 80
672 79
671 79
670 79
670 80
669 80
668 80
668 79
668 78
668 77
669 77
669 76
669 75
670 75
670 74
671 74
671 73
672 73
673 73
674 73
675 73
675 72
676 72
677 72
677 71
677 70
678 70
678 69
679 69
679 68
679 67
679 66
679 65
678 65
677 65
677 64
677 63
678 63
678 62
678 61
677 61
676 61
675 61
675 62
674 62
674 63
673 63
673 64
673 65
672 65
671 65
670 65
670 64
670 63
670 62
670 61
669 61
669 62
668 62
667 62
667 61
667 60
667 59
668 59
668 58
668 57
668 56
668 55
667 55
666 55
666 56
665 56
665 57
665 58
665 59
665 60
664 60
664 61
664 62
663 62
663 63
662 63
661 63
660 63
659 63
659 62
658 62
658 61
658 60
657 60
657 59
657 58
657 57
657 56
657 55
657 54
657 53
657 52
657 51
657 50
656 50
656 49
656 48
656 47
657 47
657 46
657 45
656 45
656 44
656 43
656 42
655 42
655 41
654 41
654 40
654 39
654 38
654 37
655 37
656 37
656 36
655 36
655 35
656 35
657 35
657 34
656 34
656 33
657 33
657 32
657 31
657 30
658 30
658 29
658 28
658 27
659 27
659 26
659 25
659 24
658 24
658 23
658 22
657 22
657 21
657 20
657 19
658 19
659 19
659 20
660 20
660 21
660 22
660 23
660 24
660 25
661 25
662 25
662 26
663 26
664 26
664 27
665 27
665 28
666 28
666 29
666 30
666 31
667 31
667 32
668 32
668 33
668 34
669 34
670 34
670 35
671 35
672 35
673 35
673 34
673 33
673 32
672 32
671 32
671 31
671 30
671 29
670 29
670 28
670 27
669 27
668 27
668 26
668 25
667 25
667 24
666 24
666 23
665 23
664 23
664 22
663 22
663 21
663 20
663 19
664 19
664 18
664 17
664 16
665 16
666 16
666 15
666 14
666 13
666 12
665 12
664 12
663 12
663 11
663 10
663 9
664 9
664 8
664 7
664 6
664 5
664 4
664 3
663 3
663 2
662 2
662 1
-10 -10
