-3 -3
347 18
346 18
346 19
345 19
345 20
344 20
343 20
343 19
342 19
342 18
341 18
340 18
339 18
339 19
338 19
337 19
336 19
336 18
335 18
334 18
334 17
334 16
334 15
333 15
332 15
332 14
331 14
330 14
330 13
329 13
329 12
328 12
328 11
327 11
326 11
325 11
325 10
324 10
323 10
322 10
322 9
321 9
321 8
321 7
320 7
320 6
319 6
319 5
318 5
317 5
317 6
316 6
315 6
315 5
315 4
314 4
313 4
313 5
312 5
311 5
310 5
309 5
309 6
309 7
308 7
307 7
307 6
306 6
305 6
304 6
304 7
303 7
303 8
302 8
301 8
301 9
300 9
299 9
298 9
298 10
297 10
297 11
297 12
296 12
295 12
294 12
294 11
293 11
292 11
291 11
290 11
289 11
288 11
287 11
286 11
285 11
284 11
283 11
282 11
281 11
280 11
280 10
279 10
278 10
277 10
276 10
276 9
275 9
274 9
274 8
273 8
272 8
271 8
270 8
270 9
269 9
268 9
267 9
266 9
265 9
264 9
263 9
262 9
262 10
261 10
260 10
260 11
259 11
259 12
259 13
258 13
258 14
257 14
256 14
255 14
254 14
254 15
253 15
252 15
252 16
251 16
250 16
249 16
249 15
248 15
248 14
247 14
247 13
246 13
245 13
245 14
245 15
245 16
244 16
243 16
243 17
242 17
241 17
241 18
240 18
239 18
239 17
238 17
237 17
236 17
236 18
235 18
235 19
234 19
234 20
233 20
232 20
232 21
231 21
230 21
229 21
228 21
227 21
226 21
226 22
225 22
224 22
224 21
223 21
222 21
221 21
220 21
220 20
219 20
218 20
217 20
217 19
216 19
216 18
215 18
215 17
214 17
214 16
213 16
212 16
211 16
210 16
210 17
210 18
209 18
208 18
207 18
207 19
206 19
205 19
204 19
204 18
203 18
202 18
201 18
201 17
200 17
200 16
199 16
199 15
198 15
197 15
196 15
196 14
195 14
194 14
194 13
193 13
192 13
191 13
190 13
189 13
189 14
188 14
187 14
186 14
186 13
185 13
184 13
183 13
182 13
182 14
182 15
183 15
183 16
184 16
184 17
184 18
184 19
184 20
183 20
182 20
181 20
180 20
179 20
178 20
178 21
177 21
176 21
175 21
174 21
174 22
173 22
172 22
171 22
170 22
170 23
170 24
170 25
170 26
170 27
171 27
171 28
171 29
172 29
172 30
172 31
173 31
173 32
174 32
174 33
174 34
173 34
173 35
172 35
171 35
171 36
170 36
169 36
168 36
168 37
167 37
166 37
165 37
164 37
163 37
162 37
161 37
161 38
160 38
159 38
158 38
157 38
157 39
156 39
155 39
154 39
154 38
153 38
152 38
152 37
151 37
150 37
149 37
148 37
147 37
146 37
145 37
145 36
144 36
143 36
142 36
142 35
141 35
141 34
141 33
141 32
140 32
140 31
139 31
139 30
138 30
137 30
137 31
137 32
136 32
135 32
135 33
134 33
133 33
132 33
131 33
130 33
130 34
130 35
130 36
130 37
130 38
130 39
130 40
130 41
130 42
130 43
129 43
129 44
128 44
128 45
127 45
127 46
126 46
126 47
125 47
125 48
124 48
123 48
122 48
122 49
121 49
120 49
120 48
119 48
119 47
118 47
118 46
117 46
117 45
117 44
118 44
118 43
118 42
117 42
116 42
116 41
115 41
115 40
114 40
114 39
113 39
113 38
113 37
113 36
113 35
113 34
112 34
112 33
111 33
110 33
109 33
109 32
108 32
107 32
106 32
106 33
106 34
106 35
106 36
105 36
105 37
105 38
105 39
106 39
107 39
108 39
108 40
109 40
110 40
110 41
110 42
111 42
111 43
112 43
112 44
113 44
113 45
113 46
113 47
113 48
112 48
112 49
112 50
112 51
111 51
111 52
110 52
109 52
108 52
107 52
106 52
106 53
105 53
104 53
104 54
103 54
103 55
102 55
102 56
101 56
100 56
100 57
99 57
98 57
97 57
97 58
97 59
97 60
98 60
98 61
98 62
98 63
97 63
96 63
95 63
95 62
94 62
94 61
93 61
93 60
92 60
92 59
91 59
91 58
90 58
90 57
89 57
89 56
88 56
88 55
88 54
87 54
87 53
86 53
86 52
86 51
85 51
85 50
85 49
84 49
84 48
83 48
83 47
83 46
82 46
82 45
82 44
81 44
81 43
80 43
80 42
80 41
79 41
79 40
78 40
78 39
77 39
76 39
76 38
75 38
75 37
74 37
74 36
73 36
73 35
72 35
71 35
71 34
70 34
69 34
69 33
68 33
67 33
67 32
66 32
65 32
64 32
63 32
62 32
61 32
61 33
60 33
59 33
58 33
58 32
58 31
57 31
56 31
55 31
54 31
53 31
52 31
51 31
51 32
50 32
50 33
50 34
49 34
49 35
49 36
48 36
47 36
46 36
45 36
44 36
43 36
43 35
42 35
42 34
41 34
40 34
40 33
39 33
38 33
38 32
37 32
37 31
36 31
36 30
35 30
35 29
34 29
34 28
33 28
33 27
32 27
32 26
31 26
31 25
30 25
30 24
29 24
29 23
28 23
28 22
28 21
27 21
27 20
26 20
26 19
25 19
25 18
24 18
24 17
23 17
23 16
22 16
22 15
21 15
21 14
20 14
20 13
19 13
18 13
18 12
17 12
17 11
16 11
15 11
15 10
14 10
14 9
13 9
13 8
12 8
11 8
10 8
10 7
9 7
9 6
8 6
8 5
7 5
6 5
6 4
5 4
4 4
3 4
2 4
1 4
-10 -10
