-3 -3
857 200
856 200
855 200
854 200
853 200
853 201
852 201
851 201
850 201
850 200
849 200
848 200
848 199
848 198
847 198
846 198
846 197
845 197
845 196
844 196
843 196
842 196
842 197
842 198
841 198
841 199
841 200
840 200
839 200
838 200
837 200
836 200
835 200
834 200
834 199
833 199
832 199
831 199
831 198
831 197
832 197
833 197
833 196
833 195
832 195
832 194
832 193
831 193
831 192
830 192
829 192
828 192
828 191
827 191
826 191
825 191
824 191
824 190
824 189
823 189
822 189
822 188
822 187
821 187
820 187
820 186
819 186
818 186
818 185
817 185
816 185
816 184
815 184
814 184
813 184
813 183
812 183
811 183
810 183
809 183
809 182
808 182
808 181
807 181
806 181
806 180
806 179
806 178
805 178
805 177
804 177
804 176
804 175
803 175
803 174
802 174
801 174
801 173
800 173
799 173
799 174
798 174
797 174
796 174
795 174
794 174
794 173
793 173
793 172
792 172
792 171
791 171
790 171
790 172
789 172
789 173
788 173
787 173
786 173
785 173
784 173
783 173
782 173
781 173
780 173
780 174
780 175
781 175
781 176
781 177
780 177
779 177
779 176
778 176
778 175
777 175
776 175
775 175
774 175
773 175
772 175
772 176
771 176
770 176
770 177
770 178
769 178
768 178
767 178
766 178
766 179
765 179
764 179
764 180
763 180
762 180
762 181
761 181
761 182
760 182
759 182
759 183
758 183
757 183
757 184
756 184
756 185
756 186
755 186
754 186
754 187
753 187
752 187
752 186
752 185
751 185
751 184
750 184
749 184
748 184
747 184
746 184
745 184
744 184
743 184
743 185
742 185
741 185
740 185
739 185
739 186
738 186
737 186
736 186
735 186
735 185
734 185
733 185
733 186
732 186
731 186
731 185
730 185
729 185
728 185
727 185
726 185
726 184
725 184
724 184
723 184
723 183
722 183
721 183
720 183
719 183
718 183
717 183
716 183
715 183
715 182
715 181
714 181
713 181
713 180
712 180
712 179
711 179
710 179
709 179
708 179
708 178
707 178
706 178
705 178
704 178
704 179
703 179
703 180
702 180
701 180
701 181
700 181
699 181
698 181
698 182
697 182
696 182
696 181
696 180
695 180
694 180
693 180
693 181
692 181
691 181
690 181
689 181
688 181
687 181
686 181
685 181
684 181
683 181
682 181
682 182
681 182
681 183
681 184
681 185
681 186
681 187
680 187
680 188
680 189
680 190
679 190
678 190
678 189
677 189
677 188
676 188
675 188
675 189
674 189
673 189
672 189
672 190
671 190
670 190
669 190
669 191
669 192
668 192
667 192
667 193
666 193
665 193
665 194
664 194
663 194
662 194
662 193
661 193
661 192
660 192
660 191
660 190
659 190
659 189
658 189
658 188
657 188
656 188
655 188
654 188
654 189
653 189
653 190
653 191
653 192
653 193
653 194
652 194
652 195
651 195
650 195
650 196
649 196
648 196
648 197
647 197
646 197
646 198
645 198
644 198
643 198
642 198
641 198
641 197
640 197
639 197
639 198
638 198
637 198
637 197
636 197
635 197
635 198
634 198
634 199
633 199
633 200
632 200
631 200
631 201
631 202
630 202
629 202
628 202
628 203
627 203
626 203
626 204
625 204
624 204
623 204
622 204
621 204
620 204
620 205
619 205
618 205
618 204
617 204
616 204
616 205
615 205
615 206
614 206
613 206
612 206
612 205
611 205
611 204
610 204
609 204
608 204
607 204
606 204
605 204
604 204
604 203
603 203
603 202
602 202
601 202
601 203
600 203
600 204
599 204
598 204
598 203
598 202
597 202
597 201
596 201
596 200
595 200
595 199
595 198
594 198
594 197
593 197
593 196
592 196
592 195
591 195
591 194
590 194
589 194
588 194
587 194
586 194
586 193
585 193
584 193
583 193
582 193
581 193
581 194
581 195
582 195
582 196
582 197
582 198
582 199
581 199
580 199
579 199
579 198
579 197
578 197
577 197
577 198
576 198
576 199
576 200
575 200
574 200
574 201
573 201
572 201
572 200
571 200
570 200
570 199
569 199
568 199
567 199
566 199
565 199
565 198
565 197
565 196
564 196
564 195
563 195
562 195
562 194
561 194
560 194
560 193
559 193
558 193
557 193
556 193
555 193
555 192
555 191
555 190
554 190
553 190
552 190
551 190
551 189
551 188
551 187
551 186
551 185
550 185
549 185
549 186
548 186
548 187
547 187
547 188
546 188
545 188
544 188
544 189
543 189
542 189
541 189
540 189
539 189
539 190
538 190
537 190
536 190
535 190
534 190
533 190
532 190
532 189
531 189
530 189
530 190
529 190
528 190
528 189
527 189
526 189
525 189
524 189
524 190
523 190
523 191
523 192
524 192
524 193
525 193
526 193
526 194
527 194
528 194
529 194
529 195
530 195
530 196
530 197
529 197
529 198
529 199
530 199
530 200
530 201
531 201
531 202
531 203
530 203
529 203
528 203
528 202
527 202
526 202
525 202
524 202
523 202
522 202
522 203
521 203
520 203
519 203
518 203
518 204
518 205
517 205
516 205
515 205
514 205
513 205
512 205
511 205
510 205
510 206
509 206
509 207
508 207
507 207
506 207
505 207
504 207
504 208
503 208
503 209
503 210
502 210
502 211
502 212
502 213
502 214
502 215
503 215
504 215
504 216
504 217
504 218
505 218
505 219
505 220
505 221
506 221
506 222
506 223
507 223
507 224
507 225
507 226
508 226
508 227
509 227
510 227
511 227
511 228
511 229
511 230
510 230
510 231
510 232
509 232
509 233
508 233
507 233
506 233
506 234
505 234
504 234
503 234
503 235
502 235
501 235
501 236
500 236
499 236
498 236
497 236
497 237
496 237
495 237
494 237
493 237
492 237
491 237
491 236
490 236
489 236
488 236
488 235
488 234
488 233
487 233
486 233
486 234
485 234
485 235
484 235
484 236
484 237
484 238
483 238
482 238
481 238
480 238
480 239
479 239
478 239
477 239
477 240
476 240
475 240
474 240
473 240
472 240
471 240
471 239
470 239
469 239
469 238
468 238
468 237
467 237
466 237
466 236
465 236
464 236
463 236
463 235
462 235
461 235
460 235
460 236
459 236
458 236
457 236
456 236
455 236
454 236
453 236
452 236
452 235
451 235
450 235
449 235
448 235
447 235
447 234
446 234
446 233
446 232
446 231
446 230
445 230
445 229
445 228
445 227
444 227
444 226
443 226
443 225
442 225
442 224
441 224
441 223
440 223
440 222
439 222
438 222
437 222
437 223
437 224
437 225
436 225
436 226
435 226
435 227
434 227
433 227
432 227
432 228
431 228
430 228
429 228
428 228
428 227
427 227
426 227
425 227
424 227
424 228
424 229
423 229
423 230
423 231
423 232
422 232
422 233
421 233
421 234
421 235
421 236
422 236
422 237
422 238
422 239
422 240
422 241
422 242
422 243
423 243
423 244
423 245
423 246
423 247
422 247
422 248
422 249
421 249
421 250
420 250
420 251
419 251
419 252
418 252
418 253
417 253
417 254
416 254
416 255
415 255
415 256
414 256
414 257
413 257
413 258
412 258
411 258
410 258
409 258
408 258
407 258
407 259
407 260
406 260
405 260
404 260
403 260
403 259
403 258
402 258
401 258
401 257
400 257
400 256
399 256
399 255
398 255
398 254
397 254
397 253
397 252
398 252
398 251
399 251
399 250
400 250
400 249
401 249
401 248
401 247
402 247
402 246
402 245
401 245
400 245
400 246
399 246
399 247
398 247
397 247
397 246
396 246
395 246
394 246
394 245
394 244
393 244
393 243
392 243
392 242
392 241
391 241
391 240
390 240
389 240
389 239
389 238
389 237
390 237
390 236
390 235
390 234
390 233
390 232
390 231
390 230
389 230
388 230
388 229
387 229
387 228
386 228
386 227
385 227
384 227
384 228
384 229
383 229
382 229
382 228
382 227
381 227
380 227
379 227
378 227
377 227
376 227
376 226
375 226
374 226
374 227
374 228
375 228
375 229
375 230
374 230
374 231
373 231
373 232
373 233
373 234
373 235
373 236
373 237
373 238
372 238
372 239
372 240
372 241
373 241
374 241
375 241
376 241
377 241
378 241
379 241
379 242
379 243
380 243
380 244
381 244
382 244
382 245
382 246
383 246
383 247
384 247
384 248
385 248
385 249
386 249
387 249
387 250
387 251
388 251
388 252
389 252
389 253
389 254
389 255
389 256
389 257
389 258
388 258
388 259
388 260
387 260
387 261
387 262
387 263
387 264
387 265
386 265
385 265
385 266
384 266
383 266
382 266
381 266
381 267
380 267
379 267
378 267
377 267
376 267
375 267
375 268
375 269
374 269
373 269
373 268
373 267
373 266
372 266
371 266
370 266
370 267
370 268
370 269
369 269
369 270
369 271
369 272
368 272
367 272
367 273
366 273
365 273
365 274
364 274
363 274
363 275
362 275
361 275
360 275
359 275
358 275
358 276
357 276
357 277
356 277
356 278
355 278
354 278
354 279
353 279
353 280
352 280
352 281
352 282
352 283
352 284
353 284
353 285
354 285
354 286
355 286
356 286
357 286
357 285
358 285
359 285
359 286
358 286
358 287
357 287
357 288
356 288
356 289
355 289
354 289
353 289
353 288
353 287
352 287
352 286
351 286
351 285
350 285
349 285
349 284
348 284
348 283
347 283
347 282
346 282
346 281
345 281
345 280
344 280
344 279
343 279
343 278
342 278
342 277
342 276
341 276
341 275
340 275
340 274
340 273
339 273
339 272
338 272
338 271
338 270
337 270
337 269
336 269
336 268
336 267
335 267
335 266
334 266
334 265
334 264
333 264
333 263
333 262
332 262
332 261
332 260
331 260
331 259
330 259
330 258
330 257
329 257
329 256
329 255
328 255
328 254
328 253
327 253
327 252
326 252
326 251
326 250
325 250
325 249
324 249
324 248
323 248
323 247
322 247
322 246
321 246
321 245
320 245
320 244
320 243
319 243
319 242
318 242
318 241
317 241
317 240
316 240
315 240
315 239
314 239
314 238
313 238
313 237
312 237
312 236
311 236
310 236
310 235
309 235
309 234
308 234
308 233
307 233
306 233
306 232
305 232
305 231
304 231
303 231
303 230
302 230
301 230
301 229
300 229
299 229
298 229
298 228
297 228
296 228
296 227
295 227
294 227
293 227
292 227
291 227
290 227
289 227
288 227
287 227
286 227
285 227
285 228
284 228
284 229
283 229
282 229
281 229
280 229
279 229
279 228
280 228
281 228
281 227
282 227
283 227
283 226
284 226
284 225
283 225
282 225
281 225
280 225
279 225
278 225
277 225
277 224
276 224
275 224
274 224
273 224
272 224
271 224
270 224
269 224
268 224
268 225
267 225
266 225
265 225
264 225
264 226
263 226
262 226
262 227
261 227
260 227
260 228
259 228
258 228
258 229
257 229
257 230
257 231
257 232
257 233
258 233
258 234
258 235
257 235
256 235
256 234
255 234
254 234
253 234
253 233
252 233
251 233
251 232
250 232
249 232
248 232
248 231
247 231
246 231
246 230
245 230
244 230
243 230
243 229
242 229
241 229
241 228
240 228
239 228
239 227
238 227
238 226
237 226
237 225
236 225
236 224
235 224
235 223
234 223
234 222
234 221
233 221
233 220
232 220
232 219
231 219
231 218
230 218
230 217
229 217
229 216
228 216
227 216
227 215
226 215
226 214
225 214
225 213
224 213
224 212
224 211
223 211
223 210
222 210
222 209
221 209
221 208
220 208
220 207
219 207
219 206
218 206
218 205
218 204
217 204
217 203
216 203
216 202
215 202
215 201
214 201
214 200
213 200
213 199
212 199
212 198
211 198
211 197
210 197
210 196
209 196
209 195
208 195
208 194
207 194
207 193
206 193
206 192
205 192
205 191
204 191
204 190
203 190
203 189
202 189
202 188
201 188
201 187
200 187
199 187
199 186
198 186
197 186
196 186
196 185
195 185
194 185
194 184
193 184
193 183
192 183
192 182
192 181
192 180
191 180
191 179
190 179
189 179
189 178
188 178
187 178
187 177
186 177
185 177
185 178
184 178
183 178
183 177
183 176
182 176
181 176
181 175
180 175
180 174
179 174
178 174
178 173
177 173
176 173
176 172
175 172
175 171
174 171
173 171
173 170
172 170
171 170
170 170
169 170
168 170
167 170
166 170
165 170
164 170
163 170
163 171
162 171
161 171
160 171
159 171
159 172
159 173
158 173
158 174
157 174
156 174
156 175
155 175
154 175
154 176
154 177
154 178
154 179
153 179
152 179
152 178
151 178
151 177
150 177
149 177
149 176
148 176
148 175
148 174
147 174
147 173
147 172
146 172
146 171
146 170
145 170
144 170
144 169
144 168
143 168
143 167
142 167
142 166
142 165
141 165
140 165
140 164
139 164
139 163
139 162
138 162
137 162
137 161
136 161
136 160
135 160
135 159
134 159
134 158
133 158
133 157
133 156
133 155
133 154
133 153
133 152
133 151
132 151
131 151
131 152
130 152
130 151
129 151
128 151
127 151
126 151
126 150
126 149
126 148
126 147
126 146
126 145
126 144
125 144
125 143
124 143
124 142
124 141
123 141
123 140
122 140
122 139
121 139
121 138
120 138
119 138
119 137
118 137
118 136
117 136
117 135
116 135
116 134
115 134
115 133
114 133
114 132
113 132
113 131
112 131
112 130
111 130
111 129
110 129
110 128
110 127
109 127
108 127
107 127
107 126
106 126
105 126
105 127
105 128
105 129
106 129
106 130
107 130
107 131
108 131
108 132
109 132
109 133
110 133
110 134
111 134
111 135
111 136
111 137
110 137
110 136
109 136
109 135
108 135
108 134
107 134
107 133
106 133
106 132
105 132
105 131
104 131
104 130
104 129
103 129
103 128
103 127
102 127
102 126
102 125
101 125
101 124
101 123
101 122
101 121
100 121
100 120
100 119
99 119
99 118
99 117
98 117
98 116
98 115
98 114
98 113
98 112
99 112
100 112
100 111
100 110
100 109
100 108
100 107
100 106
99 106
98 106
98 105
97 105
96 105
96 104
96 103
97 103
97 102
97 101
98 101
98 100
99 100
99 99
99 98
98 98
98 97
98 96
99 96
99 95
99 94
98 94
98 93
98 92
97 92
96 92
96 91
96 90
96 89
96 88
96 87
95 87
95 86
95 85
95 84
94 84
94 85
93 85
93 84
92 84
92 83
92 82
92 81
91 81
91 80
91 79
90 79
90 78
90 77
90 76
89 76
89 75
88 75
88 74
88 73
87 73
87 72
87 71
86 71
86 70
85 70
85 69
84 69
84 68
83 68
83 67
82 67
82 66
81 66
81 65
81 64
80 64
79 64
79 63
78 63
78 62
78 61
77 61
77 60
76 60
76 59
76 58
75 58
75 57
74 57
74 56
73 56
73 55
72 55
72 54
71 54
71 53
70 53
70 52
69 52
69 51
68 51
68 50
67 50
67 49
66 49
65 49
65 48
64 48
63 48
63 47
62 47
61 47
61 46
60 46
60 45
59 45
59 44
58 44
58 43
57 43
57 42
56 42
55 42
55 41
54 41
53 41
52 41
52 40
51 40
50 40
50 39
49 39
48 39
48 38
47 38
46 38
46 37
45 37
44 37
43 37
43 36
42 36
41 36
40 36
39 36
38 36
37 36
36 36
35 36
34 36
33 36
33 37
32 37
31 37
30 37
29 37
28 37
27 37
26 37
26 36
25 36
24 36
23 36
22 36
21 36
20 36
19 36
18 36
17 36
16 36
15 36
14 36
14 35
13 35
12 35
11 35
10 35
9 35
8 35
7 35
6 35
5 35
4 35
3 35
2 35
1 35
-10 -10
