-3 -3
429 100
428 100
428 101
427 101
426 101
425 101
425 100
424 100
424 99
423 99
422 99
421 99
421 100
421 101
420 101
419 101
418 101
418 100
417 100
416 100
416 99
416 98
416 97
415 97
415 96
414 96
413 96
412 96
412 95
411 95
411 94
410 94
410 93
409 93
408 93
407 93
407 92
406 92
405 92
404 92
404 91
403 91
403 90
403 89
403 88
402 88
401 88
401 87
400 87
399 87
399 88
398 88
397 88
397 87
397 86
396 86
395 86
395 87
394 87
393 87
392 87
391 87
391 88
391 89
390 89
389 89
389 88
388 88
387 88
386 88
386 89
385 89
385 90
384 90
383 90
382 90
382 91
381 91
381 92
380 92
379 92
379 93
378 93
378 94
377 94
376 94
376 93
375 93
374 93
373 93
372 93
371 93
370 93
370 94
369 94
368 94
368 93
367 93
366 93
365 93
364 93
363 93
362 93
362 92
361 92
360 92
359 92
358 92
358 91
357 91
357 90
356 90
355 90
354 90
353 90
352 90
352 91
351 91
350 91
349 91
348 91
347 91
346 91
345 91
344 91
343 91
342 91
342 92
341 92
341 93
341 94
341 95
340 95
339 95
338 95
337 95
337 96
336 96
335 96
335 97
334 97
333 97
332 97
331 97
331 96
330 96
330 95
329 95
328 95
327 95
327 96
327 97
327 98
326 98
325 98
325 99
324 99
324 100
323 100
322 100
321 100
320 100
319 100
318 100
317 100
317 101
316 101
316 102
315 102
314 102
314 103
313 103
312 103
311 103
310 103
309 103
308 103
308 104
307 104
306 104
306 103
305 103
304 103
303 103
302 103
302 102
301 102
300 102
299 102
299 101
298 101
298 100
297 100
297 99
296 99
296 98
295 98
294 98
293 98
292 98
292 99
292 100
291 100
290 100
289 100
289 101
288 101
287 101
286 101
286 100
285 100
284 100
283 100
283 99
282 99
282 98
281 98
281 97
280 97
279 97
278 97
278 96
277 96
276 96
276 95
276 94
275 94
274 94
274 95
273 95
272 95
271 95
270 95
270 96
269 96
268 96
267 96
267 95
266 95
265 95
264 95
263 95
262 95
262 96
262 97
263 97
264 97
265 97
265 98
266 98
266 99
266 100
266 101
266 102
265 102
264 102
263 102
262 102
261 102
260 102
260 103
259 103
258 103
257 103
256 103
255 103
255 104
254 104
253 104
252 104
252 105
252 106
252 107
252 108
252 109
253 109
253 110
253 111
254 111
254 112
254 113
254 114
255 114
256 114
256 115
256 116
255 116
255 117
254 117
253 117
253 118
252 118
251 118
251 119
250 119
249 119
248 119
247 119
246 119
245 119
244 119
243 119
243 120
242 120
241 120
240 120
239 120
239 121
238 121
237 121
236 121
236 120
235 120
234 120
234 119
233 119
232 119
232 118
231 118
230 118
229 118
228 118
227 118
226 118
225 118
224 118
224 117
223 117
223 116
223 115
223 114
222 114
222 113
221 113
221 112
220 112
219 112
219 113
218 113
218 114
217 114
217 115
216 115
215 115
215 114
214 114
213 114
213 115
212 115
212 116
212 117
212 118
212 119
212 120
212 121
212 122
212 123
212 124
212 125
211 125
211 126
210 126
210 127
209 127
209 128
208 128
208 129
207 129
207 130
206 130
205 130
204 130
204 131
203 131
202 131
202 130
202 129
201 129
200 129
200 128
199 128
199 127
199 126
200 126
200 125
200 124
199 124
198 124
198 123
197 123
197 122
196 122
196 121
195 121
195 120
195 119
195 118
195 117
195 116
194 116
194 115
193 115
192 115
191 115
191 114
190 114
189 114
188 114
188 115
188 116
187 116
187 117
187 118
187 119
187 120
187 121
188 121
189 121
190 121
190 122
191 122
192 122
192 123
192 124
193 124
193 125
194 125
194 126
195 126
195 127
195 128
195 129
195 130
194 130
194 131
194 132
194 133
193 133
193 134
192 134
191 134
190 134
189 134
188 134
188 135
187 135
186 135
185 135
185 136
185 137
184 137
183 137
183 138
182 138
181 138
180 138
179 138
179 139
178 139
178 140
177 140
177 141
177 142
177 143
178 143
179 143
180 143
180 144
179 144
179 145
178 145
177 145
177 144
176 144
176 143
175 143
175 142
174 142
174 141
173 141
173 140
172 140
172 139
171 139
171 138
170 138
170 137
170 136
169 136
169 135
168 135
168 134
168 133
167 133
167 132
167 131
166 131
166 130
165 130
165 129
165 128
164 128
164 127
164 126
163 126
163 125
162 125
162 124
161 124
161 123
160 123
160 122
160 121
159 121
158 121
158 120
157 120
157 119
156 119
156 118
155 118
155 117
154 117
153 117
153 116
152 116
151 116
151 115
150 115
149 115
149 114
148 114
147 114
146 114
145 114
144 114
143 114
143 115
142 115
141 115
140 115
140 114
140 113
139 113
138 113
137 113
136 113
135 113
134 113
133 113
133 114
132 114
131 114
130 114
130 115
129 115
129 116
129 117
129 118
128 118
127 118
127 117
126 117
125 117
125 116
124 116
123 116
122 116
122 115
121 115
120 115
120 114
119 114
119 113
118 113
118 112
117 112
117 111
116 111
116 110
115 110
115 109
114 109
114 108
113 108
113 107
112 107
112 106
111 106
111 105
110 105
110 104
110 103
109 103
109 102
108 102
108 101
107 101
107 100
106 100
106 99
105 99
105 98
104 98
104 97
103 97
103 96
102 96
102 95
101 95
101 94
100 94
100 93
99 93
98 93
97 93
97 92
96 92
96 91
96 90
95 90
94 90
94 89
93 89
92 89
91 89
91 88
90 88
90 87
89 87
88 87
88 86
87 86
86 86
85 86
84 86
83 86
82 86
81 86
80 86
80 87
79 87
79 88
78 88
78 89
78 90
77 90
76 90
76 89
75 89
75 88
74 88
74 87
74 86
73 86
73 85
72 85
72 84
71 84
71 83
70 83
70 82
69 82
69 81
68 81
68 80
67 80
67 79
67 78
67 77
67 76
66 76
65 76
64 76
64 75
64 74
64 73
63 73
63 72
62 72
62 71
61 71
61 70
60 70
60 69
59 69
59 68
58 68
58 67
57 67
57 66
56 66
56 67
56 68
56 69
55 69
55 68
54 68
54 67
53 67
53 66
52 66
52 65
52 64
51 64
51 63
51 62
51 61
50 61
50 60
50 59
49 59
49 58
49 57
50 57
50 56
50 55
50 54
49 54
49 53
49 52
49 51
50 51
50 50
50 49
50 48
50 47
49 47
48 47
48 46
48 45
48 44
48 43
47 43
46 43
46 42
46 41
46 40
45 40
45 39
45 38
44 38
44 37
44 36
43 36
43 35
42 35
42 34
41 34
41 33
40 33
40 32
39 32
39 31
39 30
38 30
38 29
37 29
37 28
36 28
36 27
35 27
35 26
34 26
34 25
33 25
32 25
32 24
31 24
31 23
30 23
30 22
29 22
28 22
28 21
27 21
26 21
25 21
25 20
24 20
24 19
23 19
22 19
21 19
20 19
19 19
18 19
17 19
16 19
15 19
14 19
13 19
12 19
11 19
10 19
9 19
9 18
8 18
7 18
6 18
5 18
4 18
3 18
2 18
1 18
-10 -10
