-3 -3
409 78
408 78
408 77
407 77
406 77
406 76
405 76
404 76
404 75
403 75
402 75
402 74
401 74
401 73
401 72
400 72
399 72
399 71
398 71
398 70
397 70
396 70
396 69
395 69
395 68
394 68
394 67
393 67
393 66
392 66
391 66
391 65
390 65
389 65
389 64
389 63
389 62
388 62
388 61
388 60
388 59
388 58
388 57
387 57
386 57
385 57
384 57
384 58
384 59
384 60
383 60
383 61
383 62
383 63
384 63
384 64
385 64
385 65
385 66
385 67
385 68
386 68
386 69
387 69
387 70
388 70
388 71
388 72
389 72
390 72
390 73
390 74
391 74
391 75
392 75
393 75
393 76
394 76
394 77
395 77
395 78
396 78
396 79
397 79
397 80
398 80
398 81
399 81
399 82
400 82
400 83
401 83
401 84
402 84
402 85
403 85
403 86
403 87
403 88
404 88
404 89
404 90
404 91
403 91
403 92
402 92
402 93
401 93
400 93
400 94
400 95
399 95
399 96
398 96
398 97
398 98
397 98
396 98
395 98
395 97
395 96
395 95
394 95
394 94
394 93
394 92
394 91
394 90
394 89
394 88
393 88
392 88
391 88
390 88
390 89
389 89
388 89
387 89
386 89
385 89
385 90
385 91
384 91
383 91
382 91
382 90
381 90
381 89
380 89
379 89
379 88
378 88
378 87
377 87
377 86
376 86
375 86
374 86
374 85
374 84
374 83
374 82
373 82
373 81
373 80
373 79
373 78
373 77
373 76
373 75
372 75
371 75
370 75
370 76
369 76
369 77
369 78
368 78
367 78
367 77
366 77
366 76
366 75
366 74
366 73
365 73
365 72
364 72
364 71
363 71
363 70
362 70
362 69
361 69
361 68
361 67
361 66
360 66
359 66
359 65
358 65
358 64
357 64
357 63
356 63
356 62
355 62
355 61
354 61
353 61
352 61
352 62
351 62
351 63
350 63
350 62
349 62
348 62
347 62
347 61
346 61
346 60
346 59
346 58
345 58
345 57
344 57
343 57
342 57
341 57
341 56
340 56
340 55
340 54
339 54
339 53
339 52
339 51
340 51
340 50
340 49
340 48
340 47
340 46
340 45
339 45
339 44
338 44
338 43
337 43
337 42
336 42
336 41
335 41
334 41
333 41
332 41
331 41
330 41
329 41
329 40
328 40
327 40
327 39
327 38
326 38
326 37
325 37
324 37
323 37
322 37
322 38
322 39
322 40
323 40
323 41
324 41
324 42
324 43
324 44
325 44
325 45
325 46
325 47
325 48
325 49
325 50
324 50
324 51
323 51
323 52
322 52
321 52
321 51
320 51
320 50
320 49
320 48
319 48
318 48
317 48
317 49
317 50
317 51
317 52
317 53
317 54
316 54
315 54
314 54
314 55
313 55
313 56
313 57
312 57
311 57
311 56
310 56
309 56
309 55
309 54
310 54
310 53
311 53
311 52
311 51
311 50
311 49
310 49
310 48
310 47
309 47
308 47
308 46
308 45
308 44
308 43
307 43
306 43
305 43
304 43
303 43
302 43
301 43
300 43
299 43
298 43
297 43
297 44
296 44
296 45
295 45
294 45
294 44
293 44
293 43
292 43
292 42
291 42
290 42
289 42
289 43
288 43
288 44
287 44
286 44
285 44
285 43
285 42
286 42
286 41
287 41
288 41
288 40
289 40
290 40
291 40
291 39
291 38
291 37
291 36
291 35
291 34
290 34
289 34
289 33
288 33
287 33
286 33
286 32
285 32
285 31
285 30
285 29
284 29
283 29
283 28
283 27
282 27
282 26
282 25
282 24
281 24
280 24
280 25
279 25
278 25
277 25
277 24
277 23
277 22
277 21
278 21
278 20
279 20
279 19
280 19
280 18
280 17
281 17
281 16
281 15
281 14
281 13
282 13
282 12
283 12
283 11
283 10
284 10
284 9
284 8
283 8
282 8
281 8
280 8
279 8
278 8
277 8
276 8
275 8
275 9
274 9
273 9
273 8
272 8
271 8
271 7
270 7
270 6
269 6
268 6
268 7
267 7
267 8
266 8
265 8
265 9
264 9
264 10
263 10
262 10
261 10
260 10
259 10
259 11
258 11
258 12
257 12
256 12
256 13
255 13
254 13
254 14
253 14
252 14
251 14
251 15
250 15
249 15
249 16
248 16
248 17
247 17
246 17
245 17
245 18
244 18
244 19
243 19
243 20
242 20
241 20
241 21
240 21
240 22
239 22
239 23
238 23
238 24
238 25
237 25
237 26
237 27
237 28
236 28
236 29
235 29
234 29
234 28
234 27
234 26
233 26
232 26
232 27
232 28
231 28
230 28
230 29
230 30
229 30
229 31
229 32
228 32
227 32
227 33
226 33
226 34
225 34
225 35
224 35
224 36
223 36
223 37
222 37
222 38
222 39
222 40
222 41
222 42
223 42
223 43
223 44
224 44
225 44
226 44
226 45
226 46
225 46
224 46
224 47
223 47
222 47
222 48
221 48
220 48
220 47
219 47
219 46
218 46
218 45
217 45
217 44
217 43
216 43
215 43
214 43
213 43
212 43
211 43
211 44
210 44
210 45
209 45
208 45
208 46
207 46
206 46
205 46
204 46
203 46
202 46
201 46
200 46
200 45
199 45
198 45
197 45
196 45
195 45
194 45
193 45
193 46
192 46
191 46
190 46
190 47
189 47
188 47
187 47
186 47
186 48
185 48
184 48
184 49
183 49
183 50
182 50
181 50
181 51
180 51
179 51
179 50
179 49
179 48
178 48
177 48
177 49
176 49
176 50
176 51
176 52
175 52
175 53
174 53
174 54
173 54
173 55
172 55
172 56
171 56
170 56
170 57
169 57
168 57
168 58
167 58
166 58
166 59
165 59
164 59
164 60
163 60
162 60
161 60
161 61
161 62
160 62
160 63
159 63
159 64
159 65
158 65
158 66
157 66
157 67
156 67
156 68
155 68
155 69
154 69
154 70
153 70
153 71
152 71
152 72
151 72
150 72
150 73
149 73
148 73
147 73
147 74
146 74
145 74
145 75
144 75
144 76
143 76
142 76
141 76
141 75
140 75
139 75
138 75
138 76
138 77
137 77
136 77
135 77
134 77
133 77
132 77
132 76
132 75
131 75
130 75
129 75
128 75
128 74
127 74
126 74
126 73
125 73
124 73
123 73
122 73
121 73
120 73
119 73
119 72
118 72
118 71
117 71
117 70
116 70
115 70
114 70
113 70
113 71
112 71
111 71
111 70
110 70
109 70
109 71
108 71
107 71
106 71
106 72
106 73
106 74
105 74
104 74
103 74
102 74
101 74
101 75
100 75
100 76
99 76
99 77
98 77
98 78
97 78
97 79
96 79
96 80
95 80
95 81
95 82
94 82
93 82
93 81
92 81
91 81
91 82
90 82
89 82
88 82
88 83
87 83
86 83
86 84
85 84
84 84
83 84
82 84
82 85
81 85
80 85
79 85
78 85
77 85
76 85
75 85
74 85
73 85
73 84
72 84
71 84
70 84
69 84
69 85
68 85
68 86
67 86
67 87
66 87
65 87
64 87
63 87
63 88
62 88
61 88
60 88
59 88
59 89
58 89
58 90
58 91
59 91
59 92
59 93
58 93
57 93
56 93
56 94
55 94
55 95
54 95
54 96
53 96
53 97
52 97
51 97
50 97
49 97
49 96
48 96
47 96
46 96
46 97
46 98
46 99
46 100
45 100
45 101
44 101
44 102
43 102
42 102
41 102
40 102
40 103
39 103
38 103
38 104
37 104
37 105
37 106
36 106
35 106
35 107
35 108
34 108
33 108
32 108
32 109
31 109
30 109
30 110
29 110
28 110
27 110
26 110
25 110
24 110
23 110
23 111
22 111
21 111
21 110
20 110
19 110
19 109
18 109
18 108
17 108
16 108
15 108
14 108
13 108
13 109
13 110
13 111
12 111
11 111
10 111
10 112
10 113
9 113
8 113
7 113
6 113
5 113
4 113
3 113
3 112
2 112
1 112
-10 -10
