-3 -3
1 173
2 173
2 174
3 174
4 174
4 175
5 175
5 176
6 176
7 176
8 176
8 177
9 177
10 177
11 177
12 177
12 176
13 176
14 176
15 176
16 176
16 175
17 175
18 175
18 174
19 174
20 174
20 173
20 172
20 171
20 170
20 169
19 169
19 168
19 167
19 166
20 166
20 165
21 165
22 165
23 165
24 165
25 165
25 166
26 166
26 167
27 167
28 167
29 167
30 167
31 167
31 168
32 168
33 168
34 168
34 169
35 169
35 170
36 170
37 170
38 170
39 170
40 170
41 170
42 170
42 169
43 169
44 169
44 168
45 168
45 167
45 166
46 166
46 165
47 165
47 164
47 163
48 163
49 163
50 163
50 162
51 162
52 162
53 162
53 161
54 161
55 161
55 160
56 160
57 160
58 160
59 160
59 159
60 159
61 159
62 159
63 159
63 158
64 158
65 158
66 158
66 159
66 160
67 160
68 160
68 161
69 161
69 162
70 162
70 163
71 163
71 164
72 164
72 165
73 165
73 166
73 167
73 168
74 168
75 168
76 168
77 168
78 168
79 168
80 168
81 168
82 168
82 167
83 167
84 167
85 167
86 167
87 167
87 166
88 166
89 166
90 166
90 165
91 165
92 165
93 165
94 165
94 164
95 164
96 164
97 164
98 164
98 163
99 163
100 163
101 163
102 163
103 163
104 163
105 163
106 163
107 163
108 163
108 164
109 164
110 164
111 164
112 164
112 165
113 165
114 165
115 165
116 165
117 165
118 165
119 165
120 165
120 164
121 164
122 164
123 164
124 164
124 163
125 163
126 163
127 163
127 162
128 162
129 162
130 162
131 162
131 161
132 161
133 161
133 162
134 162
135 162
136 162
137 162
138 162
139 162
140 162
141 162
142 162
142 163
143 163
144 163
145 163
146 163
146 164
147 164
148 164
149 164
150 164
151 164
151 165
152 165
153 165
154 165
155 165
156 165
157 165
157 166
158 166
159 166
160 166
161 166
161 167
162 167
163 167
164 167
165 167
166 167
167 167
168 167
169 167
170 167
171 167
172 167
173 167
174 167
175 167
176 167
177 167
178 167
179 167
179 166
180 166
181 166
182 166
183 166
183 165
184 165
185 165
186 165
187 165
187 164
188 164
189 164
190 164
191 164
191 163
192 163
193 163
193 162
194 162
195 162
195 161
196 161
197 161
197 160
198 160
199 160
199 159
200 159
201 159
201 158
202 158
203 158
204 158
204 157
205 157
206 157
207 157
208 157
209 157
210 157
210 158
211 158
212 158
213 158
214 158
215 158
216 158
217 158
218 158
219 158
219 157
220 157
221 157
222 157
223 157
223 158
223 159
223 160
223 161
224 161
225 161
226 161
227 161
228 161
229 161
230 161
231 161
232 161
233 161
234 161
234 162
234 163
234 164
235 164
235 165
235 166
235 167
235 168
236 168
236 169
236 170
236 171
237 171
237 172
237 173
237 174
238 174
238 175
239 175
240 175
241 175
241 176
242 176
243 176
244 176
245 176
246 176
247 176
248 176
249 176
250 176
251 176
252 176
252 175
253 175
254 175
254 174
255 174
255 173
256 173
257 173
258 173
258 172
259 172
260 172
261 172
261 171
262 171
263 171
263 170
264 170
264 169
265 169
266 169
267 169
268 169
269 169
270 169
271 169
272 169
273 169
274 169
274 170
275 170
276 170
276 169
277 169
277 168
277 167
276 167
275 167
274 167
274 166
273 166
272 166
272 165
271 165
271 164
270 164
270 163
271 163
271 162
271 161
271 160
271 159
272 159
272 158
273 158
274 158
274 157
275 157
276 157
276 156
277 156
277 155
277 154
277 153
278 153
279 153
280 153
281 153
282 153
282 152
282 151
282 150
283 150
283 149
284 149
284 148
284 147
285 147
286 147
287 147
288 147
288 146
289 146
290 146
291 146
291 147
292 147
293 147
294 147
294 146
294 145
293 145
293 144
293 143
294 143
295 143
296 143
296 144
297 144
298 144
298 143
298 142
299 142
300 142
301 142
301 141
301 140
301 139
302 139
303 139
304 139
304 138
305 138
306 138
307 138
308 138
309 138
310 138
311 138
312 138
313 138
314 138
314 137
314 136
313 136
313 135
313 134
314 134
314 133
314 132
314 131
315 131
316 131
317 131
318 131
318 130
319 130
320 130
320 129
321 129
322 129
323 129
323 128
323 127
324 127
325 127
326 127
327 127
327 126
328 126
329 126
329 127
330 127
331 127
332 127
333 127
333 128
334 128
335 128
335 129
336 129
336 130
337 130
337 131
338 131
338 132
339 132
339 133
340 133
340 134
341 134
341 135
341 136
341 137
341 138
341 139
341 140
341 141
341 142
342 142
343 142
344 142
344 141
344 140
344 139
344 138
344 137
344 136
344 135
344 134
345 134
346 134
347 134
347 133
347 132
348 132
349 132
349 131
350 131
350 130
351 130
352 130
353 130
353 131
354 131
355 131
356 131
357 131
357 130
357 129
357 128
357 127
357 126
358 126
358 125
358 124
358 123
358 122
358 121
357 121
357 120
357 119
357 118
356 118
356 117
356 116
355 116
355 115
355 114
354 114
354 113
354 112
353 112
353 111
353 110
353 109
353 108
352 108
352 107
351 107
351 106
350 106
349 106
349 105
348 105
348 104
347 104
347 103
346 103
346 102
346 101
346 100
346 99
345 99
345 98
344 98
344 97
344 96
344 95
344 94
344 93
344 92
344 91
343 91
343 90
343 89
342 89
342 88
341 88
341 87
341 86
341 85
341 84
341 83
341 82
341 81
340 81
340 80
340 79
340 78
340 77
340 76
339 76
339 75
339 74
339 73
339 72
339 71
339 70
340 70
340 69
340 68
340 67
340 66
340 65
340 64
340 63
340 62
340 61
339 61
339 60
339 59
339 58
339 57
338 57
338 56
338 55
338 54
338 53
338 52
338 51
339 51
339 50
339 49
339 48
338 48
338 47
338 46
338 45
338 44
337 44
337 43
337 42
338 42
339 42
339 41
339 40
339 39
340 39
340 38
341 38
342 38
342 39
342 40
342 41
342 42
343 42
343 43
344 43
345 43
345 42
346 42
347 42
347 41
347 40
347 39
346 39
346 38
346 37
346 36
345 36
345 35
345 34
344 34
343 34
343 33
343 32
343 31
344 31
344 30
345 30
346 30
346 29
347 29
348 29
348 28
348 27
348 26
347 26
346 26
345 26
344 26
344 25
343 25
342 25
341 25
340 25
339 25
338 25
338 24
337 24
337 23
337 22
337 21
337 20
337 19
337 18
337 17
337 16
336 16
336 15
336 14
336 13
336 12
336 11
337 11
337 10
337 9
337 8
338 8
338 7
338 6
338 5
337 5
337 4
337 3
338 3
339 3
340 3
341 3
341 2
341 1
-10 -10
