-3 -3
387 59
386 59
385 59
384 59
383 59
383 58
382 58
382 57
381 57
380 57
379 57
379 58
379 59
378 59
377 59
376 59
376 58
375 58
374 58
374 57
374 56
374 55
373 55
372 55
372 54
371 54
370 54
370 53
369 53
369 52
368 52
368 51
367 51
366 51
365 51
365 50
364 50
363 50
362 50
362 49
361 49
361 48
361 47
360 47
360 46
359 46
359 45
358 45
357 45
357 46
356 46
355 46
355 45
355 44
354 44
353 44
353 45
352 45
351 45
350 45
349 45
349 46
349 47
348 47
347 47
346 47
345 47
345 46
344 46
344 47
344 48
343 48
342 48
342 49
341 49
340 49
339 49
338 49
338 50
337 50
337 51
336 51
336 52
335 52
334 52
334 51
333 51
332 51
332 50
331 50
330 50
330 51
329 51
328 51
327 51
326 51
325 51
324 51
323 51
322 51
321 51
320 51
320 50
319 50
318 50
317 50
316 50
316 49
315 49
315 48
314 48
313 48
312 48
311 48
310 48
310 49
309 49
308 49
307 49
306 49
305 49
304 49
303 49
302 49
301 49
300 49
300 50
299 50
299 51
299 52
299 53
298 53
297 53
296 53
295 53
295 54
294 54
293 54
293 55
292 55
291 55
290 55
289 55
289 54
288 54
288 53
287 53
286 53
286 54
285 54
285 55
285 56
284 56
283 56
283 57
282 57
282 58
281 58
280 58
279 58
279 57
278 57
277 57
276 57
276 58
275 58
275 59
274 59
274 60
273 60
272 60
272 61
271 61
270 61
269 61
268 61
267 61
266 61
266 62
265 62
264 62
264 61
263 61
262 61
261 61
260 61
260 60
259 60
258 60
257 60
257 59
256 59
256 58
255 58
255 57
254 57
254 56
253 56
252 56
251 56
250 56
250 57
250 58
249 58
248 58
247 58
247 59
246 59
245 59
244 59
244 58
243 58
242 58
241 58
241 57
240 57
240 56
239 56
239 55
238 55
237 55
236 55
236 54
235 54
234 54
234 53
234 52
233 52
232 52
232 53
231 53
230 53
229 53
228 53
228 54
227 54
226 54
225 54
225 53
224 53
223 53
222 53
221 53
221 54
221 55
222 55
223 55
223 56
224 56
224 57
224 58
224 59
224 60
223 60
222 60
221 60
220 60
219 60
218 60
218 61
217 61
216 61
215 61
214 61
213 61
213 62
212 62
211 62
210 62
210 63
210 64
210 65
210 66
210 67
211 67
211 68
211 69
212 69
212 70
212 71
213 71
213 72
214 72
214 73
214 74
213 74
213 75
212 75
211 75
211 76
210 76
209 76
209 77
208 77
207 77
206 77
205 77
204 77
203 77
202 77
201 77
200 77
200 78
199 78
198 78
197 78
197 79
196 79
195 79
194 79
194 78
193 78
192 78
192 77
191 77
190 77
190 76
189 76
188 76
187 76
186 76
185 76
184 76
183 76
182 76
182 75
181 75
181 74
181 73
181 72
180 72
180 71
179 71
179 70
178 70
178 69
177 69
177 70
177 71
176 71
176 72
175 72
175 73
174 73
173 73
173 72
172 72
171 72
171 73
170 73
170 74
170 75
170 76
170 77
170 78
170 79
170 80
170 81
170 82
170 83
169 83
169 84
168 84
168 85
167 85
167 86
166 86
166 87
165 87
165 88
164 88
163 88
162 88
162 89
161 89
160 89
160 88
159 88
159 87
158 87
158 86
157 86
157 85
157 84
158 84
158 83
158 82
157 82
156 82
156 81
155 81
155 80
154 80
154 79
153 79
153 78
153 77
153 76
153 75
153 74
152 74
152 73
151 73
150 73
149 73
149 72
148 72
147 72
146 72
146 73
146 74
145 74
145 75
145 76
145 77
145 78
145 79
146 79
147 79
148 79
148 80
149 80
150 80
150 81
150 82
151 82
151 83
152 83
152 84
152 85
153 85
153 86
153 87
153 88
152 88
152 89
152 90
152 91
151 91
151 92
150 92
149 92
148 92
147 92
146 92
146 93
145 93
144 93
143 93
143 94
143 95
142 95
141 95
141 96
140 96
139 96
138 96
138 97
137 97
137 98
137 99
137 100
138 100
138 101
138 102
138 103
137 103
136 103
135 103
134 103
134 102
133 102
133 101
132 101
132 100
131 100
131 99
130 99
130 98
129 98
129 97
129 96
128 96
128 95
128 94
127 94
127 93
126 93
126 92
126 91
125 91
125 90
125 89
124 89
124 88
123 88
123 87
123 86
122 86
122 85
122 84
121 84
121 83
120 83
120 82
120 81
119 81
119 80
118 80
118 79
117 79
116 79
116 78
115 78
115 77
114 77
114 76
113 76
113 75
112 75
111 75
111 74
110 74
109 74
109 73
108 73
107 73
107 72
106 72
105 72
104 72
103 72
102 72
101 72
101 73
100 73
99 73
98 73
98 72
98 71
97 71
96 71
95 71
94 71
93 71
93 72
92 72
92 73
91 73
91 74
90 74
90 75
89 75
89 76
88 76
87 76
86 76
85 76
84 76
84 75
83 75
83 74
82 74
81 74
80 74
80 73
79 73
78 73
78 72
77 72
77 71
76 71
76 70
75 70
75 69
74 69
74 68
73 68
73 67
72 67
72 66
71 66
71 65
70 65
70 64
69 64
69 63
68 63
68 62
67 62
67 61
67 60
66 60
66 59
65 59
65 58
64 58
64 57
63 57
63 56
62 56
62 55
61 55
61 54
60 54
59 54
59 53
58 53
58 52
57 52
56 52
56 51
55 51
55 50
54 50
54 49
54 48
53 48
52 48
52 47
51 47
50 47
49 47
49 46
48 46
48 45
47 45
46 45
46 44
45 44
44 44
43 44
42 44
41 44
40 44
39 44
39 45
38 45
38 46
37 46
37 47
36 47
36 48
35 48
35 47
34 47
34 46
33 46
32 46
31 46
31 45
30 45
30 44
30 43
29 43
29 42
28 42
28 41
28 40
27 40
27 39
27 38
27 37
27 36
27 35
27 34
27 33
26 33
26 32
25 32
25 31
24 31
24 30
23 30
22 30
22 29
21 29
21 28
20 28
20 27
20 26
20 25
19 25
19 24
19 23
19 22
19 21
19 20
19 19
19 18
19 17
18 17
18 16
18 15
17 15
17 14
17 13
16 13
16 12
15 12
15 11
14 11
14 10
13 10
13 9
12 9
11 9
11 8
10 8
9 8
9 7
8 7
7 7
6 7
5 7
4 7
3 7
2 7
1 7
-10 -10
