-3 -3
1385 67
1384 67
1384 68
1383 68
1383 69
1382 69
1381 69
1381 70
1380 70
1379 70
1379 71
1378 71
1377 71
1377 72
1376 72
1375 72
1374 72
1373 72
1373 73
1372 73
1371 73
1371 72
1371 71
1371 70
1371 69
1371 68
1370 68
1369 68
1369 69
1369 70
1368 70
1367 70
1367 69
1367 68
1366 68
1366 67
1366 66
1365 66
1364 66
1363 66
1362 66
1362 65
1361 65
1361 64
1360 64
1359 64
1359 63
1358 63
1357 63
1356 63
1355 63
1355 64
1354 64
1354 65
1354 66
1354 67
1353 67
1353 68
1353 69
1352 69
1352 70
1351 70
1351 71
1350 71
1350 72
1349 72
1348 72
1348 71
1347 71
1346 71
1345 71
1344 71
1344 70
1343 70
1342 70
1341 70
1340 70
1339 70
1339 69
1338 69
1337 69
1336 69
1336 68
1335 68
1334 68
1334 67
1333 67
1333 66
1332 66
1332 65
1332 64
1333 64
1334 64
1334 65
1335 65
1336 65
1336 64
1337 64
1338 64
1338 63
1338 62
1338 61
1337 61
1337 60
1336 60
1336 59
1335 59
1335 58
1334 58
1334 57
1334 56
1333 56
1333 55
1332 55
1331 55
1330 55
1329 55
1328 55
1327 55
1327 54
1326 54
1326 53
1326 52
1325 52
1324 52
1323 52
1323 51
1323 50
1322 50
1321 50
1321 51
1321 52
1321 53
1320 53
1319 53
1319 52
1319 51
1319 50
1319 49
1320 49
1320 48
1320 47
1320 46
1319 46
1318 46
1318 47
1317 47
1317 48
1316 48
1315 48
1315 47
1315 46
1314 46
1314 45
1313 45
1312 45
1312 44
1312 43
1312 42
1311 42
1310 42
1310 43
1309 43
1308 43
1308 42
1308 41
1307 41
1306 41
1305 41
1305 40
1304 40
1303 40
1303 39
1302 39
1301 39
1301 38
1300 38
1299 38
1298 38
1297 38
1297 37
1296 37
1295 37
1294 37
1293 37
1293 36
1292 36
1291 36
1290 36
1289 36
1289 35
1288 35
1288 34
1287 34
1286 34
1285 34
1285 33
1284 33
1284 32
1284 31
1283 31
1283 30
1283 29
1282 29
1282 28
1282 27
1282 26
1281 26
1281 25
1280 25
1280 24
1280 23
1279 23
1279 22
1278 22
1278 21
1277 21
1277 20
1277 19
1276 19
1275 19
1275 18
1274 18
1273 18
1272 18
1271 18
1270 18
1269 18
1268 18
1267 18
1266 18
1266 19
1265 19
1264 19
1263 19
1262 19
1261 19
1260 19
1260 20
1259 20
1258 20
1258 19
1258 18
1258 17
1258 16
1257 16
1257 15
1256 15
1256 14
1255 14
1254 14
1254 13
1253 13
1252 13
1251 13
1251 14
1250 14
1250 15
1249 15
1249 16
1248 16
1247 16
1246 16
1245 16
1244 16
1243 16
1242 16
1241 16
1240 16
1239 16
1238 16
1237 16
1236 16
1235 16
1234 16
1234 17
1233 17
1232 17
1232 16
1231 16
1230 16
1230 17
1230 18
1230 19
1231 19
1231 20
1231 21
1231 22
1232 22
1233 22
1233 23
1233 24
1232 24
1231 24
1230 24
1230 23
1229 23
1228 23
1227 23
1227 22
1227 21
1226 21
1226 20
1226 19
1225 19
1224 19
1223 19
1223 20
1222 20
1221 20
1220 20
1220 21
1219 21
1218 21
1217 21
1216 21
1215 21
1214 21
1214 22
1213 22
1213 23
1212 23
1212 24
1211 24
1211 25
1210 25
1210 26
1209 26
1209 27
1208 27
1207 27
1207 26
1206 26
1205 26
1205 25
1204 25
1203 25
1203 26
1203 27
1202 27
1202 28
1202 29
1201 29
1201 30
1200 30
1199 30
1198 30
1197 30
1197 31
1196 31
1196 32
1195 32
1194 32
1194 33
1193 33
1192 33
1192 34
1191 34
1191 35
1190 35
1189 35
1189 36
1188 36
1188 37
1187 37
1186 37
1186 38
1185 38
1184 38
1184 39
1183 39
1183 40
1182 40
1182 41
1182 42
1182 43
1181 43
1180 43
1180 44
1179 44
1178 44
1178 45
1177 45
1176 45
1175 45
1175 44
1175 43
1176 43
1176 42
1176 41
1176 40
1175 40
1174 40
1173 40
1173 39
1173 38
1172 38
1171 38
1170 38
1169 38
1169 39
1168 39
1167 39
1167 38
1166 38
1165 38
1164 38
1164 39
1163 39
1162 39
1162 38
1161 38
1160 38
1159 38
1159 39
1158 39
1157 39
1157 40
1156 40
1155 40
1154 40
1154 41
1153 41
1152 41
1152 40
1151 40
1150 40
1150 41
1149 41
1149 42
1148 42
1147 42
1146 42
1145 42
1144 42
1144 43
1143 43
1142 43
1142 42
1141 42
1140 42
1139 42
1138 42
1137 42
1136 42
1135 42
1134 42
1133 42
1133 41
1132 41
1131 41
1130 41
1130 42
1129 42
1128 42
1127 42
1126 42
1126 41
1125 41
1124 41
1124 40
1123 40
1123 39
1122 39
1121 39
1120 39
1119 39
1119 40
1118 40
1117 40
1117 39
1117 38
1116 38
1116 37
1115 37
1114 37
1113 37
1113 36
1112 36
1111 36
1111 37
1110 37
1109 37
1108 37
1107 37
1106 37
1106 36
1105 36
1104 36
1103 36
1102 36
1102 37
1101 37
1100 37
1100 36
1100 35
1100 34
1100 33
1099 33
1098 33
1097 33
1097 32
1097 31
1096 31
1096 30
1095 30
1095 29
1094 29
1093 29
1092 29
1091 29
1091 28
1090 28
1089 28
1088 28
1087 28
1087 27
1086 27
1085 27
1084 27
1083 27
1083 28
1082 28
1081 28
1081 27
1080 27
1079 27
1078 27
1078 28
1078 29
1077 29
1077 30
1077 31
1076 31
1075 31
1074 31
1073 31
1073 32
1073 33
1072 33
1071 33
1070 33
1070 32
1069 32
1068 32
1067 32
1067 33
1066 33
1066 34
1065 34
1064 34
1064 33
1064 32
1063 32
1063 31
1062 31
1061 31
1060 31
1059 31
1058 31
1058 32
1057 32
1056 32
1055 32
1055 33
1054 33
1053 33
1052 33
1052 34
1051 34
1050 34
1050 33
1049 33
1048 33
1047 33
1046 33
1045 33
1044 33
1043 33
1043 32
1042 32
1041 32
1040 32
1039 32
1038 32
1037 32
1037 33
1036 33
1036 34
1035 34
1034 34
1034 35
1033 35
1032 35
1032 36
1032 37
1032 38
1033 38
1033 39
1033 40
1032 40
1032 41
1032 42
1033 42
1033 43
1033 44
1032 44
1032 45
1032 46
1031 46
1031 47
1031 48
1030 48
1030 49
1030 50
1029 50
1028 50
1028 49
1027 49
1027 48
1026 48
1025 48
1025 47
1024 47
1024 46
1023 46
1023 45
1022 45
1021 45
1021 46
1021 47
1021 48
1021 49
1020 49
1020 48
1019 48
1019 47
1018 47
1017 47
1016 47
1016 48
1016 49
1016 50
1016 51
1015 51
1015 52
1014 52
1014 51
1013 51
1012 51
1011 51
1010 51
1009 51
1009 52
1009 53
1009 54
1009 55
1008 55
1007 55
1006 55
1006 56
1006 57
1005 57
1004 57
1004 58
1003 58
1002 58
1001 58
1000 58
999 58
999 57
998 57
997 57
997 58
996 58
995 58
995 57
995 56
994 56
993 56
993 55
992 55
992 54
992 53
991 53
991 52
991 51
990 51
990 50
989 50
989 49
988 49
988 48
987 48
987 47
986 47
986 46
985 46
984 46
983 46
982 46
982 47
981 47
980 47
979 47
979 48
978 48
978 49
978 50
978 51
978 52
978 53
978 54
977 54
977 55
977 56
977 57
976 57
976 58
976 59
975 59
975 60
974 60
973 60
973 61
972 61
972 62
971 62
970 62
969 62
969 63
968 63
968 64
967 64
967 65
966 65
965 65
964 65
963 65
963 66
962 66
962 67
961 67
960 67
960 66
959 66
958 66
958 67
957 67
956 67
955 67
954 67
954 66
953 66
953 65
952 65
951 65
951 64
950 64
950 63
949 63
948 63
948 64
948 65
948 66
947 66
946 66
946 65
945 65
944 65
943 65
943 64
942 64
941 64
941 65
941 66
940 66
939 66
939 67
938 67
938 68
938 69
937 69
937 70
936 70
935 70
935 71
934 71
933 71
933 72
933 73
933 74
932 74
931 74
931 75
930 75
929 75
929 76
928 76
927 76
926 76
925 76
925 77
924 77
924 78
923 78
923 79
922 79
921 79
920 79
919 79
918 79
917 79
917 80
916 80
915 80
914 80
914 79
913 79
912 79
911 79
911 80
910 80
910 81
909 81
909 82
908 82
907 82
907 81
907 80
907 79
907 78
906 78
905 78
904 78
903 78
902 78
902 79
902 80
901 80
901 81
901 82
900 82
900 83
899 83
898 83
897 83
897 82
896 82
896 81
895 81
895 80
894 80
894 79
893 79
892 79
892 78
891 78
890 78
889 78
889 79
888 79
887 79
886 79
886 80
885 80
884 80
883 80
883 79
882 79
881 79
880 79
879 79
879 78
879 77
878 77
877 77
877 76
876 76
876 75
875 75
874 75
873 75
873 76
873 77
872 77
871 77
871 78
870 78
869 78
868 78
868 77
868 76
867 76
867 75
866 75
866 74
865 74
865 73
865 72
864 72
864 71
863 71
863 70
862 70
862 69
861 69
861 68
860 68
860 67
859 67
858 67
858 66
858 65
857 65
857 64
857 63
856 63
856 62
855 62
855 61
854 61
854 60
853 60
853 59
852 59
851 59
850 59
849 59
848 59
848 60
847 60
846 60
845 60
845 59
844 59
843 59
843 58
842 58
841 58
841 57
840 57
839 57
838 57
837 57
837 56
836 56
835 56
835 57
834 57
833 57
833 58
833 59
833 60
833 61
834 61
834 62
834 63
834 64
835 64
835 65
835 66
835 67
834 67
834 68
834 69
833 69
832 69
832 68
831 68
830 68
829 68
829 67
829 66
828 66
827 66
827 65
826 65
825 65
824 65
824 66
824 67
824 68
823 68
823 69
823 70
822 70
822 71
821 71
820 71
819 71
818 71
818 72
817 72
816 72
815 72
815 71
814 71
813 71
813 70
812 70
811 70
810 70
809 70
808 70
808 69
807 69
806 69
806 70
805 70
804 70
803 70
802 70
802 69
801 69
801 68
800 68
800 67
800 66
801 66
801 65
802 65
802 64
802 63
801 63
800 63
799 63
799 62
799 61
798 61
797 61
797 60
796 60
795 60
795 59
794 59
793 59
792 59
792 58
792 57
793 57
793 56
793 55
792 55
792 54
791 54
790 54
789 54
789 55
789 56
789 57
788 57
787 57
786 57
786 56
785 56
784 56
783 56
782 56
782 55
781 55
781 54
781 53
781 52
781 51
782 51
782 50
782 49
782 48
781 48
780 48
780 49
779 49
779 50
778 50
778 51
777 51
776 51
776 52
775 52
774 52
773 52
773 51
773 50
773 49
772 49
772 48
772 47
772 46
773 46
773 45
773 44
773 43
773 42
773 41
774 41
775 41
775 40
776 40
776 39
776 38
775 38
774 38
773 38
772 38
772 39
771 39
771 40
770 40
770 41
769 41
769 42
768 42
768 43
767 43
767 44
766 44
765 44
765 45
764 45
764 46
763 46
762 46
762 47
761 47
760 47
759 47
758 47
758 48
757 48
756 48
756 49
755 49
754 49
753 49
752 49
751 49
750 49
749 49
749 50
748 50
748 51
747 51
746 51
745 51
744 51
743 51
742 51
741 51
741 50
740 50
739 50
738 50
737 50
736 50
735 50
735 49
734 49
733 49
732 49
732 50
731 50
730 50
729 50
728 50
727 50
727 49
726 49
725 49
724 49
723 49
723 48
722 48
721 48
720 48
720 49
719 49
719 50
718 50
717 50
717 51
717 52
716 52
716 53
716 54
717 54
717 55
717 56
718 56
718 57
719 57
720 57
721 57
722 57
722 58
723 58
723 59
724 59
724 60
725 60
726 60
727 60
728 60
729 60
729 61
730 61
730 62
731 62
732 62
732 63
732 64
732 65
731 65
730 65
730 64
729 64
729 63
728 63
727 63
727 64
727 65
728 65
728 66
728 67
728 68
729 68
729 69
730 69
730 70
730 71
731 71
731 72
731 73
731 74
732 74
733 74
733 75
733 76
732 76
731 76
730 76
729 76
728 76
728 75
727 75
726 75
726 74
725 74
724 74
723 74
722 74
722 75
721 75
720 75
719 75
719 76
718 76
717 76
716 76
715 76
714 76
714 77
713 77
712 77
711 77
710 77
710 76
709 76
708 76
708 75
707 75
707 74
707 73
706 73
705 73
704 73
704 74
704 75
704 76
705 76
706 76
706 77
706 78
706 79
707 79
707 80
707 81
706 81
705 81
704 81
703 81
702 81
702 82
701 82
700 82
700 81
699 81
698 81
697 81
697 80
696 80
695 80
695 81
694 81
693 81
692 81
691 81
691 82
690 82
689 82
689 83
689 84
688 84
688 85
687 85
686 85
686 84
685 84
685 83
685 82
684 82
683 82
683 83
682 83
682 84
681 84
680 84
680 85
679 85
678 85
678 86
678 87
677 87
677 88
677 89
676 89
676 90
675 90
675 91
675 92
675 93
675 94
675 95
675 96
675 97
675 98
674 98
674 99
674 100
674 101
674 102
675 102
676 102
676 101
677 101
678 101
678 102
678 103
678 104
678 105
678 106
679 106
679 107
680 107
680 108
680 109
680 110
680 111
681 111
681 112
681 113
682 113
682 114
682 115
682 116
683 116
683 117
683 118
684 118
684 119
684 120
685 120
685 121
685 122
686 122
686 123
686 124
687 124
687 125
688 125
688 126
689 126
690 126
691 126
692 126
693 126
693 127
693 128
693 129
692 129
692 130
691 130
691 131
691 132
691 133
690 133
690 134
689 134
689 135
688 135
688 136
687 136
687 137
686 137
685 137
684 137
683 137
683 138
682 138
681 138
680 138
680 139
679 139
678 139
678 140
677 140
676 140
676 141
675 141
674 141
674 142
673 142
672 142
671 142
671 143
670 143
669 143
668 143
667 143
666 143
666 144
665 144
664 144
663 144
662 144
662 145
661 145
660 145
659 145
658 145
657 145
657 144
656 144
655 144
654 144
653 144
653 143
653 142
653 141
654 141
655 141
656 141
657 141
658 141
658 140
659 140
659 139
659 138
659 137
660 137
660 136
660 135
660 134
659 134
659 133
659 132
658 132
658 131
658 130
658 129
657 129
657 128
656 128
655 128
655 129
655 130
655 131
655 132
654 132
654 133
654 134
654 135
653 135
653 136
653 137
652 137
652 138
652 139
651 139
650 139
650 140
649 140
649 141
649 142
649 143
649 144
648 144
647 144
647 143
647 142
647 141
647 140
647 139
647 138
646 138
646 137
646 136
645 136
644 136
643 136
643 137
642 137
642 138
641 138
641 139
640 139
640 140
640 141
640 142
639 142
639 143
639 144
639 145
639 146
638 146
637 146
636 146
635 146
634 146
633 146
632 146
632 147
631 147
631 148
630 148
630 149
629 149
628 149
628 148
628 147
628 146
627 146
626 146
625 146
624 146
623 146
623 147
623 148
624 148
625 148
625 149
624 149
624 150
623 150
623 151
622 151
621 151
620 151
619 151
618 151
617 151
616 151
615 151
615 150
614 150
613 150
613 149
612 149
611 149
611 148
610 148
610 147
609 147
608 147
608 146
607 146
607 145
606 145
605 145
605 144
604 144
603 144
603 143
602 143
601 143
600 143
600 142
599 142
598 142
597 142
596 142
595 142
595 141
594 141
593 141
593 142
592 142
591 142
590 142
589 142
588 142
587 142
586 142
585 142
584 142
583 142
583 143
582 143
581 143
580 143
579 143
578 143
577 143
577 142
576 142
575 142
574 142
573 142
573 141
572 141
571 141
570 141
569 141
569 140
568 140
567 140
566 140
566 139
565 139
564 139
564 138
564 137
564 136
564 135
564 134
563 134
563 133
563 132
563 131
562 131
562 130
562 129
562 128
561 128
561 127
561 126
560 126
560 125
560 124
559 124
559 123
558 123
558 122
557 122
557 121
556 121
556 120
555 120
555 119
554 119
554 118
553 118
553 117
552 117
552 116
551 116
551 115
550 115
550 114
549 114
548 114
547 114
546 114
546 115
545 115
544 115
544 116
544 117
544 118
545 118
545 119
545 120
544 120
544 121
544 122
543 122
543 123
542 123
541 123
541 124
540 124
539 124
539 123
538 123
537 123
537 124
536 124
535 124
535 125
535 126
535 127
534 127
533 127
532 127
531 127
530 127
529 127
528 127
528 126
527 126
527 125
526 125
525 125
524 125
524 126
523 126
522 126
522 125
521 125
520 125
519 125
518 125
518 126
518 127
519 127
519 128
519 129
518 129
517 129
517 130
517 131
517 132
516 132
516 133
516 134
515 134
515 135
515 136
515 137
514 137
513 137
513 138
512 138
511 138
510 138
510 139
510 140
510 141
511 141
511 142
512 142
513 142
514 142
514 143
515 143
516 143
516 144
516 145
515 145
515 146
515 147
515 148
515 149
515 150
515 151
515 152
515 153
515 154
515 155
515 156
516 156
516 157
516 158
516 159
517 159
517 160
518 160
518 161
518 162
517 162
517 163
517 164
516 164
516 165
516 166
515 166
515 167
514 167
514 168
514 169
513 169
513 170
512 170
512 171
511 171
510 171
510 172
510 173
509 173
509 174
508 174
508 175
507 175
507 176
506 176
506 177
505 177
505 178
504 178
504 179
503 179
503 180
502 180
502 181
501 181
501 182
500 182
500 183
499 183
499 184
498 184
498 185
497 185
497 186
496 186
496 187
495 187
494 187
494 186
494 185
493 185
492 185
491 185
490 185
490 186
490 187
489 187
488 187
488 186
488 185
487 185
486 185
485 185
485 186
485 187
485 188
485 189
485 190
484 190
483 190
482 190
481 190
481 191
481 192
480 192
480 191
479 191
478 191
477 191
477 190
478 190
478 189
479 189
480 189
480 188
480 187
481 187
481 186
481 185
481 184
481 183
481 182
481 181
481 180
480 180
480 179
480 178
479 178
478 178
478 179
477 179
477 180
477 181
477 182
476 182
476 183
476 184
476 185
476 186
476 187
475 187
474 187
474 186
474 185
473 185
473 184
472 184
472 183
471 183
470 183
470 182
469 182
469 181
468 181
468 180
467 180
467 179
467 178
466 178
466 177
466 176
466 175
467 175
468 175
468 174
469 174
469 173
469 172
470 172
470 171
471 171
471 170
471 169
472 169
472 168
473 168
473 167
474 167
474 166
474 165
474 164
475 164
475 163
475 162
474 162
474 161
474 160
474 159
473 159
472 159
471 159
471 160
471 161
470 161
470 162
470 163
469 163
469 164
468 164
468 165
468 166
467 166
466 166
466 165
465 165
465 164
464 164
464 163
463 163
462 163
461 163
461 162
460 162
459 162
459 161
459 160
459 159
458 159
458 158
458 157
457 157
457 156
457 155
456 155
456 154
455 154
455 153
454 153
454 152
454 151
453 151
452 151
452 150
451 150
450 150
449 150
449 149
449 148
450 148
450 147
450 146
450 145
450 144
451 144
451 143
451 142
451 141
451 140
451 139
452 139
452 138
452 137
452 136
452 135
452 134
451 134
451 133
451 132
450 132
449 132
449 131
449 130
448 130
448 129
447 129
447 128
446 128
446 127
445 127
444 127
444 126
444 125
444 124
444 123
443 123
443 122
442 122
441 122
441 123
441 124
440 124
440 125
440 126
440 127
439 127
439 128
438 128
437 128
436 128
436 127
436 126
435 126
434 126
434 125
433 125
432 125
431 125
430 125
429 125
428 125
427 125
426 125
425 125
424 125
423 125
423 124
423 123
422 123
422 122
422 121
421 121
420 121
420 120
419 120
419 119
418 119
417 119
417 120
416 120
416 121
416 122
416 123
417 123
417 124
418 124
419 124
419 125
419 126
419 127
419 128
420 128
420 129
420 130
420 131
419 131
418 131
418 132
417 132
416 132
416 133
416 134
416 135
416 136
417 136
417 137
417 138
418 138
418 139
418 140
417 140
416 140
416 139
415 139
414 139
414 140
413 140
413 141
413 142
413 143
414 143
415 143
416 143
416 144
416 145
416 146
416 147
415 147
415 148
415 149
415 150
415 151
414 151
413 151
413 152
413 153
414 153
415 153
415 154
416 154
417 154
418 154
419 154
420 154
421 154
422 154
422 155
423 155
424 155
425 155
425 154
426 154
426 153
427 153
428 153
428 154
428 155
429 155
429 156
429 157
430 157
430 158
430 159
431 159
432 159
433 159
433 158
434 158
435 158
435 159
435 160
435 161
435 162
435 163
435 164
435 165
436 165
437 165
438 165
439 165
439 166
439 167
439 168
440 168
440 169
440 170
441 170
442 170
443 170
444 170
444 171
444 172
445 172
445 173
446 173
446 174
447 174
447 175
448 175
448 176
449 176
449 177
449 178
449 179
449 180
449 181
449 182
449 183
449 184
449 185
448 185
448 186
448 187
447 187
447 188
447 189
446 189
446 190
446 191
445 191
445 192
445 193
445 194
445 195
445 196
445 197
445 198
445 199
444 199
444 200
444 201
443 201
442 201
441 201
440 201
440 202
439 202
438 202
437 202
436 202
435 202
435 203
434 203
433 203
433 204
433 205
432 205
431 205
430 205
429 205
428 205
427 205
427 204
426 204
425 204
425 203
424 203
423 203
422 203
422 204
421 204
421 205
421 206
420 206
420 207
420 208
420 209
419 209
418 209
418 208
417 208
417 207
417 206
417 205
417 204
417 203
417 202
416 202
415 202
414 202
414 201
414 200
413 200
412 200
411 200
411 201
411 202
411 203
411 204
412 204
412 205
412 206
412 207
411 207
411 208
411 209
410 209
409 209
409 210
409 211
408 211
407 211
407 212
407 213
408 213
408 214
408 215
407 215
407 216
406 216
405 216
404 216
403 216
403 217
402 217
402 218
401 218
401 219
400 219
399 219
398 219
398 220
397 220
396 220
395 220
395 221
394 221
393 221
393 220
392 220
392 219
391 219
390 219
389 219
389 220
388 220
387 220
386 220
386 221
385 221
385 222
384 222
384 223
384 224
383 224
383 225
383 226
382 226
381 226
380 226
379 226
378 226
378 227
377 227
376 227
376 228
376 229
375 229
375 230
375 231
374 231
374 232
374 233
374 234
374 235
374 236
373 236
372 236
372 237
372 238
373 238
373 239
374 239
375 239
375 240
376 240
377 240
377 241
378 241
378 242
379 242
379 243
380 243
380 244
381 244
381 245
382 245
383 245
383 244
384 244
384 243
385 243
385 242
386 242
386 241
387 241
388 241
388 242
388 243
387 243
387 244
386 244
386 245
385 245
385 246
384 246
384 247
383 247
382 247
382 248
381 248
381 249
380 249
379 249
379 248
379 247
379 246
378 246
378 245
378 244
377 244
377 243
376 243
376 242
375 242
374 242
374 241
373 241
372 241
372 240
371 240
370 240
370 239
369 239
369 238
368 238
368 237
367 237
366 237
366 236
365 236
365 235
364 235
364 234
363 234
362 234
362 233
361 233
361 232
360 232
360 231
359 231
359 230
358 230
358 229
357 229
357 228
356 228
356 227
356 226
355 226
355 225
354 225
354 224
354 223
353 223
353 222
352 222
352 221
351 221
351 220
350 220
350 219
349 219
349 218
349 217
348 217
348 216
348 215
347 215
347 214
346 214
346 213
346 212
345 212
345 211
345 210
344 210
344 209
344 208
343 208
343 207
342 207
342 206
342 205
341 205
341 204
340 204
340 203
340 202
339 202
339 201
339 200
339 199
338 199
338 198
338 197
337 197
337 196
337 195
336 195
336 194
335 194
335 193
335 192
334 192
334 191
334 190
333 190
333 189
333 188
332 188
332 187
332 186
331 186
331 185
330 185
330 184
330 183
329 183
329 182
329 181
328 181
328 180
328 179
327 179
327 178
327 177
326 177
326 176
325 176
325 175
324 175
324 174
324 173
323 173
323 172
322 172
322 171
322 170
321 170
321 169
320 169
320 168
320 167
319 167
319 166
318 166
318 165
317 165
317 164
316 164
316 163
315 163
315 162
314 162
314 161
313 161
313 160
312 160
312 159
312 158
311 158
311 157
310 157
310 156
309 156
309 155
308 155
308 154
307 154
307 153
306 153
306 152
305 152
305 151
304 151
303 151
303 150
302 150
302 149
301 149
301 148
300 148
300 147
299 147
299 146
298 146
297 146
297 145
296 145
296 144
295 144
295 143
294 143
293 143
293 142
292 142
292 141
291 141
291 140
290 140
290 139
289 139
289 138
288 138
287 138
287 137
286 137
285 137
285 136
284 136
284 135
283 135
283 134
282 134
281 134
281 133
280 133
279 133
279 132
278 132
277 132
276 132
276 131
275 131
274 131
274 130
273 130
272 130
272 129
271 129
270 129
270 128
269 128
268 128
267 128
267 127
266 127
266 126
265 126
264 126
263 126
262 126
262 125
261 125
260 125
259 125
258 125
258 124
257 124
256 124
255 124
254 124
253 124
252 124
251 124
250 124
249 124
248 124
247 124
246 124
246 125
245 125
244 125
243 125
242 125
242 126
241 126
240 126
239 126
239 127
238 127
237 127
237 128
236 128
235 128
234 128
234 129
233 129
232 129
232 130
231 130
230 130
230 129
230 128
231 128
231 127
232 127
233 127
233 126
234 126
235 126
236 126
236 125
237 125
238 125
238 124
239 124
240 124
241 124
241 123
241 122
240 122
240 121
239 121
239 120
238 120
237 120
236 120
236 121
236 122
235 122
234 122
234 121
233 121
232 121
232 120
231 120
231 119
230 119
229 119
228 119
228 120
227 120
226 120
226 119
225 119
224 119
223 119
223 118
222 118
221 118
220 118
219 118
218 118
217 118
216 118
215 118
214 118
213 118
212 118
211 118
211 119
210 119
209 119
208 119
208 120
207 120
206 120
205 120
204 120
203 120
202 120
202 121
201 121
200 121
200 122
199 122
198 122
198 123
197 123
196 123
195 123
195 124
194 124
194 125
193 125
193 126
192 126
191 126
191 127
190 127
189 127
189 128
188 128
187 128
187 129
186 129
186 130
186 131
185 131
185 132
185 133
184 133
184 134
184 135
184 136
184 137
185 137
185 138
186 138
186 139
186 140
185 140
184 140
183 140
183 139
182 139
181 139
180 139
179 139
179 138
178 138
177 138
177 137
176 137
175 137
174 137
174 136
173 136
172 136
172 135
171 135
170 135
170 134
169 134
168 134
167 134
167 133
166 133
165 133
165 132
164 132
163 132
162 132
162 131
161 131
160 131
160 130
159 130
158 130
158 129
157 129
156 129
156 128
155 128
154 128
153 128
153 127
152 127
151 127
151 126
150 126
150 125
149 125
148 125
148 124
147 124
147 123
146 123
146 122
145 122
145 121
144 121
144 120
143 120
143 119
142 119
142 118
141 118
141 117
140 117
140 116
140 115
139 115
139 114
138 114
138 113
137 113
137 112
136 112
136 111
135 111
135 110
134 110
134 109
133 109
133 108
132 108
132 107
131 107
130 107
130 106
129 106
129 105
128 105
128 104
127 104
127 103
126 103
126 102
125 102
125 101
124 101
124 100
124 99
123 99
123 98
122 98
122 97
121 97
121 96
120 96
120 95
119 95
119 94
119 93
118 93
118 92
117 92
117 91
116 91
116 90
115 90
115 89
114 89
114 88
113 88
113 87
112 87
112 86
111 86
111 85
111 84
110 84
110 83
109 83
109 82
108 82
108 81
107 81
107 80
106 80
106 79
106 78
105 78
105 77
104 77
104 76
103 76
103 75
102 75
102 74
101 74
101 73
100 73
100 72
99 72
99 71
98 71
98 70
97 70
97 69
96 69
96 68
95 68
95 67
94 67
94 66
93 66
93 65
92 65
92 64
91 64
91 63
90 63
90 62
89 62
89 61
88 61
88 60
87 60
87 59
86 59
86 58
85 58
85 57
84 57
83 57
83 56
82 56
82 55
81 55
81 54
80 54
80 53
79 53
79 52
78 52
78 51
77 51
77 50
76 50
75 50
75 49
74 49
74 48
73 48
72 48
72 47
71 47
71 46
70 46
70 45
69 45
68 45
68 44
67 44
67 43
66 43
65 43
65 42
64 42
63 42
63 41
62 41
61 41
61 40
60 40
59 40
59 39
58 39
58 38
57 38
57 37
56 37
55 37
55 36
55 35
56 35
57 35
57 34
57 33
56 33
56 32
55 32
55 31
54 31
54 30
53 30
52 30
52 29
51 29
51 28
50 28
49 28
49 27
48 27
47 27
46 27
46 26
45 26
44 26
44 25
43 25
42 25
41 25
40 25
40 26
40 27
39 27
38 27
38 26
38 25
37 25
37 24
36 24
36 23
35 23
34 23
34 22
33 22
33 21
32 21
32 20
32 19
31 19
30 19
30 18
29 18
28 18
27 18
27 17
26 17
25 17
25 16
24 16
24 15
23 15
22 15
22 14
21 14
21 13
20 13
19 13
18 13
17 13
17 12
16 12
16 11
15 11
14 11
13 11
13 12
12 12
11 12
11 11
10 11
9 11
8 11
7 11
6 11
5 11
4 11
3 11
2 11
1 11
-10 -10
