-1 -1
206 116
207 116
207 115
208 115
209 115
209 116
208 116
207 116
207 117
206 117
206 116
-1 -1
210 112
211 112
211 111
212 111
212 112
211 112
211 113
211 114
210 114
210 113
210 112
-1 -1
219 73
220 73
221 73
221 72
222 72
223 72
223 73
223 74
223 75
223 76
223 77
222 77
222 76
221 76
221 75
220 75
219 75
219 74
219 73
-1 -1
222 80
223 80
223 79
224 79
224 80
224 81
224 82
223 82
223 81
222 81
222 80
-1 -1
223 105
224 105
225 105
225 104
226 104
227 104
227 103
228 103
229 103
229 104
228 104
227 104
227 105
226 105
225 105
225 106
224 106
223 106
223 105
-1 -1
236 99
237 99
238 99
239 99
239 98
240 98
240 99
239 99
239 100
238 100
237 100
236 100
236 99
-1 -1
359 38
360 38
361 38
361 37
362 37
362 38
361 38
361 39
360 39
359 39
359 38
-1 -1
434 43
435 43
436 43
437 43
437 42
438 42
439 42
439 43
438 43
437 43
437 44
436 44
435 44
434 44
434 43
-1 -1
444 44
445 44
446 44
446 43
447 43
448 43
449 43
450 43
451 43
452 43
453 43
453 44
452 44
451 44
450 44
449 44
448 44
447 44
447 45
446 45
445 45
444 45
444 44
-1 -1
460 41
461 41
462 41
462 40
463 40
464 40
464 39
465 39
465 38
466 38
467 38
468 38
468 37
469 37
470 37
471 37
472 37
473 37
474 37
475 37
475 38
474 38
473 38
472 38
471 38
470 38
469 38
468 38
468 39
467 39
466 39
465 39
465 40
464 40
464 41
463 41
462 41
462 42
461 42
460 42
460 41
-1 -1
481 33
482 33
483 33
483 32
484 32
485 32
485 31
486 31
486 32
485 32
485 33
484 33
483 33
483 34
482 34
481 34
481 33
-1 -1
506 44
507 44
507 43
508 43
508 44
507 44
507 45
506 45
506 44
-1 -1
541 27
542 27
542 28
543 28
544 28
545 28
545 27
546 27
547 27
547 28
546 28
545 28
545 29
544 29
543 29
542 29
542 28
541 28
541 27
-1 -1
560 22
561 22
562 22
563 22
564 22
564 23
563 23
562 23
561 23
560 23
560 22
-1 -1
576 21
577 21
578 21
579 21
580 21
581 21
581 20
582 20
582 21
583 21
584 21
584 20
585 20
586 20
586 21
585 21
584 21
584 22
583 22
582 22
581 22
580 22
579 22
578 22
577 22
576 22
576 21
-1 -1
684 35
685 35
685 36
686 36
687 36
688 36
688 37
687 37
686 37
685 37
685 36
684 36
684 35
-3 -3
689 33
688 33
687 33
687 32
686 32
685 32
685 31
685 30
684 30
683 30
682 30
682 29
681 29
681 28
680 28
679 28
679 29
679 30
678 30
678 31
678 32
679 32
680 32
681 32
681 33
680 33
679 33
678 33
678 34
677 34
676 34
675 34
674 34
674 33
674 32
673 32
672 32
671 32
670 32
670 31
669 31
669 30
668 30
668 29
667 29
666 29
665 29
664 29
663 29
663 28
663 27
662 27
662 26
661 26
661 25
660 25
660 24
661 24
661 25
662 25
662 26
663 26
663 27
664 27
664 28
665 28
666 28
667 28
668 28
669 28
670 28
670 27
669 27
669 26
668 26
668 25
668 24
667 24
666 24
665 24
664 24
663 24
663 23
662 23
661 23
660 23
659 23
659 22
659 21
659 20
658 20
657 20
656 20
656 19
655 19
655 18
655 17
654 17
653 17
652 17
652 18
651 18
651 17
650 17
649 17
649 16
649 15
648 15
647 15
646 15
646 14
645 14
644 14
644 13
643 13
643 12
643 11
642 11
642 10
642 9
641 9
641 8
641 7
640 7
639 7
639 6
638 6
637 6
636 6
635 6
634 6
634 7
633 7
632 7
631 7
631 6
631 5
630 5
630 4
629 4
628 4
627 4
626 4
626 5
625 5
624 5
623 5
622 5
621 5
620 5
619 5
618 5
617 5
617 6
617 7
617 8
618 8
618 9
617 9
616 9
616 8
615 8
615 7
614 7
613 7
612 7
611 7
611 8
610 8
609 8
608 8
608 9
607 9
607 10
606 10
606 11
605 11
605 12
604 12
603 12
602 12
601 12
600 12
600 13
600 14
599 14
598 14
598 15
597 15
597 16
596 16
595 16
595 17
594 17
594 18
593 18
592 18
592 19
591 19
590 19
590 20
589 20
589 19
589 18
589 17
588 17
588 16
587 16
586 16
585 16
584 16
583 16
583 17
582 17
581 17
580 17
579 17
579 18
578 18
577 18
576 18
575 18
574 18
574 19
573 19
572 19
572 18
571 18
570 18
569 18
568 18
567 18
566 18
565 18
564 18
563 18
563 17
562 17
561 17
560 17
560 16
559 16
558 16
557 16
556 16
555 16
554 16
553 16
552 16
552 15
552 14
551 14
550 14
550 13
549 13
549 12
548 12
547 12
546 12
546 11
545 11
544 11
543 11
542 11
541 11
540 11
540 12
540 13
539 13
538 13
538 14
538 15
538 16
538 17
539 17
540 17
540 18
539 18
539 19
538 19
537 19
537 18
537 17
536 17
536 16
536 15
535 15
534 15
534 14
533 14
533 13
532 13
531 13
530 13
530 14
529 14
528 14
527 14
526 14
525 14
524 14
523 14
522 14
521 14
520 14
519 14
519 15
518 15
518 16
518 17
518 18
518 19
518 20
517 20
517 21
517 22
516 22
516 23
515 23
514 23
514 24
513 24
512 24
512 23
511 23
510 23
509 23
509 24
509 25
508 25
507 25
506 25
505 25
505 26
504 26
504 27
503 27
502 27
501 27
500 27
499 27
499 26
498 26
498 25
498 24
497 24
497 23
496 23
496 22
495 22
495 21
494 21
493 21
492 21
491 21
491 22
491 23
491 24
491 25
490 25
490 26
490 27
489 27
489 28
488 28
487 28
487 29
486 29
486 30
485 30
484 30
483 30
483 31
482 31
481 31
480 31
480 32
479 32
479 31
478 31
477 31
476 31
475 31
474 31
474 32
474 33
473 33
472 33
472 32
471 32
470 32
470 33
469 33
469 34
468 34
468 35
467 35
467 36
466 36
465 36
464 36
464 37
463 37
463 38
462 38
461 38
460 38
459 38
458 38
457 38
456 38
456 39
455 39
455 38
454 38
453 38
452 38
452 39
451 39
451 40
450 40
450 39
449 39
449 38
448 38
448 37
447 37
446 37
446 38
445 38
444 38
443 38
443 37
442 37
441 37
440 37
440 36
439 36
438 36
437 36
437 37
436 37
435 37
435 36
434 36
434 35
434 34
433 34
433 33
432 33
432 32
431 32
431 31
430 31
430 30
429 30
429 29
429 28
428 28
427 28
426 28
425 28
424 28
423 28
423 29
422 29
421 29
421 28
420 28
419 28
419 29
419 30
419 31
419 32
418 32
418 33
418 34
417 34
417 33
417 32
416 32
416 31
415 31
414 31
414 32
414 33
414 34
413 34
412 34
411 34
410 34
409 34
408 34
408 33
407 33
406 33
405 33
404 33
403 33
402 33
402 32
402 31
402 30
401 30
401 29
400 29
399 29
398 29
397 29
397 28
396 28
396 27
395 27
394 27
394 26
393 26
392 26
392 25
391 25
390 25
389 25
388 25
388 24
388 23
387 23
387 22
388 22
388 21
388 20
388 19
387 19
386 19
386 20
385 20
385 21
384 21
384 22
383 22
382 22
381 22
380 22
380 23
379 23
378 23
377 23
376 23
376 24
375 24
374 24
373 24
372 24
371 24
370 24
369 24
369 23
368 23
367 23
366 23
365 23
364 23
363 23
362 23
361 23
361 24
360 24
360 25
360 26
360 27
361 27
362 27
363 27
363 28
364 28
365 28
366 28
366 29
367 29
367 30
367 31
366 31
366 32
366 33
367 33
367 34
367 35
368 35
368 36
368 37
367 37
366 37
366 36
365 36
364 36
363 36
362 36
361 36
360 36
359 36
359 37
358 37
357 37
356 37
355 37
355 38
355 39
354 39
353 39
352 39
351 39
350 39
349 39
348 39
348 40
347 40
346 40
346 41
345 41
344 41
343 41
342 41
341 41
341 42
340 42
340 43
340 44
339 44
339 45
339 46
339 47
339 48
339 49
340 49
341 49
341 50
341 51
341 52
342 52
342 53
342 54
342 55
343 55
343 56
343 57
344 57
344 58
344 59
344 60
345 60
345 61
346 61
347 61
347 62
348 62
348 63
348 64
347 64
347 65
347 66
346 66
346 67
345 67
344 67
343 67
343 68
342 68
341 68
340 68
340 69
339 69
338 69
338 70
337 70
336 70
335 70
335 71
334 71
333 71
332 71
331 71
330 71
329 71
328 71
327 71
326 71
325 71
324 71
324 72
323 72
323 71
324 71
324 70
325 70
325 69
325 68
325 67
324 67
323 67
323 68
322 68
322 69
322 70
321 70
321 71
321 72
320 72
319 72
318 72
317 72
317 73
316 73
316 74
315 74
314 74
313 74
312 74
311 74
310 74
309 74
308 74
308 73
307 73
307 72
306 72
305 72
305 71
304 71
303 71
303 70
302 70
301 70
300 70
299 70
298 70
297 70
296 70
295 70
294 70
293 70
292 70
291 70
290 70
289 70
288 70
287 70
287 69
286 69
285 69
285 68
284 68
284 67
284 66
283 66
283 65
283 64
283 63
282 63
282 62
282 61
281 61
281 60
280 60
280 59
279 59
279 58
278 58
278 57
277 57
277 56
276 56
275 56
274 56
274 57
274 58
274 59
274 60
273 60
273 61
272 61
272 62
271 62
270 62
269 62
269 63
268 63
267 63
266 63
266 62
265 62
264 62
263 62
262 62
261 62
261 63
261 64
260 64
260 65
260 66
259 66
259 67
259 68
258 68
257 68
257 69
257 70
258 70
259 70
259 71
260 71
260 72
259 72
259 73
259 74
259 75
259 76
259 77
260 77
260 78
260 79
261 79
261 80
261 81
260 81
260 82
260 83
259 83
259 84
258 84
258 85
257 85
257 86
256 86
256 87
255 87
255 88
254 88
254 89
253 89
253 90
252 90
252 91
251 91
250 91
250 92
249 92
248 92
247 92
247 93
246 93
246 92
245 92
244 92
244 93
244 94
244 95
243 95
243 96
242 96
242 97
241 97
241 96
241 95
241 94
241 93
242 93
242 92
242 91
242 90
242 89
241 89
240 89
240 90
240 91
240 92
240 93
239 93
239 92
238 92
238 91
237 91
237 90
236 90
236 89
235 89
235 88
235 87
235 86
236 86
237 86
237 85
238 85
238 84
238 83
239 83
239 82
239 81
239 80
239 79
238 79
237 79
237 80
237 81
236 81
236 82
235 82
235 81
234 81
233 81
233 80
232 80
231 80
231 79
231 78
230 78
230 77
230 76
229 76
229 75
228 75
227 75
227 74
227 73
227 72
227 71
227 70
227 69
227 68
227 67
227 66
227 65
226 65
226 64
225 64
224 64
224 65
223 65
223 64
223 63
222 63
221 63
220 63
220 62
219 62
218 62
217 62
216 62
215 62
214 62
213 62
213 61
213 60
212 60
212 59
211 59
210 59
210 60
210 61
211 61
211 62
211 63
212 63
212 64
212 65
212 66
212 67
211 67
211 68
211 69
210 69
210 70
210 71
210 72
210 73
210 74
209 74
209 75
209 76
210 76
211 76
212 76
213 76
213 77
214 77
215 77
215 76
216 76
216 77
216 78
217 78
218 78
219 78
219 79
220 79
220 80
220 81
220 82
221 82
222 82
222 83
222 84
223 84
224 84
224 85
225 85
225 86
226 86
226 87
226 88
227 88
227 89
227 90
227 91
226 91
226 92
226 93
225 93
225 94
225 95
225 96
225 97
225 98
224 98
224 99
223 99
223 100
222 100
221 100
220 100
219 100
219 101
218 101
218 102
217 102
216 102
215 102
215 101
214 101
213 101
213 102
212 102
212 103
212 104
211 104
211 103
211 102
210 102
210 101
210 100
209 100
208 100
208 101
208 102
208 103
207 103
207 104
207 105
206 105
206 106
206 107
205 107
204 107
204 108
203 108
203 109
202 109
201 109
200 109
200 110
199 110
198 110
198 109
197 109
196 109
196 110
195 110
194 110
194 111
194 112
193 112
192 112
191 112
191 113
190 113
190 114
190 115
189 115
189 116
189 117
189 118
189 119
190 119
191 119
191 120
191 121
192 121
192 122
193 122
194 122
194 121
195 121
195 120
196 120
196 121
195 121
195 122
194 122
194 123
193 123
193 124
192 124
192 123
191 123
191 122
191 121
190 121
190 120
189 120
188 120
188 119
187 119
186 119
186 118
185 118
185 117
184 117
184 116
183 116
183 115
182 115
182 114
181 114
181 113
180 113
180 112
179 112
179 111
179 110
178 110
178 109
177 109
177 108
177 107
176 107
176 106
175 106
175 105
174 105
174 104
174 103
173 103
173 102
173 101
172 101
172 100
172 99
171 99
171 98
171 97
170 97
170 96
169 96
169 95
168 95
168 94
168 93
167 93
167 92
167 91
166 91
166 90
166 89
165 89
165 88
165 87
164 87
164 86
163 86
163 85
163 84
162 84
162 83
161 83
161 82
160 82
160 81
159 81
159 80
158 80
158 79
157 79
157 78
156 78
156 77
155 77
155 76
154 76
154 75
153 75
153 74
152 74
152 73
151 73
151 72
150 72
149 72
149 71
148 71
148 70
147 70
147 69
146 69
145 69
145 68
144 68
144 67
143 67
143 66
142 66
141 66
140 66
140 65
139 65
138 65
138 64
137 64
136 64
136 63
135 63
134 63
133 63
132 63
132 62
131 62
130 62
129 62
128 62
127 62
126 62
125 62
124 62
123 62
122 62
122 63
121 63
120 63
120 64
119 64
118 64
118 65
117 65
117 64
118 64
118 63
119 63
120 63
120 62
121 62
122 62
122 61
122 60
121 60
120 60
120 61
119 61
118 61
118 60
117 60
116 60
115 60
115 59
114 59
113 59
112 59
111 59
110 59
109 59
108 59
107 59
106 59
106 60
105 60
104 60
103 60
102 60
101 60
101 61
100 61
99 61
99 62
98 62
98 63
97 63
97 62
97 61
97 60
98 60
99 60
100 60
100 59
100 58
100 57
99 57
98 57
98 58
97 58
96 58
96 57
95 57
94 57
93 57
92 57
91 57
91 58
90 58
89 58
88 58
88 59
87 59
87 60
87 61
87 62
88 62
89 62
90 62
90 63
91 63
92 63
93 63
94 63
95 63
95 64
95 65
94 65
94 66
94 67
94 68
94 69
95 69
96 69
97 69
97 70
98 70
99 70
100 70
101 70
101 71
102 71
103 71
104 71
105 71
106 71
107 71
107 72
106 72
105 72
104 72
103 72
102 72
101 72
101 71
100 71
99 71
98 71
97 71
97 70
96 70
95 70
94 70
93 70
93 69
92 69
91 69
90 69
90 68
89 68
88 68
88 67
87 67
86 67
86 66
85 66
84 66
83 66
83 65
82 65
81 65
80 65
80 64
79 64
78 64
78 63
77 63
76 63
76 62
75 62
75 61
74 61
74 60
73 60
73 59
72 59
72 58
72 57
71 57
71 56
70 56
70 55
69 55
69 54
68 54
68 53
67 53
67 52
66 52
66 51
65 51
65 50
64 50
64 49
63 49
63 48
62 48
62 47
61 47
61 46
60 46
60 45
59 45
59 44
58 44
58 43
57 43
57 42
56 42
56 41
55 41
55 40
55 39
54 39
54 38
53 38
53 37
52 37
52 36
51 36
51 35
50 35
50 34
49 34
49 33
48 33
48 32
47 32
47 31
46 31
46 30
45 30
45 29
44 29
44 28
43 28
43 27
42 27
41 27
41 26
40 26
40 25
39 25
39 24
38 24
38 23
37 23
36 23
36 22
35 22
35 21
34 21
33 21
33 20
32 20
31 20
31 19
30 19
30 18
29 18
28 18
28 17
27 17
26 17
26 16
25 16
24 16
24 15
23 15
22 15
21 15
21 14
20 14
19 14
18 14
18 13
17 13
16 13
15 13
15 12
14 12
13 12
12 12
12 11
11 11
10 11
9 11
8 11
7 11
6 11
5 11
4 11
4 12
3 12
2 12
1 12
-10 -10
